{"/usr/local/google/home/treshugart/dev/helltool/packages/redux/src/index.ts": {"path":"/usr/local/google/home/treshugart/dev/helltool/packages/redux/src/index.ts","statementMap":{},"fnMap":{},"branchMap":{},"s":{},"f":{},"b":{},"_coverageSchema":"1a1c01bbd47fc00a2c39e90264f33305004495a9","hash":"9cae0bda42f9adc2677e4951d79a70b4e7f516f0"}
,"/usr/local/google/home/treshugart/dev/helltool/packages/redux/src/Store/index.tsx": {"path":"/usr/local/google/home/treshugart/dev/helltool/packages/redux/src/Store/index.tsx","statementMap":{"0":{"start":{"line":17,"column":23},"end":{"line":19,"column":8}},"1":{"start":{"line":18,"column":4},"end":{"line":18,"column":32}},"2":{"start":{"line":20,"column":2},"end":{"line":20,"column":62}},"3":{"start":{"line":25,"column":2},"end":{"line":27,"column":16}},"4":{"start":{"line":26,"column":4},"end":{"line":26,"column":23}},"5":{"start":{"line":28,"column":2},"end":{"line":28,"column":15}},"6":{"start":{"line":35,"column":16},"end":{"line":35,"column":30}},"7":{"start":{"line":36,"column":2},"end":{"line":40,"column":4}}},"fnMap":{"0":{"name":"StoreDefault","decl":{"start":{"line":13,"column":9},"end":{"line":13,"column":21}},"loc":{"start":{"line":16,"column":51},"end":{"line":21,"column":1}},"line":16},"1":{"name":"(anonymous_1)","decl":{"start":{"line":17,"column":31},"end":{"line":17,"column":32}},"loc":{"start":{"line":17,"column":37},"end":{"line":19,"column":3}},"line":17},"2":{"name":"useStoreSafe","decl":{"start":{"line":23,"column":9},"end":{"line":23,"column":21}},"loc":{"start":{"line":23,"column":24},"end":{"line":29,"column":1}},"line":23},"3":{"name":"Store","decl":{"start":{"line":31,"column":16},"end":{"line":31,"column":21}},"loc":{"start":{"line":34,"column":51},"end":{"line":41,"column":1}},"line":34}},"branchMap":{"0":{"loc":{"start":{"line":36,"column":9},"end":{"line":40,"column":3}},"type":"cond-expr","locations":[{"start":{"line":37,"column":4},"end":{"line":37,"column":19}},{"start":{"line":39,"column":4},"end":{"line":39,"column":56}}],"line":36}},"s":{"0":10,"1":10,"2":10,"3":11,"4":11,"5":11,"6":11,"7":11},"f":{"0":10,"1":10,"2":11,"3":11},"b":{"0":[1,10]},"_coverageSchema":"1a1c01bbd47fc00a2c39e90264f33305004495a9","hash":"1868f29f1e9c302be5bf752aab13c1b3c2b8dadd"}
,"/usr/local/google/home/treshugart/dev/helltool/packages/redux/src/createFetchHooks/index.ts": {"path":"/usr/local/google/home/treshugart/dev/helltool/packages/redux/src/createFetchHooks/index.ts","statementMap":{"0":{"start":{"line":40,"column":2},"end":{"line":42,"column":74}},"1":{"start":{"line":46,"column":2},"end":{"line":46,"column":70}},"2":{"start":{"line":56,"column":2},"end":{"line":76,"column":4}},"3":{"start":{"line":57,"column":24},"end":{"line":57,"column":48}},"4":{"start":{"line":58,"column":4},"end":{"line":74,"column":5}},"5":{"start":{"line":59,"column":41},"end":{"line":59,"column":62}},"6":{"start":{"line":60,"column":6},"end":{"line":60,"column":66}},"7":{"start":{"line":62,"column":6},"end":{"line":73,"column":7}},"8":{"start":{"line":63,"column":8},"end":{"line":63,"column":58}},"9":{"start":{"line":64,"column":13},"end":{"line":73,"column":7}},"10":{"start":{"line":67,"column":8},"end":{"line":72,"column":10}},"11":{"start":{"line":75,"column":4},"end":{"line":75,"column":52}},"12":{"start":{"line":82,"column":2},"end":{"line":89,"column":4}},"13":{"start":{"line":92,"column":32},"end":{"line":172,"column":1}},"14":{"start":{"line":95,"column":16},"end":{"line":138,"column":4}},"15":{"start":{"line":99,"column":35},"end":{"line":107,"column":7}},"16":{"start":{"line":108,"column":35},"end":{"line":114,"column":7}},"17":{"start":{"line":115,"column":33},"end":{"line":122,"column":7}},"18":{"start":{"line":123,"column":35},"end":{"line":129,"column":7}},"19":{"start":{"line":130,"column":35},"end":{"line":136,"column":7}},"20":{"start":{"line":140,"column":16},"end":{"line":148,"column":4}},"21":{"start":{"line":142,"column":6},"end":{"line":145,"column":8}},"22":{"start":{"line":151,"column":32},"end":{"line":151,"column":71}},"23":{"start":{"line":152,"column":16},"end":{"line":152,"column":53}},"24":{"start":{"line":153,"column":29},"end":{"line":153,"column":45}},"25":{"start":{"line":154,"column":4},"end":{"line":165,"column":15}},"26":{"start":{"line":161,"column":10},"end":{"line":161,"column":46}},"27":{"start":{"line":162,"column":10},"end":{"line":162,"column":39}},"28":{"start":{"line":168,"column":2},"end":{"line":171,"column":4}}},"fnMap":{"0":{"name":"readError","decl":{"start":{"line":39,"column":16},"end":{"line":39,"column":25}},"loc":{"start":{"line":39,"column":38},"end":{"line":43,"column":1}},"line":39},"1":{"name":"toString","decl":{"start":{"line":45,"column":9},"end":{"line":45,"column":17}},"loc":{"start":{"line":45,"column":40},"end":{"line":47,"column":1}},"line":45},"2":{"name":"handleRequest","decl":{"start":{"line":49,"column":9},"end":{"line":49,"column":22}},"loc":{"start":{"line":55,"column":3},"end":{"line":77,"column":1}},"line":55},"3":{"name":"(anonymous_3)","decl":{"start":{"line":56,"column":9},"end":{"line":56,"column":10}},"loc":{"start":{"line":56,"column":54},"end":{"line":76,"column":3}},"line":56},"4":{"name":"(anonymous_4)","decl":{"start":{"line":59,"column":35},"end":{"line":59,"column":36}},"loc":{"start":{"line":59,"column":41},"end":{"line":59,"column":62}},"line":59},"5":{"name":"getDefaultState","decl":{"start":{"line":79,"column":9},"end":{"line":79,"column":24}},"loc":{"start":{"line":81,"column":28},"end":{"line":90,"column":1}},"line":81},"6":{"name":"(anonymous_6)","decl":{"start":{"line":92,"column":32},"end":{"line":92,"column":33}},"loc":{"start":{"line":94,"column":50},"end":{"line":172,"column":1}},"line":94},"7":{"name":"(anonymous_7)","decl":{"start":{"line":99,"column":15},"end":{"line":99,"column":16}},"loc":{"start":{"line":99,"column":35},"end":{"line":107,"column":7}},"line":99},"8":{"name":"(anonymous_8)","decl":{"start":{"line":108,"column":15},"end":{"line":108,"column":16}},"loc":{"start":{"line":108,"column":35},"end":{"line":114,"column":7}},"line":108},"9":{"name":"(anonymous_9)","decl":{"start":{"line":115,"column":13},"end":{"line":115,"column":14}},"loc":{"start":{"line":115,"column":33},"end":{"line":122,"column":7}},"line":115},"10":{"name":"(anonymous_10)","decl":{"start":{"line":123,"column":15},"end":{"line":123,"column":16}},"loc":{"start":{"line":123,"column":35},"end":{"line":129,"column":7}},"line":123},"11":{"name":"(anonymous_11)","decl":{"start":{"line":130,"column":15},"end":{"line":130,"column":16}},"loc":{"start":{"line":130,"column":35},"end":{"line":136,"column":7}},"line":130},"12":{"name":"saga","decl":{"start":{"line":141,"column":20},"end":{"line":141,"column":24}},"loc":{"start":{"line":141,"column":27},"end":{"line":146,"column":5}},"line":141},"13":{"name":"useSlice","decl":{"start":{"line":150,"column":11},"end":{"line":150,"column":19}},"loc":{"start":{"line":150,"column":22},"end":{"line":166,"column":3}},"line":150},"14":{"name":"(anonymous_14)","decl":{"start":{"line":160,"column":15},"end":{"line":160,"column":16}},"loc":{"start":{"line":160,"column":65},"end":{"line":163,"column":9}},"line":160}},"branchMap":{"0":{"loc":{"start":{"line":40,"column":9},"end":{"line":42,"column":73}},"type":"cond-expr","locations":[{"start":{"line":41,"column":6},"end":{"line":41,"column":8}},{"start":{"line":42,"column":6},"end":{"line":42,"column":73}}],"line":40},"1":{"loc":{"start":{"line":42,"column":6},"end":{"line":42,"column":73}},"type":"binary-expr","locations":[{"start":{"line":42,"column":6},"end":{"line":42,"column":55}},{"start":{"line":42,"column":59},"end":{"line":42,"column":73}}],"line":42},"2":{"loc":{"start":{"line":46,"column":9},"end":{"line":46,"column":69}},"type":"cond-expr","locations":[{"start":{"line":46,"column":38},"end":{"line":46,"column":44}},{"start":{"line":46,"column":47},"end":{"line":46,"column":69}}],"line":46},"3":{"loc":{"start":{"line":62,"column":6},"end":{"line":73,"column":7}},"type":"if","locations":[{"start":{"line":62,"column":6},"end":{"line":73,"column":7}},{"start":{"line":64,"column":13},"end":{"line":73,"column":7}}],"line":62},"4":{"loc":{"start":{"line":64,"column":13},"end":{"line":73,"column":7}},"type":"if","locations":[{"start":{"line":64,"column":13},"end":{"line":73,"column":7}},{"start":{"line":66,"column":13},"end":{"line":73,"column":7}}],"line":64},"5":{"loc":{"start":{"line":160,"column":16},"end":{"line":160,"column":60}},"type":"default-arg","locations":[{"start":{"line":160,"column":41},"end":{"line":160,"column":60}}],"line":160}},"s":{"0":0,"1":51,"2":8,"3":7,"4":7,"5":7,"6":4,"7":3,"8":1,"9":2,"10":1,"11":7,"12":23,"13":3,"14":1,"15":7,"16":4,"17":7,"18":1,"19":1,"20":1,"21":8,"22":23,"23":23,"24":23,"25":23,"26":7,"27":7,"28":1},"f":{"0":0,"1":51,"2":8,"3":7,"4":7,"5":23,"6":1,"7":7,"8":4,"9":7,"10":1,"11":1,"12":8,"13":23,"14":7},"b":{"0":[0,0],"1":[0,0],"2":[0,51],"3":[1,2],"4":[1,1],"5":[0]},"_coverageSchema":"1a1c01bbd47fc00a2c39e90264f33305004495a9","hash":"e9d90d263ff60119aecae0abfc92420b272998f2"}
,"/usr/local/google/home/treshugart/dev/helltool/packages/redux/src/createSliceHooks/index.ts": {"path":"/usr/local/google/home/treshugart/dev/helltool/packages/redux/src/createSliceHooks/index.ts","statementMap":{"0":{"start":{"line":44,"column":20},"end":{"line":44,"column":33}},"1":{"start":{"line":45,"column":17},"end":{"line":45,"column":41}},"2":{"start":{"line":50,"column":32},"end":{"line":164,"column":1}},"3":{"start":{"line":56,"column":26},"end":{"line":56,"column":33}},"4":{"start":{"line":64,"column":21},"end":{"line":67,"column":3}},"5":{"start":{"line":65,"column":4},"end":{"line":65,"column":48}},"6":{"start":{"line":66,"column":4},"end":{"line":66,"column":34}},"7":{"start":{"line":66,"column":14},"end":{"line":66,"column":34}},"8":{"start":{"line":72,"column":24},"end":{"line":78,"column":3}},"9":{"start":{"line":73,"column":18},"end":{"line":73,"column":28}},"10":{"start":{"line":74,"column":4},"end":{"line":76,"column":11}},"11":{"start":{"line":75,"column":6},"end":{"line":75,"column":24}},"12":{"start":{"line":77,"column":4},"end":{"line":77,"column":17}},"13":{"start":{"line":83,"column":19},"end":{"line":86,"column":3}},"14":{"start":{"line":84,"column":4},"end":{"line":84,"column":20}},"15":{"start":{"line":85,"column":4},"end":{"line":85,"column":43}},"16":{"start":{"line":93,"column":21},"end":{"line":124,"column":3}},"17":{"start":{"line":94,"column":21},"end":{"line":94,"column":34}},"18":{"start":{"line":95,"column":4},"end":{"line":95,"column":20}},"19":{"start":{"line":100,"column":4},"end":{"line":102,"column":5}},"20":{"start":{"line":101,"column":6},"end":{"line":101,"column":47}},"21":{"start":{"line":104,"column":35},"end":{"line":104,"column":60}},"22":{"start":{"line":106,"column":4},"end":{"line":121,"column":5}},"23":{"start":{"line":107,"column":6},"end":{"line":120,"column":8}},"24":{"start":{"line":123,"column":4},"end":{"line":123,"column":45}},"25":{"start":{"line":131,"column":24},"end":{"line":156,"column":3}},"26":{"start":{"line":132,"column":18},"end":{"line":132,"column":33}},"27":{"start":{"line":134,"column":4},"end":{"line":151,"column":5}},"28":{"start":{"line":135,"column":6},"end":{"line":137,"column":7}},"29":{"start":{"line":136,"column":8},"end":{"line":136,"column":31}},"30":{"start":{"line":139,"column":6},"end":{"line":150,"column":13}},"31":{"start":{"line":140,"column":8},"end":{"line":140,"column":60}},"32":{"start":{"line":141,"column":8},"end":{"line":149,"column":10}},"33":{"start":{"line":142,"column":10},"end":{"line":142,"column":62}},"34":{"start":{"line":143,"column":10},"end":{"line":148,"column":11}},"35":{"start":{"line":144,"column":12},"end":{"line":144,"column":47}},"36":{"start":{"line":145,"column":12},"end":{"line":147,"column":13}},"37":{"start":{"line":146,"column":14},"end":{"line":146,"column":37}},"38":{"start":{"line":153,"column":4},"end":{"line":155,"column":6}},"39":{"start":{"line":154,"column":29},"end":{"line":154,"column":76}},"40":{"start":{"line":158,"column":2},"end":{"line":163,"column":4}},"41":{"start":{"line":169,"column":26},"end":{"line":180,"column":1}},"42":{"start":{"line":178,"column":2},"end":{"line":178,"column":46}},"43":{"start":{"line":179,"column":2},"end":{"line":179,"column":32}},"44":{"start":{"line":179,"column":12},"end":{"line":179,"column":32}}},"fnMap":{"0":{"name":"(anonymous_0)","decl":{"start":{"line":50,"column":32},"end":{"line":50,"column":33}},"loc":{"start":{"line":55,"column":66},"end":{"line":164,"column":1}},"line":55},"1":{"name":"(anonymous_1)","decl":{"start":{"line":64,"column":21},"end":{"line":64,"column":22}},"loc":{"start":{"line":64,"column":58},"end":{"line":67,"column":3}},"line":64},"2":{"name":"(anonymous_2)","decl":{"start":{"line":72,"column":24},"end":{"line":72,"column":25}},"loc":{"start":{"line":72,"column":30},"end":{"line":78,"column":3}},"line":72},"3":{"name":"(anonymous_3)","decl":{"start":{"line":74,"column":14},"end":{"line":74,"column":15}},"loc":{"start":{"line":74,"column":20},"end":{"line":76,"column":5}},"line":74},"4":{"name":"(anonymous_4)","decl":{"start":{"line":83,"column":19},"end":{"line":83,"column":20}},"loc":{"start":{"line":83,"column":56},"end":{"line":86,"column":3}},"line":83},"5":{"name":"(anonymous_5)","decl":{"start":{"line":93,"column":21},"end":{"line":93,"column":22}},"loc":{"start":{"line":93,"column":27},"end":{"line":124,"column":3}},"line":93},"6":{"name":"(anonymous_6)","decl":{"start":{"line":131,"column":24},"end":{"line":131,"column":25}},"loc":{"start":{"line":131,"column":30},"end":{"line":156,"column":3}},"line":131},"7":{"name":"(anonymous_7)","decl":{"start":{"line":139,"column":16},"end":{"line":139,"column":17}},"loc":{"start":{"line":139,"column":22},"end":{"line":150,"column":7}},"line":139},"8":{"name":"(anonymous_8)","decl":{"start":{"line":141,"column":15},"end":{"line":141,"column":16}},"loc":{"start":{"line":141,"column":21},"end":{"line":149,"column":9}},"line":141},"9":{"name":"(anonymous_9)","decl":{"start":{"line":154,"column":6},"end":{"line":154,"column":7}},"loc":{"start":{"line":154,"column":29},"end":{"line":154,"column":76}},"line":154},"10":{"name":"(anonymous_10)","decl":{"start":{"line":169,"column":26},"end":{"line":169,"column":27}},"loc":{"start":{"line":177,"column":6},"end":{"line":180,"column":1}},"line":177}},"branchMap":{"0":{"loc":{"start":{"line":66,"column":4},"end":{"line":66,"column":34}},"type":"if","locations":[{"start":{"line":66,"column":4},"end":{"line":66,"column":34}},{"start":{},"end":{}}],"line":66},"1":{"loc":{"start":{"line":100,"column":4},"end":{"line":102,"column":5}},"type":"if","locations":[{"start":{"line":100,"column":4},"end":{"line":102,"column":5}},{"start":{},"end":{}}],"line":100},"2":{"loc":{"start":{"line":106,"column":4},"end":{"line":121,"column":5}},"type":"if","locations":[{"start":{"line":106,"column":4},"end":{"line":121,"column":5}},{"start":{},"end":{}}],"line":106},"3":{"loc":{"start":{"line":134,"column":4},"end":{"line":151,"column":5}},"type":"if","locations":[{"start":{"line":134,"column":4},"end":{"line":151,"column":5}},{"start":{},"end":{}}],"line":134},"4":{"loc":{"start":{"line":135,"column":6},"end":{"line":137,"column":7}},"type":"if","locations":[{"start":{"line":135,"column":6},"end":{"line":137,"column":7}},{"start":{},"end":{}}],"line":135},"5":{"loc":{"start":{"line":140,"column":29},"end":{"line":140,"column":53}},"type":"binary-expr","locations":[{"start":{"line":140,"column":29},"end":{"line":140,"column":48}},{"start":{"line":140,"column":52},"end":{"line":140,"column":53}}],"line":140},"6":{"loc":{"start":{"line":142,"column":31},"end":{"line":142,"column":55}},"type":"binary-expr","locations":[{"start":{"line":142,"column":31},"end":{"line":142,"column":50}},{"start":{"line":142,"column":54},"end":{"line":142,"column":55}}],"line":142},"7":{"loc":{"start":{"line":143,"column":10},"end":{"line":148,"column":11}},"type":"if","locations":[{"start":{"line":143,"column":10},"end":{"line":148,"column":11}},{"start":{},"end":{}}],"line":143},"8":{"loc":{"start":{"line":145,"column":12},"end":{"line":147,"column":13}},"type":"if","locations":[{"start":{"line":145,"column":12},"end":{"line":147,"column":13}},{"start":{},"end":{}}],"line":145},"9":{"loc":{"start":{"line":179,"column":2},"end":{"line":179,"column":32}},"type":"if","locations":[{"start":{"line":179,"column":2},"end":{"line":179,"column":32}},{"start":{},"end":{}}],"line":179}},"s":{"0":3,"1":3,"2":3,"3":3,"4":3,"5":33,"6":33,"7":33,"8":3,"9":93,"10":93,"11":33,"12":93,"13":3,"14":31,"15":31,"16":3,"17":31,"18":31,"19":31,"20":10,"21":31,"22":31,"23":10,"24":31,"25":3,"26":31,"27":31,"28":5,"29":1,"30":5,"31":2,"32":2,"33":2,"34":2,"35":1,"36":1,"37":1,"38":31,"39":64,"40":3,"41":3,"42":1,"43":1,"44":1},"f":{"0":3,"1":33,"2":93,"3":33,"4":31,"5":31,"6":31,"7":2,"8":2,"9":64,"10":1},"b":{"0":[33,0],"1":[10,21],"2":[10,21],"3":[5,26],"4":[1,4],"5":[2,1],"6":[2,0],"7":[1,1],"8":[1,0],"9":[1,0]},"_coverageSchema":"1a1c01bbd47fc00a2c39e90264f33305004495a9","hash":"30235d02a6314b34cd180a7d6990a282cd27b0a2"}
,"/usr/local/google/home/treshugart/dev/helltool/packages/redux/src/createStore/index.ts": {"path":"/usr/local/google/home/treshugart/dev/helltool/packages/redux/src/createStore/index.ts","statementMap":{"0":{"start":{"line":45,"column":27},"end":{"line":121,"column":1}},"1":{"start":{"line":51,"column":26},"end":{"line":68,"column":31}},"2":{"start":{"line":53,"column":13},"end":{"line":53,"column":17}},"3":{"start":{"line":59,"column":6},"end":{"line":59,"column":64}},"4":{"start":{"line":59,"column":36},"end":{"line":59,"column":63}},"5":{"start":{"line":60,"column":6},"end":{"line":60,"column":15}},"6":{"start":{"line":69,"column":21},"end":{"line":69,"column":34}},"7":{"start":{"line":70,"column":18},"end":{"line":70,"column":31}},"8":{"start":{"line":71,"column":25},"end":{"line":71,"column":47}},"9":{"start":{"line":72,"column":16},"end":{"line":77,"column":32}},"10":{"start":{"line":80,"column":2},"end":{"line":86,"column":4}},"11":{"start":{"line":81,"column":4},"end":{"line":85,"column":5}},"12":{"start":{"line":82,"column":6},"end":{"line":82,"column":36}},"13":{"start":{"line":83,"column":6},"end":{"line":83,"column":42}},"14":{"start":{"line":84,"column":6},"end":{"line":84,"column":65}},"15":{"start":{"line":89,"column":2},"end":{"line":101,"column":4}},"16":{"start":{"line":90,"column":17},"end":{"line":90,"column":40}},"17":{"start":{"line":91,"column":4},"end":{"line":100,"column":5}},"18":{"start":{"line":92,"column":6},"end":{"line":92,"column":35}},"19":{"start":{"line":93,"column":6},"end":{"line":93,"column":33}},"20":{"start":{"line":94,"column":6},"end":{"line":94,"column":65}},"21":{"start":{"line":99,"column":6},"end":{"line":99,"column":36}},"22":{"start":{"line":104,"column":2},"end":{"line":108,"column":4}},"23":{"start":{"line":105,"column":4},"end":{"line":107,"column":5}},"24":{"start":{"line":106,"column":6},"end":{"line":106,"column":50}},"25":{"start":{"line":111,"column":2},"end":{"line":114,"column":4}},"26":{"start":{"line":112,"column":4},"end":{"line":112,"column":32}},"27":{"start":{"line":113,"column":4},"end":{"line":113,"column":25}},"28":{"start":{"line":118,"column":2},"end":{"line":118,"column":29}},"29":{"start":{"line":120,"column":2},"end":{"line":120,"column":15}}},"fnMap":{"0":{"name":"(anonymous_0)","decl":{"start":{"line":45,"column":27},"end":{"line":45,"column":28}},"loc":{"start":{"line":50,"column":64},"end":{"line":121,"column":1}},"line":50},"1":{"name":"(anonymous_1)","decl":{"start":{"line":53,"column":7},"end":{"line":53,"column":8}},"loc":{"start":{"line":53,"column":13},"end":{"line":53,"column":17}},"line":53},"2":{"name":"(anonymous_2)","decl":{"start":{"line":58,"column":45},"end":{"line":58,"column":46}},"loc":{"start":{"line":58,"column":66},"end":{"line":61,"column":5}},"line":58},"3":{"name":"(anonymous_3)","decl":{"start":{"line":59,"column":30},"end":{"line":59,"column":31}},"loc":{"start":{"line":59,"column":36},"end":{"line":59,"column":63}},"line":59},"4":{"name":"(anonymous_4)","decl":{"start":{"line":80,"column":21},"end":{"line":80,"column":22}},"loc":{"start":{"line":80,"column":40},"end":{"line":86,"column":3}},"line":80},"5":{"name":"(anonymous_5)","decl":{"start":{"line":89,"column":24},"end":{"line":89,"column":25}},"loc":{"start":{"line":89,"column":35},"end":{"line":101,"column":3}},"line":89},"6":{"name":"(anonymous_6)","decl":{"start":{"line":104,"column":18},"end":{"line":104,"column":19}},"loc":{"start":{"line":104,"column":26},"end":{"line":108,"column":3}},"line":104},"7":{"name":"(anonymous_7)","decl":{"start":{"line":111,"column":21},"end":{"line":111,"column":22}},"loc":{"start":{"line":111,"column":29},"end":{"line":114,"column":3}},"line":111}},"branchMap":{"0":{"loc":{"start":{"line":45,"column":35},"end":{"line":50,"column":33}},"type":"default-arg","locations":[{"start":{"line":50,"column":31},"end":{"line":50,"column":33}}],"line":45},"1":{"loc":{"start":{"line":46,"column":2},"end":{"line":46,"column":18}},"type":"default-arg","locations":[{"start":{"line":46,"column":13},"end":{"line":46,"column":18}}],"line":46},"2":{"loc":{"start":{"line":47,"column":2},"end":{"line":47,"column":17}},"type":"default-arg","locations":[{"start":{"line":47,"column":15},"end":{"line":47,"column":17}}],"line":47},"3":{"loc":{"start":{"line":48,"column":2},"end":{"line":48,"column":61}},"type":"default-arg","locations":[{"start":{"line":48,"column":19},"end":{"line":48,"column":61}}],"line":48},"4":{"loc":{"start":{"line":49,"column":2},"end":{"line":49,"column":42}},"type":"default-arg","locations":[{"start":{"line":49,"column":12},"end":{"line":49,"column":42}}],"line":49},"5":{"loc":{"start":{"line":73,"column":14},"end":{"line":73,"column":63}},"type":"binary-expr","locations":[{"start":{"line":73,"column":14},"end":{"line":73,"column":51}},{"start":{"line":73,"column":55},"end":{"line":73,"column":63}}],"line":73},"6":{"loc":{"start":{"line":81,"column":4},"end":{"line":85,"column":5}},"type":"if","locations":[{"start":{"line":81,"column":4},"end":{"line":85,"column":5}},{"start":{},"end":{}}],"line":81},"7":{"loc":{"start":{"line":91,"column":4},"end":{"line":100,"column":5}},"type":"if","locations":[{"start":{"line":91,"column":4},"end":{"line":100,"column":5}},{"start":{},"end":{}}],"line":91},"8":{"loc":{"start":{"line":105,"column":4},"end":{"line":107,"column":5}},"type":"if","locations":[{"start":{"line":105,"column":4},"end":{"line":107,"column":5}},{"start":{},"end":{}}],"line":105}},"s":{"0":6,"1":23,"2":107,"3":3,"4":9,"5":3,"6":23,"7":23,"8":23,"9":23,"10":23,"11":35,"12":12,"13":12,"14":12,"15":23,"16":2,"17":2,"18":2,"19":2,"20":2,"21":2,"22":23,"23":35,"24":12,"25":23,"26":2,"27":2,"28":23,"29":23},"f":{"0":23,"1":107,"2":3,"3":9,"4":35,"5":2,"6":35,"7":2},"b":{"0":[8],"1":[23],"2":[23],"3":[20],"4":[20],"5":[23,0],"6":[12,23],"7":[2,0],"8":[12,23]},"_coverageSchema":"1a1c01bbd47fc00a2c39e90264f33305004495a9","hash":"de5e22efce31a3072989787624bd198cd92e15f2"}
,"/usr/local/google/home/treshugart/dev/helltool/packages/redux/src/deepCombineReducers/index.ts": {"path":"/usr/local/google/home/treshugart/dev/helltool/packages/redux/src/deepCombineReducers/index.ts","statementMap":{"0":{"start":{"line":28,"column":35},"end":{"line":51,"column":1}},"1":{"start":{"line":31,"column":22},"end":{"line":31,"column":43}},"2":{"start":{"line":33,"column":2},"end":{"line":35,"column":3}},"3":{"start":{"line":34,"column":4},"end":{"line":34,"column":31}},"4":{"start":{"line":37,"column":2},"end":{"line":50,"column":4}},"5":{"start":{"line":38,"column":25},"end":{"line":38,"column":37}},"6":{"start":{"line":39,"column":4},"end":{"line":46,"column":5}},"7":{"start":{"line":39,"column":17},"end":{"line":39,"column":18}},"8":{"start":{"line":40,"column":18},"end":{"line":40,"column":43}},"9":{"start":{"line":41,"column":22},"end":{"line":41,"column":79}},"10":{"start":{"line":42,"column":34},"end":{"line":42,"column":48}},"11":{"start":{"line":43,"column":6},"end":{"line":45,"column":7}},"12":{"start":{"line":44,"column":8},"end":{"line":44,"column":62}},"13":{"start":{"line":47,"column":4},"end":{"line":49,"column":18}}},"fnMap":{"0":{"name":"(anonymous_0)","decl":{"start":{"line":28,"column":35},"end":{"line":28,"column":36}},"loc":{"start":{"line":30,"column":29},"end":{"line":51,"column":1}},"line":30},"1":{"name":"combination","decl":{"start":{"line":37,"column":18},"end":{"line":37,"column":29}},"loc":{"start":{"line":37,"column":70},"end":{"line":50,"column":3}},"line":37}},"branchMap":{"0":{"loc":{"start":{"line":33,"column":2},"end":{"line":35,"column":3}},"type":"if","locations":[{"start":{"line":33,"column":2},"end":{"line":35,"column":3}},{"start":{},"end":{}}],"line":33},"1":{"loc":{"start":{"line":37,"column":30},"end":{"line":37,"column":48}},"type":"default-arg","locations":[{"start":{"line":37,"column":41},"end":{"line":37,"column":48}}],"line":37},"2":{"loc":{"start":{"line":43,"column":6},"end":{"line":45,"column":7}},"type":"if","locations":[{"start":{"line":43,"column":6},"end":{"line":45,"column":7}},{"start":{},"end":{}}],"line":43},"3":{"loc":{"start":{"line":47,"column":11},"end":{"line":49,"column":17}},"type":"cond-expr","locations":[{"start":{"line":48,"column":8},"end":{"line":48,"column":35}},{"start":{"line":49,"column":8},"end":{"line":49,"column":17}}],"line":47}},"s":{"0":7,"1":101,"2":101,"3":82,"4":19,"5":42,"6":42,"7":42,"8":83,"9":83,"10":83,"11":83,"12":83,"13":42},"f":{"0":101,"1":42},"b":{"0":[82,19],"1":[1],"2":[83,0],"3":[1,41]},"_coverageSchema":"1a1c01bbd47fc00a2c39e90264f33305004495a9","hash":"a20a4254743c738a2b2716e5d2d6e8a5fdd235ac"}
,"/usr/local/google/home/treshugart/dev/helltool/packages/redux/src/types/index.ts": {"path":"/usr/local/google/home/treshugart/dev/helltool/packages/redux/src/types/index.ts","statementMap":{},"fnMap":{},"branchMap":{},"s":{},"f":{},"b":{},"_coverageSchema":"1a1c01bbd47fc00a2c39e90264f33305004495a9","hash":"5e9fee05df83a55f618f9fa199cb6abca2a355ec"}
,"/usr/local/google/home/treshugart/dev/helltool/packages/redux/src/useSaga/index.ts": {"path":"/usr/local/google/home/treshugart/dev/helltool/packages/redux/src/useSaga/index.ts","statementMap":{"0":{"start":{"line":16,"column":23},"end":{"line":21,"column":1}},"1":{"start":{"line":17,"column":16},"end":{"line":17,"column":26}},"2":{"start":{"line":18,"column":2},"end":{"line":20,"column":3}},"3":{"start":{"line":19,"column":4},"end":{"line":19,"column":24}}},"fnMap":{"0":{"name":"(anonymous_0)","decl":{"start":{"line":16,"column":23},"end":{"line":16,"column":24}},"loc":{"start":{"line":16,"column":40},"end":{"line":21,"column":1}},"line":16}},"branchMap":{"0":{"loc":{"start":{"line":18,"column":2},"end":{"line":20,"column":3}},"type":"if","locations":[{"start":{"line":18,"column":2},"end":{"line":20,"column":3}},{"start":{},"end":{}}],"line":18}},"s":{"0":4,"1":3,"2":3,"3":2},"f":{"0":3},"b":{"0":[2,1]},"_coverageSchema":"1a1c01bbd47fc00a2c39e90264f33305004495a9","hash":"a9c9b15c746911e7d1dd0fdeca22e655e1126083"}
,"/usr/local/google/home/treshugart/dev/helltool/packages/redux/src/useSagas/index.ts": {"path":"/usr/local/google/home/treshugart/dev/helltool/packages/redux/src/useSagas/index.ts","statementMap":{"0":{"start":{"line":15,"column":24},"end":{"line":18,"column":1}},"1":{"start":{"line":16,"column":16},"end":{"line":16,"column":26}},"2":{"start":{"line":17,"column":2},"end":{"line":17,"column":45}},"3":{"start":{"line":17,"column":24},"end":{"line":17,"column":43}}},"fnMap":{"0":{"name":"(anonymous_0)","decl":{"start":{"line":15,"column":24},"end":{"line":15,"column":25}},"loc":{"start":{"line":15,"column":42},"end":{"line":18,"column":1}},"line":15},"1":{"name":"(anonymous_1)","decl":{"start":{"line":17,"column":16},"end":{"line":17,"column":17}},"loc":{"start":{"line":17,"column":24},"end":{"line":17,"column":43}},"line":17}},"branchMap":{},"s":{"0":4,"1":3,"2":3,"3":2},"f":{"0":3,"1":2},"b":{},"_coverageSchema":"1a1c01bbd47fc00a2c39e90264f33305004495a9","hash":"dc32ed1cd15534272b73461f6acfb29a01de4c36"}
,"/usr/local/google/home/treshugart/dev/helltool/packages/redux/src/useSlice/index.ts": {"path":"/usr/local/google/home/treshugart/dev/helltool/packages/redux/src/useSlice/index.ts","statementMap":{"0":{"start":{"line":18,"column":24},"end":{"line":23,"column":1}},"1":{"start":{"line":19,"column":16},"end":{"line":19,"column":56}},"2":{"start":{"line":20,"column":2},"end":{"line":22,"column":21}},"3":{"start":{"line":21,"column":4},"end":{"line":21,"column":48}}},"fnMap":{"0":{"name":"(anonymous_0)","decl":{"start":{"line":18,"column":24},"end":{"line":18,"column":25}},"loc":{"start":{"line":18,"column":42},"end":{"line":23,"column":1}},"line":18},"1":{"name":"(anonymous_1)","decl":{"start":{"line":20,"column":12},"end":{"line":20,"column":13}},"loc":{"start":{"line":20,"column":18},"end":{"line":22,"column":3}},"line":20}},"branchMap":{},"s":{"0":4,"1":3,"2":3,"3":2},"f":{"0":3,"1":2},"b":{},"_coverageSchema":"1a1c01bbd47fc00a2c39e90264f33305004495a9","hash":"faf51a70afb4d7ce0d9d9f2e8cab6edafbe98f42"}
,"/usr/local/google/home/treshugart/dev/helltool/packages/redux/src/useStore/index.ts": {"path":"/usr/local/google/home/treshugart/dev/helltool/packages/redux/src/useStore/index.ts","statementMap":{"0":{"start":{"line":10,"column":16},"end":{"line":10,"column":64}},"1":{"start":{"line":11,"column":2},"end":{"line":15,"column":3}},"2":{"start":{"line":12,"column":4},"end":{"line":14,"column":6}},"3":{"start":{"line":16,"column":2},"end":{"line":16,"column":15}}},"fnMap":{"0":{"name":"useStore","decl":{"start":{"line":9,"column":16},"end":{"line":9,"column":24}},"loc":{"start":{"line":9,"column":40},"end":{"line":17,"column":1}},"line":9}},"branchMap":{"0":{"loc":{"start":{"line":11,"column":2},"end":{"line":15,"column":3}},"type":"if","locations":[{"start":{"line":11,"column":2},"end":{"line":15,"column":3}},{"start":{},"end":{}}],"line":11}},"s":{"0":115,"1":104,"2":1,"3":103},"f":{"0":115},"b":{"0":[1,103]},"_coverageSchema":"1a1c01bbd47fc00a2c39e90264f33305004495a9","hash":"608521ca541ebc1e3006d92f39c5b4317db89950"}
}
