TN:
SF:packages/redux/packages/redux/packages/redux/packages/redux/src/index.ts
FNF:0
FNH:0
LF:0
LH:0
BRF:0
BRH:0
end_of_record
TN:
SF:packages/redux/packages/redux/packages/redux/packages/redux/src/Store/index.tsx
FN:13,StoreDefault
FN:17,(anonymous_1)
FN:23,useStoreSafe
FN:31,Store
FNF:4
FNH:4
FNDA:10,StoreDefault
FNDA:10,(anonymous_1)
FNDA:11,useStoreSafe
FNDA:11,Store
DA:17,10
DA:18,10
DA:20,10
DA:25,11
DA:26,11
DA:28,11
DA:35,11
DA:36,11
LF:8
LH:8
BRDA:36,0,0,1
BRDA:36,0,1,10
BRF:2
BRH:2
end_of_record
TN:
SF:packages/redux/packages/redux/packages/redux/packages/redux/src/createFetchHooks/index.ts
FN:39,readError
FN:45,toString
FN:49,handleRequest
FN:56,(anonymous_3)
FN:59,(anonymous_4)
FN:79,getDefaultState
FN:92,(anonymous_6)
FN:99,(anonymous_7)
FN:108,(anonymous_8)
FN:115,(anonymous_9)
FN:123,(anonymous_10)
FN:130,(anonymous_11)
FN:141,saga
FN:150,useSlice
FN:160,(anonymous_14)
FNF:15
FNH:14
FNDA:0,readError
FNDA:51,toString
FNDA:8,handleRequest
FNDA:7,(anonymous_3)
FNDA:7,(anonymous_4)
FNDA:23,getDefaultState
FNDA:1,(anonymous_6)
FNDA:7,(anonymous_7)
FNDA:4,(anonymous_8)
FNDA:7,(anonymous_9)
FNDA:1,(anonymous_10)
FNDA:1,(anonymous_11)
FNDA:8,saga
FNDA:23,useSlice
FNDA:7,(anonymous_14)
DA:40,0
DA:46,51
DA:56,8
DA:57,7
DA:58,7
DA:59,7
DA:60,4
DA:62,3
DA:63,1
DA:64,2
DA:67,1
DA:75,7
DA:82,23
DA:92,3
DA:95,1
DA:99,7
DA:108,4
DA:115,7
DA:123,1
DA:130,1
DA:140,1
DA:142,8
DA:151,23
DA:152,23
DA:153,23
DA:154,23
DA:161,7
DA:162,7
DA:168,1
LF:29
LH:28
BRDA:40,0,0,0
BRDA:40,0,1,0
BRDA:42,1,0,0
BRDA:42,1,1,0
BRDA:46,2,0,0
BRDA:46,2,1,51
BRDA:62,3,0,1
BRDA:62,3,1,2
BRDA:64,4,0,1
BRDA:64,4,1,1
BRDA:160,5,0,0
BRF:11
BRH:5
end_of_record
TN:
SF:packages/redux/packages/redux/packages/redux/packages/redux/src/createSliceHooks/index.ts
FN:50,(anonymous_0)
FN:64,(anonymous_1)
FN:72,(anonymous_2)
FN:74,(anonymous_3)
FN:83,(anonymous_4)
FN:93,(anonymous_5)
FN:131,(anonymous_6)
FN:139,(anonymous_7)
FN:141,(anonymous_8)
FN:154,(anonymous_9)
FN:169,(anonymous_10)
FNF:11
FNH:11
FNDA:3,(anonymous_0)
FNDA:33,(anonymous_1)
FNDA:93,(anonymous_2)
FNDA:33,(anonymous_3)
FNDA:31,(anonymous_4)
FNDA:31,(anonymous_5)
FNDA:31,(anonymous_6)
FNDA:2,(anonymous_7)
FNDA:2,(anonymous_8)
FNDA:64,(anonymous_9)
FNDA:1,(anonymous_10)
DA:44,3
DA:45,3
DA:50,3
DA:56,3
DA:64,3
DA:65,33
DA:66,33
DA:72,3
DA:73,93
DA:74,93
DA:75,33
DA:77,93
DA:83,3
DA:84,31
DA:85,31
DA:93,3
DA:94,31
DA:95,31
DA:100,31
DA:101,10
DA:104,31
DA:106,31
DA:107,10
DA:123,31
DA:131,3
DA:132,31
DA:134,31
DA:135,5
DA:136,1
DA:139,5
DA:140,2
DA:141,2
DA:142,2
DA:143,2
DA:144,1
DA:145,1
DA:146,1
DA:153,31
DA:154,64
DA:158,3
DA:169,3
DA:178,1
DA:179,1
LF:43
LH:43
BRDA:66,0,0,33
BRDA:66,0,1,0
BRDA:100,1,0,10
BRDA:100,1,1,21
BRDA:106,2,0,10
BRDA:106,2,1,21
BRDA:134,3,0,5
BRDA:134,3,1,26
BRDA:135,4,0,1
BRDA:135,4,1,4
BRDA:140,5,0,2
BRDA:140,5,1,1
BRDA:142,6,0,2
BRDA:142,6,1,0
BRDA:143,7,0,1
BRDA:143,7,1,1
BRDA:145,8,0,1
BRDA:145,8,1,0
BRDA:179,9,0,1
BRDA:179,9,1,0
BRF:20
BRH:16
end_of_record
TN:
SF:packages/redux/packages/redux/packages/redux/packages/redux/src/createStore/index.ts
FN:45,(anonymous_0)
FN:53,(anonymous_1)
FN:58,(anonymous_2)
FN:59,(anonymous_3)
FN:80,(anonymous_4)
FN:89,(anonymous_5)
FN:104,(anonymous_6)
FN:111,(anonymous_7)
FNF:8
FNH:8
FNDA:23,(anonymous_0)
FNDA:107,(anonymous_1)
FNDA:3,(anonymous_2)
FNDA:9,(anonymous_3)
FNDA:35,(anonymous_4)
FNDA:2,(anonymous_5)
FNDA:35,(anonymous_6)
FNDA:2,(anonymous_7)
DA:45,6
DA:51,23
DA:53,107
DA:59,9
DA:60,3
DA:69,23
DA:70,23
DA:71,23
DA:72,23
DA:80,23
DA:81,35
DA:82,12
DA:83,12
DA:84,12
DA:89,23
DA:90,2
DA:91,2
DA:92,2
DA:93,2
DA:94,2
DA:99,2
DA:104,23
DA:105,35
DA:106,12
DA:111,23
DA:112,2
DA:113,2
DA:118,23
DA:120,23
LF:29
LH:29
BRDA:45,0,0,8
BRDA:46,1,0,23
BRDA:47,2,0,23
BRDA:48,3,0,20
BRDA:49,4,0,20
BRDA:73,5,0,23
BRDA:73,5,1,0
BRDA:81,6,0,12
BRDA:81,6,1,23
BRDA:91,7,0,2
BRDA:91,7,1,0
BRDA:105,8,0,12
BRDA:105,8,1,23
BRF:13
BRH:11
end_of_record
TN:
SF:packages/redux/packages/redux/packages/redux/packages/redux/src/deepCombineReducers/index.ts
FN:28,(anonymous_0)
FN:37,combination
FNF:2
FNH:2
FNDA:101,(anonymous_0)
FNDA:42,combination
DA:28,7
DA:31,101
DA:33,101
DA:34,82
DA:37,19
DA:38,42
DA:39,42
DA:40,83
DA:41,83
DA:42,83
DA:43,83
DA:44,83
DA:47,42
LF:13
LH:13
BRDA:33,0,0,82
BRDA:33,0,1,19
BRDA:37,1,0,1
BRDA:43,2,0,83
BRDA:43,2,1,0
BRDA:47,3,0,1
BRDA:47,3,1,41
BRF:7
BRH:6
end_of_record
TN:
SF:packages/redux/packages/redux/packages/redux/packages/redux/src/types/index.ts
FNF:0
FNH:0
LF:0
LH:0
BRF:0
BRH:0
end_of_record
TN:
SF:packages/redux/packages/redux/packages/redux/packages/redux/src/useSaga/index.ts
FN:16,(anonymous_0)
FNF:1
FNH:1
FNDA:3,(anonymous_0)
DA:16,4
DA:17,3
DA:18,3
DA:19,2
LF:4
LH:4
BRDA:18,0,0,2
BRDA:18,0,1,1
BRF:2
BRH:2
end_of_record
TN:
SF:packages/redux/packages/redux/packages/redux/packages/redux/src/useSagas/index.ts
FN:15,(anonymous_0)
FN:17,(anonymous_1)
FNF:2
FNH:2
FNDA:3,(anonymous_0)
FNDA:2,(anonymous_1)
DA:15,4
DA:16,3
DA:17,3
LF:3
LH:3
BRF:0
BRH:0
end_of_record
TN:
SF:packages/redux/packages/redux/packages/redux/packages/redux/src/useSlice/index.ts
FN:18,(anonymous_0)
FN:20,(anonymous_1)
FNF:2
FNH:2
FNDA:3,(anonymous_0)
FNDA:2,(anonymous_1)
DA:18,4
DA:19,3
DA:20,3
DA:21,2
LF:4
LH:4
BRF:0
BRH:0
end_of_record
TN:
SF:packages/redux/packages/redux/packages/redux/packages/redux/src/useStore/index.ts
FN:9,useStore
FNF:1
FNH:1
FNDA:115,useStore
DA:10,115
DA:11,104
DA:12,1
DA:16,103
LF:4
LH:4
BRDA:11,0,0,1
BRDA:11,0,1,103
BRF:2
BRH:2
end_of_record
