{"/usr/local/google/home/meredithdodge/helltool/packages/filter-components/src/DashboardFilter/DashboardFilter.tsx": {"path":"/usr/local/google/home/meredithdodge/helltool/packages/filter-components/src/DashboardFilter/DashboardFilter.tsx","statementMap":{"0":{"start":{"line":21,"column":31},"end":{"line":74,"column":1}},"1":{"start":{"line":27,"column":4},"end":{"line":27,"column":10}},"2":{"start":{"line":29,"column":27},"end":{"line":29,"column":52}},"3":{"start":{"line":31,"column":2},"end":{"line":35,"column":28}},"4":{"start":{"line":32,"column":4},"end":{"line":34,"column":5}},"5":{"start":{"line":33,"column":6},"end":{"line":33,"column":26}},"6":{"start":{"line":37,"column":21},"end":{"line":37,"column":60}},"7":{"start":{"line":39,"column":45},"end":{"line":42,"column":4}},"8":{"start":{"line":44,"column":28},"end":{"line":47,"column":3}},"9":{"start":{"line":49,"column":2},"end":{"line":73,"column":3}}},"fnMap":{"0":{"name":"(anonymous_0)","decl":{"start":{"line":21,"column":31},"end":{"line":21,"column":32}},"loc":{"start":{"line":25,"column":28},"end":{"line":74,"column":1}},"line":25},"1":{"name":"(anonymous_1)","decl":{"start":{"line":31,"column":12},"end":{"line":31,"column":13}},"loc":{"start":{"line":31,"column":18},"end":{"line":35,"column":3}},"line":31},"2":{"name":"(anonymous_2)","decl":{"start":{"line":32,"column":11},"end":{"line":32,"column":12}},"loc":{"start":{"line":32,"column":17},"end":{"line":34,"column":5}},"line":32}},"branchMap":{"0":{"loc":{"start":{"line":51,"column":10},"end":{"line":51,"column":18}},"type":"binary-expr","locations":[{"start":{"line":51,"column":10},"end":{"line":51,"column":12}},{"start":{"line":51,"column":16},"end":{"line":51,"column":18}}],"line":51},"1":{"loc":{"start":{"line":52,"column":13},"end":{"line":52,"column":23}},"type":"binary-expr","locations":[{"start":{"line":52,"column":13},"end":{"line":52,"column":17}},{"start":{"line":52,"column":21},"end":{"line":52,"column":23}}],"line":52},"2":{"loc":{"start":{"line":54,"column":8},"end":{"line":58,"column":9}},"type":"binary-expr","locations":[{"start":{"line":54,"column":8},"end":{"line":54,"column":20}},{"start":{"line":55,"column":10},"end":{"line":57,"column":20}}],"line":54},"3":{"loc":{"start":{"line":63,"column":14},"end":{"line":63,"column":24}},"type":"binary-expr","locations":[{"start":{"line":63,"column":14},"end":{"line":63,"column":18}},{"start":{"line":63,"column":22},"end":{"line":63,"column":24}}],"line":63},"4":{"loc":{"start":{"line":64,"column":14},"end":{"line":64,"column":24}},"type":"binary-expr","locations":[{"start":{"line":64,"column":14},"end":{"line":64,"column":18}},{"start":{"line":64,"column":22},"end":{"line":64,"column":24}}],"line":64}},"s":{"0":0,"1":0,"2":0,"3":0,"4":0,"5":0,"6":0,"7":0,"8":0,"9":0},"f":{"0":0,"1":0,"2":0},"b":{"0":[0,0],"1":[0,0],"2":[0,0],"3":[0,0],"4":[0,0]}}
,"/usr/local/google/home/meredithdodge/helltool/packages/filter-components/src/DashboardFilter/use_expression_state.ts": {"path":"/usr/local/google/home/meredithdodge/helltool/packages/filter-components/src/DashboardFilter/use_expression_state.ts","statementMap":{"0":{"start":{"line":30,"column":34},"end":{"line":63,"column":1}},"1":{"start":{"line":35,"column":31},"end":{"line":35,"column":56}},"2":{"start":{"line":37,"column":23},"end":{"line":41,"column":4}},"3":{"start":{"line":39,"column":29},"end":{"line":39,"column":58}},"4":{"start":{"line":42,"column":50},"end":{"line":44,"column":3}},"5":{"start":{"line":46,"column":23},"end":{"line":49,"column":3}},"6":{"start":{"line":47,"column":4},"end":{"line":47,"column":35}},"7":{"start":{"line":48,"column":4},"end":{"line":48,"column":30}},"8":{"start":{"line":51,"column":21},"end":{"line":53,"column":28}},"9":{"start":{"line":55,"column":2},"end":{"line":57,"column":44}},"10":{"start":{"line":56,"column":4},"end":{"line":56,"column":40}},"11":{"start":{"line":59,"column":2},"end":{"line":62,"column":3}}},"fnMap":{"0":{"name":"(anonymous_0)","decl":{"start":{"line":30,"column":34},"end":{"line":30,"column":35}},"loc":{"start":{"line":34,"column":31},"end":{"line":63,"column":1}},"line":34},"1":{"name":"(anonymous_1)","decl":{"start":{"line":39,"column":23},"end":{"line":39,"column":24}},"loc":{"start":{"line":39,"column":29},"end":{"line":39,"column":58}},"line":39},"2":{"name":"(anonymous_2)","decl":{"start":{"line":46,"column":23},"end":{"line":46,"column":24}},"loc":{"start":{"line":46,"column":53},"end":{"line":49,"column":3}},"line":46},"3":{"name":"(anonymous_3)","decl":{"start":{"line":55,"column":12},"end":{"line":55,"column":13}},"loc":{"start":{"line":55,"column":18},"end":{"line":57,"column":3}},"line":55}},"branchMap":{"0":{"loc":{"start":{"line":43,"column":4},"end":{"line":43,"column":49}},"type":"binary-expr","locations":[{"start":{"line":43,"column":4},"end":{"line":43,"column":19}},{"start":{"line":43,"column":23},"end":{"line":43,"column":43}},{"start":{"line":43,"column":47},"end":{"line":43,"column":49}}],"line":43},"1":{"loc":{"start":{"line":51,"column":21},"end":{"line":53,"column":28}},"type":"cond-expr","locations":[{"start":{"line":52,"column":6},"end":{"line":52,"column":27}},{"start":{"line":53,"column":6},"end":{"line":53,"column":28}}],"line":51},"2":{"loc":{"start":{"line":52,"column":6},"end":{"line":52,"column":27}},"type":"binary-expr","locations":[{"start":{"line":52,"column":6},"end":{"line":52,"column":21}},{"start":{"line":52,"column":25},"end":{"line":52,"column":27}}],"line":52}},"s":{"0":0,"1":0,"2":0,"3":0,"4":0,"5":0,"6":0,"7":0,"8":0,"9":0,"10":0,"11":0},"f":{"0":0,"1":0,"2":0,"3":0},"b":{"0":[0,0,0],"1":[0,0],"2":[0,0]}}
,"/usr/local/google/home/meredithdodge/helltool/packages/filter-components/src/DashboardFilter/use_suggestable.ts": {"path":"/usr/local/google/home/meredithdodge/helltool/packages/filter-components/src/DashboardFilter/use_suggestable.ts","statementMap":{"0":{"start":{"line":47,"column":31},"end":{"line":49,"column":1}},"1":{"start":{"line":48,"column":2},"end":{"line":48,"column":74}},"2":{"start":{"line":54,"column":24},"end":{"line":69,"column":1}},"3":{"start":{"line":58,"column":2},"end":{"line":60,"column":3}},"4":{"start":{"line":59,"column":4},"end":{"line":59,"column":46}},"5":{"start":{"line":61,"column":40},"end":{"line":61,"column":51}},"6":{"start":{"line":62,"column":2},"end":{"line":64,"column":3}},"7":{"start":{"line":63,"column":4},"end":{"line":63,"column":42}},"8":{"start":{"line":65,"column":2},"end":{"line":67,"column":3}},"9":{"start":{"line":66,"column":4},"end":{"line":66,"column":26}},"10":{"start":{"line":68,"column":2},"end":{"line":68,"column":11}},"11":{"start":{"line":77,"column":27},"end":{"line":93,"column":1}},"12":{"start":{"line":81,"column":2},"end":{"line":81,"column":74}},"13":{"start":{"line":81,"column":58},"end":{"line":81,"column":74}},"14":{"start":{"line":84,"column":2},"end":{"line":92,"column":8}},"15":{"start":{"line":85,"column":4},"end":{"line":90,"column":5}},"16":{"start":{"line":86,"column":37},"end":{"line":86,"column":53}},"17":{"start":{"line":87,"column":6},"end":{"line":89,"column":7}},"18":{"start":{"line":88,"column":8},"end":{"line":88,"column":62}},"19":{"start":{"line":91,"column":4},"end":{"line":91,"column":14}},"20":{"start":{"line":101,"column":30},"end":{"line":172,"column":1}},"21":{"start":{"line":105,"column":36},"end":{"line":105,"column":61}},"22":{"start":{"line":106,"column":20},"end":{"line":106,"column":35}},"23":{"start":{"line":108,"column":16},"end":{"line":108,"column":68}},"24":{"start":{"line":110,"column":38},"end":{"line":110,"column":50}},"25":{"start":{"line":111,"column":42},"end":{"line":111,"column":54}},"26":{"start":{"line":112,"column":34},"end":{"line":112,"column":49}},"27":{"start":{"line":113,"column":47},"end":{"line":113,"column":69}},"28":{"start":{"line":115,"column":16},"end":{"line":115,"column":49}},"29":{"start":{"line":120,"column":33},"end":{"line":120,"column":63}},"30":{"start":{"line":121,"column":33},"end":{"line":121,"column":39}},"31":{"start":{"line":124,"column":26},"end":{"line":127,"column":3}},"32":{"start":{"line":125,"column":10},"end":{"line":125,"column":59}},"33":{"start":{"line":130,"column":2},"end":{"line":162,"column":4}},"34":{"start":{"line":131,"column":28},"end":{"line":153,"column":5}},"35":{"start":{"line":133,"column":6},"end":{"line":152,"column":7}},"36":{"start":{"line":134,"column":8},"end":{"line":134,"column":24}},"37":{"start":{"line":135,"column":23},"end":{"line":141,"column":9}},"38":{"start":{"line":143,"column":8},"end":{"line":151,"column":9}},"39":{"start":{"line":144,"column":25},"end":{"line":144,"column":79}},"40":{"start":{"line":146,"column":10},"end":{"line":146,"column":27}},"41":{"start":{"line":147,"column":10},"end":{"line":147,"column":50}},"42":{"start":{"line":149,"column":10},"end":{"line":149,"column":27}},"43":{"start":{"line":150,"column":10},"end":{"line":150,"column":49}},"44":{"start":{"line":154,"column":4},"end":{"line":154,"column":21}},"45":{"start":{"line":164,"column":2},"end":{"line":171,"column":3}}},"fnMap":{"0":{"name":"(anonymous_0)","decl":{"start":{"line":47,"column":31},"end":{"line":47,"column":32}},"loc":{"start":{"line":47,"column":69},"end":{"line":49,"column":1}},"line":47},"1":{"name":"(anonymous_1)","decl":{"start":{"line":54,"column":24},"end":{"line":54,"column":25}},"loc":{"start":{"line":57,"column":5},"end":{"line":69,"column":1}},"line":57},"2":{"name":"(anonymous_2)","decl":{"start":{"line":77,"column":27},"end":{"line":77,"column":28}},"loc":{"start":{"line":80,"column":5},"end":{"line":93,"column":1}},"line":80},"3":{"name":"(anonymous_3)","decl":{"start":{"line":84,"column":33},"end":{"line":84,"column":34}},"loc":{"start":{"line":84,"column":76},"end":{"line":92,"column":3}},"line":84},"4":{"name":"(anonymous_4)","decl":{"start":{"line":101,"column":30},"end":{"line":101,"column":31}},"loc":{"start":{"line":104,"column":27},"end":{"line":172,"column":1}},"line":104},"5":{"name":"(anonymous_5)","decl":{"start":{"line":125,"column":4},"end":{"line":125,"column":5}},"loc":{"start":{"line":125,"column":10},"end":{"line":125,"column":59}},"line":125},"6":{"name":"(anonymous_6)","decl":{"start":{"line":130,"column":22},"end":{"line":130,"column":23}},"loc":{"start":{"line":130,"column":28},"end":{"line":155,"column":3}},"line":130},"7":{"name":"(anonymous_7)","decl":{"start":{"line":131,"column":28},"end":{"line":131,"column":29}},"loc":{"start":{"line":131,"column":40},"end":{"line":153,"column":5}},"line":131}},"branchMap":{"0":{"loc":{"start":{"line":48,"column":9},"end":{"line":48,"column":74}},"type":"binary-expr","locations":[{"start":{"line":48,"column":9},"end":{"line":48,"column":27}},{"start":{"line":48,"column":31},"end":{"line":48,"column":51}},{"start":{"line":48,"column":55},"end":{"line":48,"column":74}}],"line":48},"1":{"loc":{"start":{"line":58,"column":2},"end":{"line":60,"column":3}},"type":"if","locations":[{"start":{"line":58,"column":2},"end":{"line":60,"column":3}},{"start":{},"end":{}}],"line":58},"2":{"loc":{"start":{"line":61,"column":40},"end":{"line":61,"column":51}},"type":"binary-expr","locations":[{"start":{"line":61,"column":40},"end":{"line":61,"column":45}},{"start":{"line":61,"column":49},"end":{"line":61,"column":51}}],"line":61},"3":{"loc":{"start":{"line":62,"column":2},"end":{"line":64,"column":3}},"type":"if","locations":[{"start":{"line":62,"column":2},"end":{"line":64,"column":3}},{"start":{},"end":{}}],"line":62},"4":{"loc":{"start":{"line":65,"column":2},"end":{"line":67,"column":3}},"type":"if","locations":[{"start":{"line":65,"column":2},"end":{"line":67,"column":3}},{"start":{},"end":{}}],"line":65},"5":{"loc":{"start":{"line":81,"column":2},"end":{"line":81,"column":74}},"type":"if","locations":[{"start":{"line":81,"column":2},"end":{"line":81,"column":74}},{"start":{},"end":{}}],"line":81},"6":{"loc":{"start":{"line":81,"column":6},"end":{"line":81,"column":56}},"type":"binary-expr","locations":[{"start":{"line":81,"column":6},"end":{"line":81,"column":23}},{"start":{"line":81,"column":27},"end":{"line":81,"column":56}}],"line":81},"7":{"loc":{"start":{"line":85,"column":4},"end":{"line":90,"column":5}},"type":"if","locations":[{"start":{"line":85,"column":4},"end":{"line":90,"column":5}},{"start":{},"end":{}}],"line":85},"8":{"loc":{"start":{"line":87,"column":6},"end":{"line":89,"column":7}},"type":"if","locations":[{"start":{"line":87,"column":6},"end":{"line":89,"column":7}},{"start":{},"end":{}}],"line":87},"9":{"loc":{"start":{"line":87,"column":10},"end":{"line":87,"column":40}},"type":"binary-expr","locations":[{"start":{"line":87,"column":10},"end":{"line":87,"column":26}},{"start":{"line":87,"column":30},"end":{"line":87,"column":40}}],"line":87},"10":{"loc":{"start":{"line":105,"column":17},"end":{"line":105,"column":31}},"type":"default-arg","locations":[{"start":{"line":105,"column":23},"end":{"line":105,"column":31}}],"line":105},"11":{"loc":{"start":{"line":133,"column":6},"end":{"line":152,"column":7}},"type":"if","locations":[{"start":{"line":133,"column":6},"end":{"line":152,"column":7}},{"start":{},"end":{}}],"line":133},"12":{"loc":{"start":{"line":133,"column":10},"end":{"line":133,"column":46}},"type":"binary-expr","locations":[{"start":{"line":133,"column":10},"end":{"line":133,"column":13}},{"start":{"line":133,"column":17},"end":{"line":133,"column":46}}],"line":133},"13":{"loc":{"start":{"line":136,"column":22},"end":{"line":136,"column":52}},"type":"binary-expr","locations":[{"start":{"line":136,"column":22},"end":{"line":136,"column":46}},{"start":{"line":136,"column":50},"end":{"line":136,"column":52}}],"line":136},"14":{"loc":{"start":{"line":137,"column":22},"end":{"line":137,"column":40}},"type":"binary-expr","locations":[{"start":{"line":137,"column":22},"end":{"line":137,"column":34}},{"start":{"line":137,"column":38},"end":{"line":137,"column":40}}],"line":137},"15":{"loc":{"start":{"line":139,"column":21},"end":{"line":139,"column":64}},"type":"binary-expr","locations":[{"start":{"line":139,"column":21},"end":{"line":139,"column":43}},{"start":{"line":139,"column":47},"end":{"line":139,"column":58}},{"start":{"line":139,"column":62},"end":{"line":139,"column":64}}],"line":139},"16":{"loc":{"start":{"line":147,"column":25},"end":{"line":147,"column":49}},"type":"binary-expr","locations":[{"start":{"line":147,"column":25},"end":{"line":147,"column":43}},{"start":{"line":147,"column":47},"end":{"line":147,"column":49}}],"line":147},"17":{"loc":{"start":{"line":160,"column":4},"end":{"line":160,"column":25}},"type":"binary-expr","locations":[{"start":{"line":160,"column":4},"end":{"line":160,"column":19}},{"start":{"line":160,"column":23},"end":{"line":160,"column":25}}],"line":160}},"s":{"0":0,"1":0,"2":0,"3":0,"4":0,"5":0,"6":0,"7":0,"8":0,"9":0,"10":0,"11":0,"12":0,"13":0,"14":0,"15":0,"16":0,"17":0,"18":0,"19":0,"20":0,"21":0,"22":0,"23":0,"24":0,"25":0,"26":0,"27":0,"28":0,"29":0,"30":0,"31":0,"32":0,"33":0,"34":0,"35":0,"36":0,"37":0,"38":0,"39":0,"40":0,"41":0,"42":0,"43":0,"44":0,"45":0},"f":{"0":0,"1":0,"2":0,"3":0,"4":0,"5":0,"6":0,"7":0},"b":{"0":[0,0,0],"1":[0,0],"2":[0,0],"3":[0,0],"4":[0,0],"5":[0,0],"6":[0,0],"7":[0,0],"8":[0,0],"9":[0,0],"10":[0],"11":[0,0],"12":[0,0],"13":[0,0],"14":[0,0],"15":[0,0,0],"16":[0,0],"17":[0,0]}}
,"/usr/local/google/home/meredithdodge/helltool/packages/filter-components/src/Filter/Filter.tsx": {"path":"/usr/local/google/home/meredithdodge/helltool/packages/filter-components/src/Filter/Filter.tsx","statementMap":{"0":{"start":{"line":49,"column":22},"end":{"line":192,"column":1}},"1":{"start":{"line":57,"column":25},"end":{"line":62,"column":46}},"2":{"start":{"line":58,"column":4},"end":{"line":61,"column":5}},"3":{"start":{"line":64,"column":28},"end":{"line":64,"column":78}},"4":{"start":{"line":66,"column":17},"end":{"line":67,"column":72}},"5":{"start":{"line":67,"column":4},"end":{"line":67,"column":72}},"6":{"start":{"line":69,"column":24},"end":{"line":69,"column":40}},"7":{"start":{"line":73,"column":24},"end":{"line":73,"column":42}},"8":{"start":{"line":74,"column":18},"end":{"line":74,"column":40}},"9":{"start":{"line":79,"column":29},"end":{"line":79,"column":42}},"10":{"start":{"line":80,"column":2},"end":{"line":87,"column":3}},"11":{"start":{"line":84,"column":4},"end":{"line":84,"column":18}},"12":{"start":{"line":85,"column":4},"end":{"line":85,"column":38}},"13":{"start":{"line":86,"column":4},"end":{"line":86,"column":36}},"14":{"start":{"line":89,"column":27},"end":{"line":98,"column":3}},"15":{"start":{"line":90,"column":25},"end":{"line":90,"column":54}},"16":{"start":{"line":91,"column":4},"end":{"line":97,"column":5}},"17":{"start":{"line":92,"column":6},"end":{"line":94,"column":37}},"18":{"start":{"line":93,"column":8},"end":{"line":93,"column":25}},"19":{"start":{"line":94,"column":13},"end":{"line":94,"column":37}},"20":{"start":{"line":96,"column":6},"end":{"line":96,"column":71}},"21":{"start":{"line":100,"column":20},"end":{"line":132,"column":3}},"22":{"start":{"line":101,"column":4},"end":{"line":101,"column":37}},"23":{"start":{"line":102,"column":4},"end":{"line":104,"column":6}},"24":{"start":{"line":103,"column":6},"end":{"line":103,"column":40}},"25":{"start":{"line":105,"column":4},"end":{"line":105,"column":18}},"26":{"start":{"line":106,"column":4},"end":{"line":131,"column":5}},"27":{"start":{"line":108,"column":6},"end":{"line":130,"column":7}},"28":{"start":{"line":113,"column":8},"end":{"line":113,"column":28}},"29":{"start":{"line":115,"column":8},"end":{"line":129,"column":9}},"30":{"start":{"line":116,"column":32},"end":{"line":116,"column":56}},"31":{"start":{"line":118,"column":10},"end":{"line":122,"column":11}},"32":{"start":{"line":123,"column":10},"end":{"line":123,"column":47}},"33":{"start":{"line":125,"column":10},"end":{"line":125,"column":57}},"34":{"start":{"line":134,"column":31},"end":{"line":141,"column":4}},"35":{"start":{"line":143,"column":26},"end":{"line":143,"column":66}},"36":{"start":{"line":147,"column":23},"end":{"line":168,"column":3}},"37":{"start":{"line":149,"column":4},"end":{"line":167,"column":5}},"38":{"start":{"line":150,"column":6},"end":{"line":166,"column":7}},"39":{"start":{"line":151,"column":8},"end":{"line":151,"column":67}},"40":{"start":{"line":155,"column":10},"end":{"line":164,"column":46}},"41":{"start":{"line":165,"column":8},"end":{"line":165,"column":44}},"42":{"start":{"line":170,"column":2},"end":{"line":170,"column":23}},"43":{"start":{"line":170,"column":12},"end":{"line":170,"column":23}},"44":{"start":{"line":172,"column":2},"end":{"line":191,"column":3}}},"fnMap":{"0":{"name":"(anonymous_0)","decl":{"start":{"line":49,"column":22},"end":{"line":49,"column":23}},"loc":{"start":{"line":56,"column":19},"end":{"line":192,"column":1}},"line":56},"1":{"name":"(anonymous_1)","decl":{"start":{"line":57,"column":33},"end":{"line":57,"column":34}},"loc":{"start":{"line":57,"column":39},"end":{"line":62,"column":3}},"line":57},"2":{"name":"(anonymous_2)","decl":{"start":{"line":66,"column":17},"end":{"line":66,"column":18}},"loc":{"start":{"line":67,"column":4},"end":{"line":67,"column":72}},"line":67},"3":{"name":"(anonymous_3)","decl":{"start":{"line":89,"column":27},"end":{"line":89,"column":28}},"loc":{"start":{"line":89,"column":54},"end":{"line":98,"column":3}},"line":89},"4":{"name":"(anonymous_4)","decl":{"start":{"line":100,"column":20},"end":{"line":100,"column":21}},"loc":{"start":{"line":100,"column":59},"end":{"line":132,"column":3}},"line":100},"5":{"name":"(anonymous_5)","decl":{"start":{"line":102,"column":26},"end":{"line":102,"column":27}},"loc":{"start":{"line":102,"column":32},"end":{"line":104,"column":5}},"line":102},"6":{"name":"(anonymous_6)","decl":{"start":{"line":147,"column":23},"end":{"line":147,"column":24}},"loc":{"start":{"line":147,"column":61},"end":{"line":168,"column":3}},"line":147}},"branchMap":{"0":{"loc":{"start":{"line":59,"column":6},"end":{"line":60,"column":66}},"type":"binary-expr","locations":[{"start":{"line":59,"column":6},"end":{"line":59,"column":25}},{"start":{"line":60,"column":6},"end":{"line":60,"column":66}}],"line":59},"1":{"loc":{"start":{"line":60,"column":39},"end":{"line":60,"column":63}},"type":"binary-expr","locations":[{"start":{"line":60,"column":39},"end":{"line":60,"column":50}},{"start":{"line":60,"column":54},"end":{"line":60,"column":63}}],"line":60},"2":{"loc":{"start":{"line":80,"column":2},"end":{"line":87,"column":3}},"type":"if","locations":[{"start":{"line":80,"column":2},"end":{"line":87,"column":3}},{"start":{},"end":{}}],"line":80},"3":{"loc":{"start":{"line":81,"column":4},"end":{"line":82,"column":80}},"type":"binary-expr","locations":[{"start":{"line":81,"column":4},"end":{"line":81,"column":31}},{"start":{"line":82,"column":5},"end":{"line":82,"column":41}},{"start":{"line":82,"column":45},"end":{"line":82,"column":79}}],"line":81},"4":{"loc":{"start":{"line":91,"column":4},"end":{"line":97,"column":5}},"type":"if","locations":[{"start":{"line":91,"column":4},"end":{"line":97,"column":5}},{"start":{"line":95,"column":11},"end":{"line":97,"column":5}}],"line":91},"5":{"loc":{"start":{"line":92,"column":6},"end":{"line":94,"column":37}},"type":"if","locations":[{"start":{"line":92,"column":6},"end":{"line":94,"column":37}},{"start":{"line":94,"column":13},"end":{"line":94,"column":37}}],"line":92},"6":{"loc":{"start":{"line":92,"column":10},"end":{"line":92,"column":71}},"type":"binary-expr","locations":[{"start":{"line":92,"column":10},"end":{"line":92,"column":41}},{"start":{"line":92,"column":45},"end":{"line":92,"column":71}}],"line":92},"7":{"loc":{"start":{"line":96,"column":46},"end":{"line":96,"column":70}},"type":"binary-expr","locations":[{"start":{"line":96,"column":46},"end":{"line":96,"column":57}},{"start":{"line":96,"column":61},"end":{"line":96,"column":70}}],"line":96},"8":{"loc":{"start":{"line":106,"column":4},"end":{"line":131,"column":5}},"type":"if","locations":[{"start":{"line":106,"column":4},"end":{"line":131,"column":5}},{"start":{},"end":{}}],"line":106},"9":{"loc":{"start":{"line":108,"column":6},"end":{"line":130,"column":7}},"type":"if","locations":[{"start":{"line":108,"column":6},"end":{"line":130,"column":7}},{"start":{"line":114,"column":13},"end":{"line":130,"column":7}}],"line":108},"10":{"loc":{"start":{"line":109,"column":8},"end":{"line":111,"column":36}},"type":"binary-expr","locations":[{"start":{"line":109,"column":8},"end":{"line":109,"column":26}},{"start":{"line":110,"column":8},"end":{"line":110,"column":37}},{"start":{"line":111,"column":8},"end":{"line":111,"column":36}}],"line":109},"11":{"loc":{"start":{"line":135,"column":9},"end":{"line":135,"column":18}},"type":"binary-expr","locations":[{"start":{"line":135,"column":9},"end":{"line":135,"column":12}},{"start":{"line":135,"column":16},"end":{"line":135,"column":18}}],"line":135},"12":{"loc":{"start":{"line":143,"column":26},"end":{"line":143,"column":66}},"type":"binary-expr","locations":[{"start":{"line":143,"column":26},"end":{"line":143,"column":32}},{"start":{"line":143,"column":36},"end":{"line":143,"column":66}}],"line":143},"13":{"loc":{"start":{"line":149,"column":4},"end":{"line":167,"column":5}},"type":"if","locations":[{"start":{"line":149,"column":4},"end":{"line":167,"column":5}},{"start":{},"end":{}}],"line":149},"14":{"loc":{"start":{"line":150,"column":6},"end":{"line":166,"column":7}},"type":"if","locations":[{"start":{"line":150,"column":6},"end":{"line":166,"column":7}},{"start":{"line":152,"column":13},"end":{"line":166,"column":7}}],"line":150},"15":{"loc":{"start":{"line":155,"column":10},"end":{"line":164,"column":46}},"type":"cond-expr","locations":[{"start":{"line":156,"column":14},"end":{"line":163,"column":15}},{"start":{"line":164,"column":14},"end":{"line":164,"column":46}}],"line":155},"16":{"loc":{"start":{"line":159,"column":18},"end":{"line":162,"column":40}},"type":"cond-expr","locations":[{"start":{"line":161,"column":22},"end":{"line":161,"column":32}},{"start":{"line":162,"column":22},"end":{"line":162,"column":40}}],"line":159},"17":{"loc":{"start":{"line":159,"column":18},"end":{"line":160,"column":45}},"type":"binary-expr","locations":[{"start":{"line":159,"column":18},"end":{"line":159,"column":50}},{"start":{"line":160,"column":18},"end":{"line":160,"column":45}}],"line":159},"18":{"loc":{"start":{"line":170,"column":2},"end":{"line":170,"column":23}},"type":"if","locations":[{"start":{"line":170,"column":2},"end":{"line":170,"column":23}},{"start":{},"end":{}}],"line":170},"19":{"loc":{"start":{"line":172,"column":9},"end":{"line":191,"column":3}},"type":"cond-expr","locations":[{"start":{"line":173,"column":4},"end":{"line":180,"column":6}},{"start":{"line":182,"column":4},"end":{"line":190,"column":6}}],"line":172}},"s":{"0":0,"1":0,"2":0,"3":0,"4":0,"5":0,"6":0,"7":0,"8":0,"9":0,"10":0,"11":0,"12":0,"13":0,"14":0,"15":0,"16":0,"17":0,"18":0,"19":0,"20":0,"21":0,"22":0,"23":0,"24":0,"25":0,"26":0,"27":0,"28":0,"29":0,"30":0,"31":0,"32":0,"33":0,"34":0,"35":0,"36":0,"37":0,"38":0,"39":0,"40":0,"41":0,"42":0,"43":0,"44":0},"f":{"0":0,"1":0,"2":0,"3":0,"4":0,"5":0,"6":0},"b":{"0":[0,0],"1":[0,0],"2":[0,0],"3":[0,0,0],"4":[0,0],"5":[0,0],"6":[0,0],"7":[0,0],"8":[0,0],"9":[0,0],"10":[0,0,0],"11":[0,0],"12":[0,0],"13":[0,0],"14":[0,0],"15":[0,0],"16":[0,0],"17":[0,0],"18":[0,0],"19":[0,0]}}
,"/usr/local/google/home/meredithdodge/helltool/packages/filter-components/src/Filter/components/AdvancedFilter/AdvancedFilter.tsx": {"path":"/usr/local/google/home/meredithdodge/helltool/packages/filter-components/src/Filter/components/AdvancedFilter/AdvancedFilter.tsx","statementMap":{"0":{"start":{"line":33,"column":24},"end":{"line":37,"column":1}},"1":{"start":{"line":34,"column":2},"end":{"line":34,"column":28}},"2":{"start":{"line":34,"column":17},"end":{"line":34,"column":28}},"3":{"start":{"line":35,"column":2},"end":{"line":35,"column":33}},"4":{"start":{"line":35,"column":18},"end":{"line":35,"column":33}},"5":{"start":{"line":36,"column":2},"end":{"line":36,"column":14}},"6":{"start":{"line":46,"column":30},"end":{"line":123,"column":1}},"7":{"start":{"line":64,"column":16},"end":{"line":69,"column":3}},"8":{"start":{"line":65,"column":4},"end":{"line":68,"column":5}},"9":{"start":{"line":66,"column":22},"end":{"line":66,"column":75}},"10":{"start":{"line":67,"column":6},"end":{"line":67,"column":55}},"11":{"start":{"line":71,"column":19},"end":{"line":75,"column":3}},"12":{"start":{"line":72,"column":4},"end":{"line":74,"column":5}},"13":{"start":{"line":73,"column":6},"end":{"line":73,"column":36}},"14":{"start":{"line":77,"column":26},"end":{"line":77,"column":57}},"15":{"start":{"line":78,"column":2},"end":{"line":78,"column":35}},"16":{"start":{"line":78,"column":24},"end":{"line":78,"column":35}},"17":{"start":{"line":80,"column":31},"end":{"line":80,"column":52}},"18":{"start":{"line":82,"column":24},"end":{"line":82,"column":40}},"19":{"start":{"line":84,"column":21},"end":{"line":121,"column":4}},"20":{"start":{"line":85,"column":16},"end":{"line":85,"column":36}},"21":{"start":{"line":86,"column":30},"end":{"line":86,"column":61}},"22":{"start":{"line":88,"column":6},"end":{"line":92,"column":14}},"23":{"start":{"line":93,"column":23},"end":{"line":93,"column":62}},"24":{"start":{"line":95,"column":4},"end":{"line":120,"column":5}},"25":{"start":{"line":122,"column":2},"end":{"line":122,"column":52}}},"fnMap":{"0":{"name":"(anonymous_0)","decl":{"start":{"line":33,"column":24},"end":{"line":33,"column":25}},"loc":{"start":{"line":33,"column":59},"end":{"line":37,"column":1}},"line":33},"1":{"name":"(anonymous_1)","decl":{"start":{"line":46,"column":30},"end":{"line":46,"column":31}},"loc":{"start":{"line":63,"column":27},"end":{"line":123,"column":1}},"line":63},"2":{"name":"(anonymous_2)","decl":{"start":{"line":64,"column":16},"end":{"line":64,"column":17}},"loc":{"start":{"line":64,"column":66},"end":{"line":69,"column":3}},"line":64},"3":{"name":"(anonymous_3)","decl":{"start":{"line":71,"column":19},"end":{"line":71,"column":20}},"loc":{"start":{"line":71,"column":35},"end":{"line":75,"column":3}},"line":71},"4":{"name":"(anonymous_4)","decl":{"start":{"line":84,"column":31},"end":{"line":84,"column":32}},"loc":{"start":{"line":84,"column":52},"end":{"line":121,"column":3}},"line":84}},"branchMap":{"0":{"loc":{"start":{"line":34,"column":2},"end":{"line":34,"column":28}},"type":"if","locations":[{"start":{"line":34,"column":2},"end":{"line":34,"column":28}},{"start":{},"end":{}}],"line":34},"1":{"loc":{"start":{"line":35,"column":2},"end":{"line":35,"column":33}},"type":"if","locations":[{"start":{"line":35,"column":2},"end":{"line":35,"column":33}},{"start":{},"end":{}}],"line":35},"2":{"loc":{"start":{"line":65,"column":4},"end":{"line":68,"column":5}},"type":"if","locations":[{"start":{"line":65,"column":4},"end":{"line":68,"column":5}},{"start":{},"end":{}}],"line":65},"3":{"loc":{"start":{"line":66,"column":22},"end":{"line":66,"column":75}},"type":"cond-expr","locations":[{"start":{"line":66,"column":34},"end":{"line":66,"column":44}},{"start":{"line":66,"column":47},"end":{"line":66,"column":75}}],"line":66},"4":{"loc":{"start":{"line":72,"column":4},"end":{"line":74,"column":5}},"type":"if","locations":[{"start":{"line":72,"column":4},"end":{"line":74,"column":5}},{"start":{},"end":{}}],"line":72},"5":{"loc":{"start":{"line":78,"column":2},"end":{"line":78,"column":35}},"type":"if","locations":[{"start":{"line":78,"column":2},"end":{"line":78,"column":35}},{"start":{},"end":{}}],"line":78},"6":{"loc":{"start":{"line":80,"column":42},"end":{"line":80,"column":51}},"type":"binary-expr","locations":[{"start":{"line":80,"column":42},"end":{"line":80,"column":45}},{"start":{"line":80,"column":49},"end":{"line":80,"column":51}}],"line":80},"7":{"loc":{"start":{"line":88,"column":6},"end":{"line":92,"column":14}},"type":"binary-expr","locations":[{"start":{"line":88,"column":6},"end":{"line":88,"column":33}},{"start":{"line":89,"column":6},"end":{"line":89,"column":24}},{"start":{"line":90,"column":6},"end":{"line":90,"column":23}},{"start":{"line":91,"column":6},"end":{"line":91,"column":34}},{"start":{"line":92,"column":6},"end":{"line":92,"column":14}}],"line":88},"8":{"loc":{"start":{"line":93,"column":23},"end":{"line":93,"column":62}},"type":"binary-expr","locations":[{"start":{"line":93,"column":23},"end":{"line":93,"column":40}},{"start":{"line":93,"column":44},"end":{"line":93,"column":62}}],"line":93}},"s":{"0":0,"1":0,"2":0,"3":0,"4":0,"5":0,"6":0,"7":0,"8":0,"9":0,"10":0,"11":0,"12":0,"13":0,"14":0,"15":0,"16":0,"17":0,"18":0,"19":0,"20":0,"21":0,"22":0,"23":0,"24":0,"25":0},"f":{"0":0,"1":0,"2":0,"3":0,"4":0},"b":{"0":[0,0],"1":[0,0],"2":[0,0],"3":[0,0],"4":[0,0],"5":[0,0],"6":[0,0],"7":[0,0,0,0,0],"8":[0,0]}}
,"/usr/local/google/home/meredithdodge/helltool/packages/filter-components/src/Filter/components/AdvancedFilter/components/AddRemoveButtons/AddRemoveButtons.tsx": {"path":"/usr/local/google/home/meredithdodge/helltool/packages/filter-components/src/Filter/components/AdvancedFilter/components/AddRemoveButtons/AddRemoveButtons.tsx","statementMap":{"0":{"start":{"line":19,"column":32},"end":{"line":53,"column":1}},"1":{"start":{"line":25,"column":16},"end":{"line":25,"column":50}},"2":{"start":{"line":26,"column":2},"end":{"line":52,"column":3}}},"fnMap":{"0":{"name":"(anonymous_0)","decl":{"start":{"line":19,"column":32},"end":{"line":19,"column":33}},"loc":{"start":{"line":24,"column":29},"end":{"line":53,"column":1}},"line":24}},"branchMap":{"0":{"loc":{"start":{"line":28,"column":7},"end":{"line":38,"column":7}},"type":"binary-expr","locations":[{"start":{"line":28,"column":7},"end":{"line":28,"column":17}},{"start":{"line":29,"column":8},"end":{"line":37,"column":10}}],"line":28},"1":{"loc":{"start":{"line":40,"column":7},"end":{"line":50,"column":7}},"type":"binary-expr","locations":[{"start":{"line":40,"column":7},"end":{"line":40,"column":14}},{"start":{"line":41,"column":8},"end":{"line":49,"column":10}}],"line":40}},"s":{"0":0,"1":0,"2":0},"f":{"0":0},"b":{"0":[0,0],"1":[0,0]}}
,"/usr/local/google/home/meredithdodge/helltool/packages/filter-components/src/Filter/components/AdvancedFilter/components/DateFilter/DateFilter.tsx": {"path":"/usr/local/google/home/meredithdodge/helltool/packages/filter-components/src/Filter/components/AdvancedFilter/components/DateFilter/DateFilter.tsx","statementMap":{"0":{"start":{"line":22,"column":26},"end":{"line":78,"column":1}},"1":{"start":{"line":34,"column":21},"end":{"line":35,"column":61}},"2":{"start":{"line":35,"column":4},"end":{"line":35,"column":61}},"3":{"start":{"line":36,"column":22},"end":{"line":36,"column":40}},"4":{"start":{"line":37,"column":28},"end":{"line":37,"column":61}},"5":{"start":{"line":38,"column":15},"end":{"line":38,"column":55}},"6":{"start":{"line":39,"column":2},"end":{"line":42,"column":3}},"7":{"start":{"line":40,"column":4},"end":{"line":40,"column":30}},"8":{"start":{"line":41,"column":4},"end":{"line":41,"column":19}},"9":{"start":{"line":43,"column":18},"end":{"line":46,"column":3}},"10":{"start":{"line":48,"column":22},"end":{"line":48,"column":58}},"11":{"start":{"line":48,"column":28},"end":{"line":48,"column":58}},"12":{"start":{"line":50,"column":39},"end":{"line":50,"column":72}},"13":{"start":{"line":52,"column":2},"end":{"line":77,"column":3}}},"fnMap":{"0":{"name":"(anonymous_0)","decl":{"start":{"line":22,"column":26},"end":{"line":22,"column":27}},"loc":{"start":{"line":33,"column":40},"end":{"line":78,"column":1}},"line":33},"1":{"name":"(anonymous_1)","decl":{"start":{"line":34,"column":21},"end":{"line":34,"column":22}},"loc":{"start":{"line":35,"column":4},"end":{"line":35,"column":61}},"line":35},"2":{"name":"(anonymous_2)","decl":{"start":{"line":48,"column":22},"end":{"line":48,"column":23}},"loc":{"start":{"line":48,"column":28},"end":{"line":48,"column":58}},"line":48}},"branchMap":{"0":{"loc":{"start":{"line":39,"column":2},"end":{"line":42,"column":3}},"type":"if","locations":[{"start":{"line":39,"column":2},"end":{"line":42,"column":3}},{"start":{},"end":{}}],"line":39},"1":{"loc":{"start":{"line":45,"column":4},"end":{"line":45,"column":39}},"type":"binary-expr","locations":[{"start":{"line":45,"column":4},"end":{"line":45,"column":16}},{"start":{"line":45,"column":20},"end":{"line":45,"column":39}}],"line":45},"2":{"loc":{"start":{"line":60,"column":10},"end":{"line":62,"column":20}},"type":"cond-expr","locations":[{"start":{"line":61,"column":14},"end":{"line":61,"column":23}},{"start":{"line":62,"column":14},"end":{"line":62,"column":20}}],"line":60}},"s":{"0":0,"1":0,"2":0,"3":0,"4":0,"5":0,"6":0,"7":0,"8":0,"9":0,"10":0,"11":0,"12":0,"13":0},"f":{"0":0,"1":0,"2":0},"b":{"0":[0,0],"1":[0,0],"2":[0,0]}}
,"/usr/local/google/home/meredithdodge/helltool/packages/filter-components/src/Filter/components/AdvancedFilter/components/DateFilter/components/BeforeAfter/BeforeAfter.tsx": {"path":"/usr/local/google/home/meredithdodge/helltool/packages/filter-components/src/Filter/components/AdvancedFilter/components/DateFilter/components/BeforeAfter/BeforeAfter.tsx","statementMap":{"0":{"start":{"line":54,"column":27},"end":{"line":139,"column":1}},"1":{"start":{"line":60,"column":16},"end":{"line":60,"column":45}},"2":{"start":{"line":61,"column":18},"end":{"line":64,"column":3}},"3":{"start":{"line":65,"column":52},"end":{"line":65,"column":56}},"4":{"start":{"line":66,"column":22},"end":{"line":68,"column":3}},"5":{"start":{"line":67,"column":4},"end":{"line":67,"column":34}},"6":{"start":{"line":69,"column":22},"end":{"line":70,"column":51}},"7":{"start":{"line":70,"column":4},"end":{"line":70,"column":51}},"8":{"start":{"line":72,"column":21},"end":{"line":75,"column":3}},"9":{"start":{"line":73,"column":19},"end":{"line":73,"column":71}},"10":{"start":{"line":73,"column":48},"end":{"line":73,"column":70}},"11":{"start":{"line":74,"column":4},"end":{"line":74,"column":66}},"12":{"start":{"line":77,"column":21},"end":{"line":80,"column":3}},"13":{"start":{"line":78,"column":29},"end":{"line":78,"column":63}},"14":{"start":{"line":79,"column":4},"end":{"line":79,"column":44}},"15":{"start":{"line":82,"column":21},"end":{"line":82,"column":72}},"16":{"start":{"line":83,"column":24},"end":{"line":83,"column":57}},"17":{"start":{"line":85,"column":35},"end":{"line":85,"column":64}},"18":{"start":{"line":86,"column":29},"end":{"line":86,"column":52}},"19":{"start":{"line":87,"column":22},"end":{"line":89,"column":24}},"20":{"start":{"line":91,"column":31},"end":{"line":94,"column":3}},"21":{"start":{"line":92,"column":10},"end":{"line":92,"column":67}},"22":{"start":{"line":92,"column":49},"end":{"line":92,"column":65}},"23":{"start":{"line":95,"column":2},"end":{"line":138,"column":3}}},"fnMap":{"0":{"name":"(anonymous_0)","decl":{"start":{"line":54,"column":27},"end":{"line":54,"column":28}},"loc":{"start":{"line":59,"column":25},"end":{"line":139,"column":1}},"line":59},"1":{"name":"(anonymous_1)","decl":{"start":{"line":66,"column":22},"end":{"line":66,"column":23}},"loc":{"start":{"line":66,"column":41},"end":{"line":68,"column":3}},"line":66},"2":{"name":"(anonymous_2)","decl":{"start":{"line":69,"column":22},"end":{"line":69,"column":23}},"loc":{"start":{"line":70,"column":4},"end":{"line":70,"column":51}},"line":70},"3":{"name":"(anonymous_3)","decl":{"start":{"line":72,"column":21},"end":{"line":72,"column":22}},"loc":{"start":{"line":72,"column":40},"end":{"line":75,"column":3}},"line":72},"4":{"name":"(anonymous_4)","decl":{"start":{"line":73,"column":36},"end":{"line":73,"column":37}},"loc":{"start":{"line":73,"column":48},"end":{"line":73,"column":70}},"line":73},"5":{"name":"(anonymous_5)","decl":{"start":{"line":77,"column":21},"end":{"line":77,"column":22}},"loc":{"start":{"line":77,"column":40},"end":{"line":80,"column":3}},"line":77},"6":{"name":"(anonymous_6)","decl":{"start":{"line":92,"column":4},"end":{"line":92,"column":5}},"loc":{"start":{"line":92,"column":10},"end":{"line":92,"column":67}},"line":92},"7":{"name":"(anonymous_7)","decl":{"start":{"line":92,"column":26},"end":{"line":92,"column":27}},"loc":{"start":{"line":92,"column":49},"end":{"line":92,"column":65}},"line":92}},"branchMap":{"0":{"loc":{"start":{"line":82,"column":21},"end":{"line":82,"column":72}},"type":"cond-expr","locations":[{"start":{"line":82,"column":28},"end":{"line":82,"column":59}},{"start":{"line":82,"column":62},"end":{"line":82,"column":72}}],"line":82},"1":{"loc":{"start":{"line":83,"column":24},"end":{"line":83,"column":57}},"type":"cond-expr","locations":[{"start":{"line":83,"column":34},"end":{"line":83,"column":45}},{"start":{"line":83,"column":48},"end":{"line":83,"column":57}}],"line":83},"2":{"loc":{"start":{"line":87,"column":22},"end":{"line":89,"column":24}},"type":"cond-expr","locations":[{"start":{"line":88,"column":6},"end":{"line":88,"column":30}},{"start":{"line":89,"column":6},"end":{"line":89,"column":24}}],"line":87},"3":{"loc":{"start":{"line":103,"column":7},"end":{"line":120,"column":7}},"type":"binary-expr","locations":[{"start":{"line":103,"column":7},"end":{"line":103,"column":27}},{"start":{"line":104,"column":8},"end":{"line":119,"column":11}}],"line":103},"4":{"loc":{"start":{"line":105,"column":11},"end":{"line":112,"column":11}},"type":"binary-expr","locations":[{"start":{"line":105,"column":11},"end":{"line":105,"column":34}},{"start":{"line":106,"column":12},"end":{"line":111,"column":14}}],"line":105},"5":{"loc":{"start":{"line":121,"column":7},"end":{"line":136,"column":7}},"type":"binary-expr","locations":[{"start":{"line":121,"column":7},"end":{"line":121,"column":27}},{"start":{"line":122,"column":8},"end":{"line":135,"column":11}}],"line":121},"6":{"loc":{"start":{"line":126,"column":23},"end":{"line":126,"column":52}},"type":"cond-expr","locations":[{"start":{"line":126,"column":34},"end":{"line":126,"column":42}},{"start":{"line":126,"column":45},"end":{"line":126,"column":52}}],"line":126},"7":{"loc":{"start":{"line":128,"column":11},"end":{"line":134,"column":11}},"type":"binary-expr","locations":[{"start":{"line":128,"column":11},"end":{"line":128,"column":19}},{"start":{"line":129,"column":12},"end":{"line":133,"column":14}}],"line":128}},"s":{"0":0,"1":0,"2":0,"3":0,"4":0,"5":0,"6":0,"7":0,"8":0,"9":0,"10":0,"11":0,"12":0,"13":0,"14":0,"15":0,"16":0,"17":0,"18":0,"19":0,"20":0,"21":0,"22":0,"23":0},"f":{"0":0,"1":0,"2":0,"3":0,"4":0,"5":0,"6":0,"7":0},"b":{"0":[0,0],"1":[0,0],"2":[0,0],"3":[0,0],"4":[0,0],"5":[0,0],"6":[0,0],"7":[0,0]}}
,"/usr/local/google/home/meredithdodge/helltool/packages/filter-components/src/Filter/components/AdvancedFilter/components/DateFilter/components/DateInput/DateInput.tsx": {"path":"/usr/local/google/home/meredithdodge/helltool/packages/filter-components/src/Filter/components/AdvancedFilter/components/DateFilter/components/DateInput/DateInput.tsx","statementMap":{"0":{"start":{"line":19,"column":33},"end":{"line":60,"column":1}},"1":{"start":{"line":24,"column":26},"end":{"line":38,"column":3}},"2":{"start":{"line":25,"column":20},"end":{"line":25,"column":45}},"3":{"start":{"line":28,"column":4},"end":{"line":37,"column":5}},"4":{"start":{"line":40,"column":2},"end":{"line":59,"column":3}},"5":{"start":{"line":62,"column":25},"end":{"line":64,"column":1}}},"fnMap":{"0":{"name":"(anonymous_0)","decl":{"start":{"line":19,"column":33},"end":{"line":19,"column":34}},"loc":{"start":{"line":23,"column":22},"end":{"line":60,"column":1}},"line":23},"1":{"name":"(anonymous_1)","decl":{"start":{"line":24,"column":26},"end":{"line":24,"column":27}},"loc":{"start":{"line":24,"column":40},"end":{"line":38,"column":3}},"line":24}},"branchMap":{"0":{"loc":{"start":{"line":25,"column":20},"end":{"line":25,"column":45}},"type":"binary-expr","locations":[{"start":{"line":25,"column":20},"end":{"line":25,"column":21}},{"start":{"line":25,"column":25},"end":{"line":25,"column":45}}],"line":25}},"s":{"0":0,"1":0,"2":0,"3":0,"4":0,"5":0},"f":{"0":0,"1":0},"b":{"0":[0,0]}}
,"/usr/local/google/home/meredithdodge/helltool/packages/filter-components/src/Filter/components/AdvancedFilter/components/DateFilter/components/DateRange/DateRange.tsx": {"path":"/usr/local/google/home/meredithdodge/helltool/packages/filter-components/src/Filter/components/AdvancedFilter/components/DateFilter/components/DateRange/DateRange.tsx","statementMap":{"0":{"start":{"line":46,"column":25},"end":{"line":104,"column":1}},"1":{"start":{"line":52,"column":29},"end":{"line":52,"column":33}},"2":{"start":{"line":53,"column":20},"end":{"line":55,"column":26}},"3":{"start":{"line":56,"column":18},"end":{"line":56,"column":77}},"4":{"start":{"line":58,"column":22},"end":{"line":68,"column":3}},"5":{"start":{"line":59,"column":4},"end":{"line":67,"column":5}},"6":{"start":{"line":60,"column":21},"end":{"line":60,"column":41}},"7":{"start":{"line":61,"column":6},"end":{"line":64,"column":8}},"8":{"start":{"line":66,"column":6},"end":{"line":66,"column":66}},"9":{"start":{"line":70,"column":20},"end":{"line":80,"column":3}},"10":{"start":{"line":71,"column":4},"end":{"line":79,"column":5}},"11":{"start":{"line":72,"column":23},"end":{"line":72,"column":42}},"12":{"start":{"line":73,"column":6},"end":{"line":76,"column":8}},"13":{"start":{"line":78,"column":6},"end":{"line":78,"column":62}},"14":{"start":{"line":81,"column":16},"end":{"line":81,"column":43}},"15":{"start":{"line":83,"column":2},"end":{"line":103,"column":3}}},"fnMap":{"0":{"name":"(anonymous_0)","decl":{"start":{"line":46,"column":25},"end":{"line":46,"column":26}},"loc":{"start":{"line":51,"column":27},"end":{"line":104,"column":1}},"line":51},"1":{"name":"(anonymous_1)","decl":{"start":{"line":58,"column":22},"end":{"line":58,"column":23}},"loc":{"start":{"line":58,"column":42},"end":{"line":68,"column":3}},"line":58},"2":{"name":"(anonymous_2)","decl":{"start":{"line":70,"column":20},"end":{"line":70,"column":21}},"loc":{"start":{"line":70,"column":38},"end":{"line":80,"column":3}},"line":70}},"branchMap":{"0":{"loc":{"start":{"line":53,"column":20},"end":{"line":55,"column":26}},"type":"cond-expr","locations":[{"start":{"line":54,"column":6},"end":{"line":54,"column":38}},{"start":{"line":55,"column":6},"end":{"line":55,"column":26}}],"line":53},"1":{"loc":{"start":{"line":56,"column":18},"end":{"line":56,"column":77}},"type":"cond-expr","locations":[{"start":{"line":56,"column":24},"end":{"line":56,"column":54}},{"start":{"line":56,"column":57},"end":{"line":56,"column":77}}],"line":56},"2":{"loc":{"start":{"line":59,"column":4},"end":{"line":67,"column":5}},"type":"if","locations":[{"start":{"line":59,"column":4},"end":{"line":67,"column":5}},{"start":{"line":65,"column":11},"end":{"line":67,"column":5}}],"line":59},"3":{"loc":{"start":{"line":71,"column":4},"end":{"line":79,"column":5}},"type":"if","locations":[{"start":{"line":71,"column":4},"end":{"line":79,"column":5}},{"start":{"line":77,"column":11},"end":{"line":79,"column":5}}],"line":71},"4":{"loc":{"start":{"line":88,"column":19},"end":{"line":88,"column":60}},"type":"cond-expr","locations":[{"start":{"line":88,"column":43},"end":{"line":88,"column":51}},{"start":{"line":88,"column":54},"end":{"line":88,"column":60}}],"line":88},"5":{"loc":{"start":{"line":90,"column":7},"end":{"line":92,"column":7}},"type":"binary-expr","locations":[{"start":{"line":90,"column":7},"end":{"line":90,"column":15}},{"start":{"line":91,"column":8},"end":{"line":91,"column":80}}],"line":90},"6":{"loc":{"start":{"line":97,"column":19},"end":{"line":97,"column":48}},"type":"cond-expr","locations":[{"start":{"line":97,"column":30},"end":{"line":97,"column":38}},{"start":{"line":97,"column":41},"end":{"line":97,"column":48}}],"line":97},"7":{"loc":{"start":{"line":99,"column":7},"end":{"line":101,"column":7}},"type":"binary-expr","locations":[{"start":{"line":99,"column":7},"end":{"line":99,"column":15}},{"start":{"line":100,"column":8},"end":{"line":100,"column":75}}],"line":99}},"s":{"0":0,"1":0,"2":0,"3":0,"4":0,"5":0,"6":0,"7":0,"8":0,"9":0,"10":0,"11":0,"12":0,"13":0,"14":0,"15":0},"f":{"0":0,"1":0,"2":0},"b":{"0":[0,0],"1":[0,0],"2":[0,0],"3":[0,0],"4":[0,0],"5":[0,0],"6":[0,0],"7":[0,0]}}
,"/usr/local/google/home/meredithdodge/helltool/packages/filter-components/src/Filter/components/AdvancedFilter/components/DateFilter/components/DayRangeInput/DayRangeInput.tsx": {"path":"/usr/local/google/home/meredithdodge/helltool/packages/filter-components/src/Filter/components/AdvancedFilter/components/DateFilter/components/DayRangeInput/DayRangeInput.tsx","statementMap":{"0":{"start":{"line":16,"column":29},"end":{"line":53,"column":1}},"1":{"start":{"line":17,"column":23},"end":{"line":29,"column":3}},"2":{"start":{"line":18,"column":20},"end":{"line":18,"column":50}},"3":{"start":{"line":19,"column":18},"end":{"line":19,"column":46}},"4":{"start":{"line":20,"column":25},"end":{"line":27,"column":5}},"5":{"start":{"line":28,"column":4},"end":{"line":28,"column":26}},"6":{"start":{"line":31,"column":25},"end":{"line":33,"column":5}},"7":{"start":{"line":35,"column":2},"end":{"line":52,"column":3}}},"fnMap":{"0":{"name":"(anonymous_0)","decl":{"start":{"line":16,"column":29},"end":{"line":16,"column":30}},"loc":{"start":{"line":16,"column":75},"end":{"line":53,"column":1}},"line":16},"1":{"name":"(anonymous_1)","decl":{"start":{"line":17,"column":23},"end":{"line":17,"column":24}},"loc":{"start":{"line":17,"column":54},"end":{"line":29,"column":3}},"line":17}},"branchMap":{"0":{"loc":{"start":{"line":17,"column":24},"end":{"line":17,"column":49}},"type":"default-arg","locations":[{"start":{"line":17,"column":47},"end":{"line":17,"column":49}}],"line":17},"1":{"loc":{"start":{"line":18,"column":20},"end":{"line":18,"column":50}},"type":"binary-expr","locations":[{"start":{"line":18,"column":20},"end":{"line":18,"column":26}},{"start":{"line":18,"column":30},"end":{"line":18,"column":50}}],"line":18},"2":{"loc":{"start":{"line":19,"column":18},"end":{"line":19,"column":46}},"type":"binary-expr","locations":[{"start":{"line":19,"column":18},"end":{"line":19,"column":22}},{"start":{"line":19,"column":26},"end":{"line":19,"column":46}}],"line":19}},"s":{"0":0,"1":0,"2":0,"3":0,"4":0,"5":0,"6":0,"7":0},"f":{"0":0,"1":0},"b":{"0":[0],"1":[0,0],"2":[0,0]}}
,"/usr/local/google/home/meredithdodge/helltool/packages/filter-components/src/Filter/components/AdvancedFilter/components/DateFilter/components/Interval/Interval.tsx": {"path":"/usr/local/google/home/meredithdodge/helltool/packages/filter-components/src/Filter/components/AdvancedFilter/components/DateFilter/components/Interval/Interval.tsx","statementMap":{"0":{"start":{"line":31,"column":24},"end":{"line":56,"column":1}},"1":{"start":{"line":37,"column":22},"end":{"line":38,"column":53}},"2":{"start":{"line":38,"column":4},"end":{"line":38,"column":53}},"3":{"start":{"line":40,"column":21},"end":{"line":40,"column":64}},"4":{"start":{"line":40,"column":39},"end":{"line":40,"column":64}},"5":{"start":{"line":42,"column":30},"end":{"line":42,"column":54}},"6":{"start":{"line":43,"column":20},"end":{"line":43,"column":34}},"7":{"start":{"line":44,"column":18},"end":{"line":44,"column":74}},"8":{"start":{"line":45,"column":2},"end":{"line":55,"column":3}}},"fnMap":{"0":{"name":"(anonymous_0)","decl":{"start":{"line":31,"column":24},"end":{"line":31,"column":25}},"loc":{"start":{"line":36,"column":26},"end":{"line":56,"column":1}},"line":36},"1":{"name":"(anonymous_1)","decl":{"start":{"line":37,"column":22},"end":{"line":37,"column":23}},"loc":{"start":{"line":38,"column":4},"end":{"line":38,"column":53}},"line":38},"2":{"name":"(anonymous_2)","decl":{"start":{"line":40,"column":21},"end":{"line":40,"column":22}},"loc":{"start":{"line":40,"column":39},"end":{"line":40,"column":64}},"line":40}},"branchMap":{"0":{"loc":{"start":{"line":32,"column":2},"end":{"line":32,"column":21}},"type":"default-arg","locations":[{"start":{"line":32,"column":14},"end":{"line":32,"column":21}}],"line":32},"1":{"loc":{"start":{"line":44,"column":18},"end":{"line":44,"column":74}},"type":"cond-expr","locations":[{"start":{"line":44,"column":43},"end":{"line":44,"column":62}},{"start":{"line":44,"column":65},"end":{"line":44,"column":74}}],"line":44}},"s":{"0":0,"1":0,"2":0,"3":0,"4":0,"5":0,"6":0,"7":0,"8":0},"f":{"0":0,"1":0,"2":0},"b":{"0":[0],"1":[0,0]}}
,"/usr/local/google/home/meredithdodge/helltool/packages/filter-components/src/Filter/components/AdvancedFilter/components/DateFilter/components/OnDate/OnDate.tsx": {"path":"/usr/local/google/home/meredithdodge/helltool/packages/filter-components/src/Filter/components/AdvancedFilter/components/DateFilter/components/OnDate/OnDate.tsx","statementMap":{"0":{"start":{"line":19,"column":22},"end":{"line":31,"column":1}},"1":{"start":{"line":20,"column":23},"end":{"line":20,"column":27}},"2":{"start":{"line":21,"column":21},"end":{"line":25,"column":3}},"3":{"start":{"line":22,"column":29},"end":{"line":22,"column":64}},"4":{"start":{"line":24,"column":4},"end":{"line":24,"column":74}},"5":{"start":{"line":26,"column":21},"end":{"line":28,"column":26}},"6":{"start":{"line":30,"column":2},"end":{"line":30,"column":80}}},"fnMap":{"0":{"name":"(anonymous_0)","decl":{"start":{"line":19,"column":22},"end":{"line":19,"column":23}},"loc":{"start":{"line":19,"column":64},"end":{"line":31,"column":1}},"line":19},"1":{"name":"(anonymous_1)","decl":{"start":{"line":21,"column":21},"end":{"line":21,"column":22}},"loc":{"start":{"line":21,"column":41},"end":{"line":25,"column":3}},"line":21}},"branchMap":{"0":{"loc":{"start":{"line":26,"column":21},"end":{"line":28,"column":26}},"type":"cond-expr","locations":[{"start":{"line":27,"column":6},"end":{"line":27,"column":37}},{"start":{"line":28,"column":6},"end":{"line":28,"column":26}}],"line":26}},"s":{"0":0,"1":0,"2":0,"3":0,"4":0,"5":0,"6":0},"f":{"0":0,"1":0},"b":{"0":[0,0]}}
,"/usr/local/google/home/meredithdodge/helltool/packages/filter-components/src/Filter/components/AdvancedFilter/components/DateFilter/components/Past/Past.tsx": {"path":"/usr/local/google/home/meredithdodge/helltool/packages/filter-components/src/Filter/components/AdvancedFilter/components/DateFilter/components/Past/Past.tsx","statementMap":{"0":{"start":{"line":20,"column":20},"end":{"line":54,"column":1}},"1":{"start":{"line":21,"column":40},"end":{"line":21,"column":44}},"2":{"start":{"line":23,"column":22},"end":{"line":26,"column":3}},"3":{"start":{"line":24,"column":21},"end":{"line":24,"column":66}},"4":{"start":{"line":25,"column":4},"end":{"line":25,"column":37}},"5":{"start":{"line":28,"column":21},"end":{"line":31,"column":3}},"6":{"start":{"line":29,"column":19},"end":{"line":29,"column":67}},"7":{"start":{"line":29,"column":44},"end":{"line":29,"column":66}},"8":{"start":{"line":30,"column":4},"end":{"line":30,"column":73}},"9":{"start":{"line":32,"column":23},"end":{"line":32,"column":57}},"10":{"start":{"line":34,"column":26},"end":{"line":34,"column":46}},"11":{"start":{"line":35,"column":20},"end":{"line":35,"column":34}},"12":{"start":{"line":36,"column":18},"end":{"line":36,"column":70}},"13":{"start":{"line":38,"column":27},"end":{"line":42,"column":3}},"14":{"start":{"line":39,"column":10},"end":{"line":39,"column":63}},"15":{"start":{"line":39,"column":45},"end":{"line":39,"column":61}},"16":{"start":{"line":43,"column":2},"end":{"line":53,"column":3}}},"fnMap":{"0":{"name":"(anonymous_0)","decl":{"start":{"line":20,"column":20},"end":{"line":20,"column":21}},"loc":{"start":{"line":20,"column":62},"end":{"line":54,"column":1}},"line":20},"1":{"name":"(anonymous_1)","decl":{"start":{"line":23,"column":22},"end":{"line":23,"column":23}},"loc":{"start":{"line":23,"column":60},"end":{"line":26,"column":3}},"line":23},"2":{"name":"(anonymous_2)","decl":{"start":{"line":28,"column":21},"end":{"line":28,"column":22}},"loc":{"start":{"line":28,"column":40},"end":{"line":31,"column":3}},"line":28},"3":{"name":"(anonymous_3)","decl":{"start":{"line":29,"column":32},"end":{"line":29,"column":33}},"loc":{"start":{"line":29,"column":44},"end":{"line":29,"column":66}},"line":29},"4":{"name":"(anonymous_4)","decl":{"start":{"line":39,"column":4},"end":{"line":39,"column":5}},"loc":{"start":{"line":39,"column":10},"end":{"line":39,"column":63}},"line":39},"5":{"name":"(anonymous_5)","decl":{"start":{"line":39,"column":22},"end":{"line":39,"column":23}},"loc":{"start":{"line":39,"column":45},"end":{"line":39,"column":61}},"line":39}},"branchMap":{"0":{"loc":{"start":{"line":32,"column":23},"end":{"line":32,"column":57}},"type":"cond-expr","locations":[{"start":{"line":32,"column":34},"end":{"line":32,"column":45}},{"start":{"line":32,"column":48},"end":{"line":32,"column":57}}],"line":32},"1":{"loc":{"start":{"line":36,"column":18},"end":{"line":36,"column":70}},"type":"cond-expr","locations":[{"start":{"line":36,"column":43},"end":{"line":36,"column":58}},{"start":{"line":36,"column":61},"end":{"line":36,"column":70}}],"line":36}},"s":{"0":0,"1":0,"2":0,"3":0,"4":0,"5":0,"6":0,"7":0,"8":0,"9":0,"10":0,"11":0,"12":0,"13":0,"14":0,"15":0,"16":0},"f":{"0":0,"1":0,"2":0,"3":0,"4":0,"5":0},"b":{"0":[0,0],"1":[0,0]}}
,"/usr/local/google/home/meredithdodge/helltool/packages/filter-components/src/Filter/components/AdvancedFilter/components/DateFilter/components/Relative/Relative.tsx": {"path":"/usr/local/google/home/meredithdodge/helltool/packages/filter-components/src/Filter/components/AdvancedFilter/components/DateFilter/components/Relative/Relative.tsx","statementMap":{"0":{"start":{"line":21,"column":24},"end":{"line":62,"column":1}},"1":{"start":{"line":26,"column":16},"end":{"line":26,"column":42}},"2":{"start":{"line":27,"column":18},"end":{"line":30,"column":3}},"3":{"start":{"line":32,"column":29},"end":{"line":34,"column":3}},"4":{"start":{"line":33,"column":4},"end":{"line":33,"column":41}},"5":{"start":{"line":36,"column":22},"end":{"line":38,"column":3}},"6":{"start":{"line":37,"column":4},"end":{"line":37,"column":45}},"7":{"start":{"line":40,"column":20},"end":{"line":42,"column":3}},"8":{"start":{"line":41,"column":4},"end":{"line":41,"column":43}},"9":{"start":{"line":44,"column":2},"end":{"line":61,"column":3}}},"fnMap":{"0":{"name":"(anonymous_0)","decl":{"start":{"line":21,"column":24},"end":{"line":21,"column":25}},"loc":{"start":{"line":25,"column":26},"end":{"line":62,"column":1}},"line":25},"1":{"name":"(anonymous_1)","decl":{"start":{"line":32,"column":29},"end":{"line":32,"column":30}},"loc":{"start":{"line":32,"column":48},"end":{"line":34,"column":3}},"line":32},"2":{"name":"(anonymous_2)","decl":{"start":{"line":36,"column":22},"end":{"line":36,"column":23}},"loc":{"start":{"line":36,"column":55},"end":{"line":38,"column":3}},"line":36},"3":{"name":"(anonymous_3)","decl":{"start":{"line":40,"column":20},"end":{"line":40,"column":21}},"loc":{"start":{"line":40,"column":53},"end":{"line":42,"column":3}},"line":40}},"branchMap":{},"s":{"0":0,"1":0,"2":0,"3":0,"4":0,"5":0,"6":0,"7":0,"8":0,"9":0},"f":{"0":0,"1":0,"2":0,"3":0},"b":{}}
,"/usr/local/google/home/meredithdodge/helltool/packages/filter-components/src/Filter/components/AdvancedFilter/components/DateFilter/components/RelativeTimeframes/RelativeTimeframes.tsx": {"path":"/usr/local/google/home/meredithdodge/helltool/packages/filter-components/src/Filter/components/AdvancedFilter/components/DateFilter/components/RelativeTimeframes/RelativeTimeframes.tsx","statementMap":{"0":{"start":{"line":57,"column":34},"end":{"line":129,"column":1}},"1":{"start":{"line":63,"column":37},"end":{"line":63,"column":73}},"2":{"start":{"line":65,"column":16},"end":{"line":65,"column":51}},"3":{"start":{"line":67,"column":29},"end":{"line":69,"column":3}},"4":{"start":{"line":68,"column":4},"end":{"line":68,"column":22}},"5":{"start":{"line":71,"column":29},"end":{"line":73,"column":3}},"6":{"start":{"line":72,"column":4},"end":{"line":72,"column":19}},"7":{"start":{"line":75,"column":20},"end":{"line":78,"column":3}},"8":{"start":{"line":77,"column":4},"end":{"line":77,"column":48}},"9":{"start":{"line":81,"column":4},"end":{"line":86,"column":6}},"10":{"start":{"line":89,"column":23},"end":{"line":93,"column":3}},"11":{"start":{"line":95,"column":52},"end":{"line":95,"column":76}},"12":{"start":{"line":98,"column":2},"end":{"line":98,"column":64}},"13":{"start":{"line":100,"column":16},"end":{"line":100,"column":51}},"14":{"start":{"line":103,"column":4},"end":{"line":105,"column":16}},"15":{"start":{"line":108,"column":2},"end":{"line":128,"column":3}}},"fnMap":{"0":{"name":"(anonymous_0)","decl":{"start":{"line":57,"column":34},"end":{"line":57,"column":35}},"loc":{"start":{"line":60,"column":31},"end":{"line":129,"column":1}},"line":60},"1":{"name":"(anonymous_1)","decl":{"start":{"line":67,"column":29},"end":{"line":67,"column":30}},"loc":{"start":{"line":67,"column":64},"end":{"line":69,"column":3}},"line":67},"2":{"name":"(anonymous_2)","decl":{"start":{"line":71,"column":29},"end":{"line":71,"column":30}},"loc":{"start":{"line":71,"column":50},"end":{"line":73,"column":3}},"line":71},"3":{"name":"(anonymous_3)","decl":{"start":{"line":75,"column":20},"end":{"line":75,"column":21}},"loc":{"start":{"line":75,"column":26},"end":{"line":78,"column":3}},"line":75}},"branchMap":{},"s":{"0":0,"1":0,"2":0,"3":0,"4":0,"5":0,"6":0,"7":0,"8":0,"9":0,"10":0,"11":0,"12":0,"13":0,"14":0,"15":0},"f":{"0":0,"1":0,"2":0,"3":0},"b":{}}
,"/usr/local/google/home/meredithdodge/helltool/packages/filter-components/src/Filter/components/AdvancedFilter/components/DateFilter/components/RelativeTimeframes/components/RelativeTimeframeCustom/RelativeTimeframeCustom.tsx": {"path":"/usr/local/google/home/meredithdodge/helltool/packages/filter-components/src/Filter/components/AdvancedFilter/components/DateFilter/components/RelativeTimeframes/components/RelativeTimeframeCustom/RelativeTimeframeCustom.tsx","statementMap":{"0":{"start":{"line":17,"column":21},"end":{"line":20,"column":1}},"1":{"start":{"line":22,"column":39},"end":{"line":48,"column":1}},"2":{"start":{"line":26,"column":16},"end":{"line":26,"column":64}},"3":{"start":{"line":28,"column":29},"end":{"line":35,"column":3}},"4":{"start":{"line":29,"column":25},"end":{"line":33,"column":5}},"5":{"start":{"line":34,"column":4},"end":{"line":34,"column":32}},"6":{"start":{"line":37,"column":2},"end":{"line":47,"column":3}}},"fnMap":{"0":{"name":"(anonymous_0)","decl":{"start":{"line":22,"column":39},"end":{"line":22,"column":40}},"loc":{"start":{"line":25,"column":36},"end":{"line":48,"column":1}},"line":25},"1":{"name":"(anonymous_1)","decl":{"start":{"line":28,"column":29},"end":{"line":28,"column":30}},"loc":{"start":{"line":28,"column":60},"end":{"line":35,"column":3}},"line":28}},"branchMap":{"0":{"loc":{"start":{"line":26,"column":16},"end":{"line":26,"column":64}},"type":"cond-expr","locations":[{"start":{"line":26,"column":44},"end":{"line":26,"column":56}},{"start":{"line":26,"column":59},"end":{"line":26,"column":64}}],"line":26},"1":{"loc":{"start":{"line":28,"column":30},"end":{"line":28,"column":55}},"type":"default-arg","locations":[{"start":{"line":28,"column":53},"end":{"line":28,"column":55}}],"line":28}},"s":{"0":0,"1":0,"2":0,"3":0,"4":0,"5":0,"6":0},"f":{"0":0,"1":0},"b":{"0":[0,0],"1":[0]}}
,"/usr/local/google/home/meredithdodge/helltool/packages/filter-components/src/Filter/components/AdvancedFilter/components/DateFilter/components/RelativeTimeframes/components/RelativeTimeframePopoverContent/RelativeTimeframePopoverContent.tsx": {"path":"/usr/local/google/home/meredithdodge/helltool/packages/filter-components/src/Filter/components/AdvancedFilter/components/DateFilter/components/RelativeTimeframes/components/RelativeTimeframePopoverContent/RelativeTimeframePopoverContent.tsx","statementMap":{"0":{"start":{"line":23,"column":47},"end":{"line":63,"column":1}},"1":{"start":{"line":29,"column":26},"end":{"line":29,"column":59}},"2":{"start":{"line":30,"column":16},"end":{"line":30,"column":65}},"3":{"start":{"line":32,"column":25},"end":{"line":36,"column":3}},"4":{"start":{"line":33,"column":4},"end":{"line":35,"column":6}},"5":{"start":{"line":34,"column":6},"end":{"line":34,"column":13}},"6":{"start":{"line":39,"column":2},"end":{"line":62,"column":3}}},"fnMap":{"0":{"name":"(anonymous_0)","decl":{"start":{"line":23,"column":47},"end":{"line":23,"column":48}},"loc":{"start":{"line":28,"column":44},"end":{"line":63,"column":1}},"line":28},"1":{"name":"(anonymous_1)","decl":{"start":{"line":32,"column":25},"end":{"line":32,"column":26}},"loc":{"start":{"line":32,"column":31},"end":{"line":36,"column":3}},"line":32},"2":{"name":"(anonymous_2)","decl":{"start":{"line":33,"column":26},"end":{"line":33,"column":27}},"loc":{"start":{"line":33,"column":32},"end":{"line":35,"column":5}},"line":33}},"branchMap":{"0":{"loc":{"start":{"line":29,"column":26},"end":{"line":29,"column":59}},"type":"cond-expr","locations":[{"start":{"line":29,"column":54},"end":{"line":29,"column":55}},{"start":{"line":29,"column":58},"end":{"line":29,"column":59}}],"line":29}},"s":{"0":0,"1":0,"2":0,"3":0,"4":0,"5":0,"6":0},"f":{"0":0,"1":0,"2":0},"b":{"0":[0,0]}}
,"/usr/local/google/home/meredithdodge/helltool/packages/filter-components/src/Filter/components/AdvancedFilter/components/DateFilter/components/RelativeTimeframes/components/RelativeTimeframePresets/RelativeTimeframePresets.tsx": {"path":"/usr/local/google/home/meredithdodge/helltool/packages/filter-components/src/Filter/components/AdvancedFilter/components/DateFilter/components/RelativeTimeframes/components/RelativeTimeframePresets/RelativeTimeframePresets.tsx","statementMap":{"0":{"start":{"line":60,"column":41},"end":{"line":123,"column":1}},"1":{"start":{"line":63,"column":16},"end":{"line":63,"column":58}},"2":{"start":{"line":65,"column":34},"end":{"line":65,"column":49}},"3":{"start":{"line":67,"column":22},"end":{"line":71,"column":3}},"4":{"start":{"line":68,"column":4},"end":{"line":68,"column":21}},"5":{"start":{"line":70,"column":4},"end":{"line":70,"column":22}},"6":{"start":{"line":73,"column":2},"end":{"line":122,"column":3}},"7":{"start":{"line":131,"column":30},"end":{"line":168,"column":1}},"8":{"start":{"line":138,"column":18},"end":{"line":138,"column":47}},"9":{"start":{"line":139,"column":25},"end":{"line":139,"column":50}},"10":{"start":{"line":141,"column":24},"end":{"line":144,"column":3}},"11":{"start":{"line":141,"column":60},"end":{"line":144,"column":3}},"12":{"start":{"line":142,"column":4},"end":{"line":142,"column":29}},"13":{"start":{"line":143,"column":4},"end":{"line":143,"column":18}},"14":{"start":{"line":146,"column":2},"end":{"line":167,"column":3}},"15":{"start":{"line":149,"column":24},"end":{"line":149,"column":72}},"16":{"start":{"line":151,"column":8},"end":{"line":162,"column":9}},"17":{"start":{"line":170,"column":23},"end":{"line":183,"column":1}},"18":{"start":{"line":173,"column":53},"end":{"line":173,"column":70}},"19":{"start":{"line":175,"column":44},"end":{"line":175,"column":54}},"20":{"start":{"line":180,"column":53},"end":{"line":180,"column":69}}},"fnMap":{"0":{"name":"(anonymous_0)","decl":{"start":{"line":60,"column":41},"end":{"line":60,"column":42}},"loc":{"start":{"line":62,"column":5},"end":{"line":123,"column":1}},"line":62},"1":{"name":"(anonymous_1)","decl":{"start":{"line":67,"column":22},"end":{"line":67,"column":23}},"loc":{"start":{"line":67,"column":56},"end":{"line":71,"column":3}},"line":67},"2":{"name":"(anonymous_2)","decl":{"start":{"line":131,"column":30},"end":{"line":131,"column":31}},"loc":{"start":{"line":137,"column":34},"end":{"line":168,"column":1}},"line":137},"3":{"name":"(anonymous_3)","decl":{"start":{"line":141,"column":24},"end":{"line":141,"column":25}},"loc":{"start":{"line":141,"column":60},"end":{"line":144,"column":3}},"line":141},"4":{"name":"(anonymous_4)","decl":{"start":{"line":141,"column":60},"end":{"line":141,"column":61}},"loc":{"start":{"line":141,"column":66},"end":{"line":144,"column":3}},"line":141},"5":{"name":"(anonymous_5)","decl":{"start":{"line":148,"column":42},"end":{"line":148,"column":43}},"loc":{"start":{"line":148,"column":64},"end":{"line":163,"column":7}},"line":148},"6":{"name":"(anonymous_6)","decl":{"start":{"line":173,"column":26},"end":{"line":173,"column":27}},"loc":{"start":{"line":173,"column":53},"end":{"line":173,"column":70}},"line":173},"7":{"name":"(anonymous_7)","decl":{"start":{"line":175,"column":17},"end":{"line":175,"column":18}},"loc":{"start":{"line":175,"column":44},"end":{"line":175,"column":54}},"line":175},"8":{"name":"(anonymous_8)","decl":{"start":{"line":180,"column":26},"end":{"line":180,"column":27}},"loc":{"start":{"line":180,"column":53},"end":{"line":180,"column":69}},"line":180}},"branchMap":{"0":{"loc":{"start":{"line":75,"column":7},"end":{"line":120,"column":7}},"type":"cond-expr","locations":[{"start":{"line":76,"column":8},"end":{"line":102,"column":11}},{"start":{"line":104,"column":8},"end":{"line":119,"column":11}}],"line":75},"1":{"loc":{"start":{"line":132,"column":2},"end":{"line":132,"column":21}},"type":"default-arg","locations":[{"start":{"line":132,"column":13},"end":{"line":132,"column":21}}],"line":132},"2":{"loc":{"start":{"line":149,"column":24},"end":{"line":149,"column":72}},"type":"binary-expr","locations":[{"start":{"line":149,"column":24},"end":{"line":149,"column":49}},{"start":{"line":149,"column":53},"end":{"line":149,"column":72}}],"line":149},"3":{"loc":{"start":{"line":153,"column":18},"end":{"line":153,"column":49}},"type":"cond-expr","locations":[{"start":{"line":153,"column":28},"end":{"line":153,"column":37}},{"start":{"line":153,"column":40},"end":{"line":153,"column":49}}],"line":153}},"s":{"0":0,"1":0,"2":0,"3":0,"4":0,"5":0,"6":0,"7":0,"8":0,"9":0,"10":0,"11":0,"12":0,"13":0,"14":0,"15":0,"16":0,"17":0,"18":0,"19":0,"20":0},"f":{"0":0,"1":0,"2":0,"3":0,"4":0,"5":0,"6":0,"7":0,"8":0},"b":{"0":[0,0],"1":[0],"2":[0,0],"3":[0,0]}}
,"/usr/local/google/home/meredithdodge/helltool/packages/filter-components/src/Filter/components/AdvancedFilter/components/DateFilter/components/RelativeTimeframes/utils/get_relative_timeframe_presets.ts": {"path":"/usr/local/google/home/meredithdodge/helltool/packages/filter-components/src/Filter/components/AdvancedFilter/components/DateFilter/components/RelativeTimeframes/utils/get_relative_timeframe_presets.ts","statementMap":{"0":{"start":{"line":9,"column":43},"end":{"line":36,"column":1}},"1":{"start":{"line":12,"column":16},"end":{"line":12,"column":64}},"2":{"start":{"line":13,"column":2},"end":{"line":35,"column":3}}},"fnMap":{"0":{"name":"(anonymous_0)","decl":{"start":{"line":9,"column":43},"end":{"line":9,"column":44}},"loc":{"start":{"line":11,"column":5},"end":{"line":36,"column":1}},"line":11}},"branchMap":{},"s":{"0":0,"1":0,"2":0},"f":{"0":0},"b":{}}
,"/usr/local/google/home/meredithdodge/helltool/packages/filter-components/src/Filter/components/AdvancedFilter/components/DateFilter/components/ThisNextLast/ThisNextLast.tsx": {"path":"/usr/local/google/home/meredithdodge/helltool/packages/filter-components/src/Filter/components/AdvancedFilter/components/DateFilter/components/ThisNextLast/ThisNextLast.tsx","statementMap":{"0":{"start":{"line":24,"column":19},"end":{"line":39,"column":1}},"1":{"start":{"line":28,"column":21},"end":{"line":28,"column":43}},"2":{"start":{"line":30,"column":20},"end":{"line":30,"column":34}},"3":{"start":{"line":31,"column":26},"end":{"line":31,"column":46}},"4":{"start":{"line":32,"column":24},"end":{"line":32,"column":42}},"5":{"start":{"line":33,"column":30},"end":{"line":33,"column":54}},"6":{"start":{"line":35,"column":2},"end":{"line":37,"column":3}},"7":{"start":{"line":36,"column":4},"end":{"line":36,"column":51}},"8":{"start":{"line":38,"column":2},"end":{"line":38,"column":57}},"9":{"start":{"line":41,"column":28},"end":{"line":56,"column":1}},"10":{"start":{"line":42,"column":23},"end":{"line":42,"column":27}},"11":{"start":{"line":44,"column":21},"end":{"line":44,"column":69}},"12":{"start":{"line":44,"column":40},"end":{"line":44,"column":69}},"13":{"start":{"line":46,"column":18},"end":{"line":46,"column":41}},"14":{"start":{"line":48,"column":2},"end":{"line":55,"column":3}}},"fnMap":{"0":{"name":"(anonymous_0)","decl":{"start":{"line":24,"column":19},"end":{"line":24,"column":20}},"loc":{"start":{"line":27,"column":15},"end":{"line":39,"column":1}},"line":27},"1":{"name":"(anonymous_1)","decl":{"start":{"line":41,"column":28},"end":{"line":41,"column":29}},"loc":{"start":{"line":41,"column":78},"end":{"line":56,"column":1}},"line":41},"2":{"name":"(anonymous_2)","decl":{"start":{"line":44,"column":21},"end":{"line":44,"column":22}},"loc":{"start":{"line":44,"column":40},"end":{"line":44,"column":69}},"line":44}},"branchMap":{"0":{"loc":{"start":{"line":35,"column":2},"end":{"line":37,"column":3}},"type":"if","locations":[{"start":{"line":35,"column":2},"end":{"line":37,"column":3}},{"start":{},"end":{}}],"line":35},"1":{"loc":{"start":{"line":36,"column":11},"end":{"line":36,"column":51}},"type":"cond-expr","locations":[{"start":{"line":36,"column":24},"end":{"line":36,"column":39}},{"start":{"line":36,"column":42},"end":{"line":36,"column":51}}],"line":36},"2":{"loc":{"start":{"line":38,"column":9},"end":{"line":38,"column":57}},"type":"cond-expr","locations":[{"start":{"line":38,"column":22},"end":{"line":38,"column":41}},{"start":{"line":38,"column":44},"end":{"line":38,"column":57}}],"line":38}},"s":{"0":0,"1":0,"2":0,"3":0,"4":0,"5":0,"6":0,"7":0,"8":0,"9":0,"10":0,"11":0,"12":0,"13":0,"14":0},"f":{"0":0,"1":0,"2":0},"b":{"0":[0,0],"1":[0,0],"2":[0,0]}}
,"/usr/local/google/home/meredithdodge/helltool/packages/filter-components/src/Filter/components/AdvancedFilter/components/DateFilter/components/TimeInput/TimeInput.tsx": {"path":"/usr/local/google/home/meredithdodge/helltool/packages/filter-components/src/Filter/components/AdvancedFilter/components/DateFilter/components/TimeInput/TimeInput.tsx","statementMap":{"0":{"start":{"line":17,"column":26},"end":{"line":39,"column":1}},"1":{"start":{"line":18,"column":16},"end":{"line":18,"column":57}},"2":{"start":{"line":19,"column":23},"end":{"line":29,"column":3}},"3":{"start":{"line":20,"column":33},"end":{"line":20,"column":57}},"4":{"start":{"line":21,"column":20},"end":{"line":27,"column":5}},"5":{"start":{"line":28,"column":4},"end":{"line":28,"column":21}},"6":{"start":{"line":31,"column":2},"end":{"line":38,"column":3}},"7":{"start":{"line":41,"column":25},"end":{"line":46,"column":1}}},"fnMap":{"0":{"name":"(anonymous_0)","decl":{"start":{"line":17,"column":26},"end":{"line":17,"column":27}},"loc":{"start":{"line":17,"column":72},"end":{"line":39,"column":1}},"line":17},"1":{"name":"(anonymous_1)","decl":{"start":{"line":19,"column":23},"end":{"line":19,"column":24}},"loc":{"start":{"line":19,"column":51},"end":{"line":29,"column":3}},"line":19}},"branchMap":{"0":{"loc":{"start":{"line":19,"column":24},"end":{"line":19,"column":46}},"type":"default-arg","locations":[{"start":{"line":19,"column":40},"end":{"line":19,"column":46}}],"line":19}},"s":{"0":0,"1":0,"2":0,"3":0,"4":0,"5":0,"6":0,"7":0},"f":{"0":0,"1":0},"b":{"0":[0]}}
,"/usr/local/google/home/meredithdodge/helltool/packages/filter-components/src/Filter/components/AdvancedFilter/components/DateFilter/components/Year/Year.tsx": {"path":"/usr/local/google/home/meredithdodge/helltool/packages/filter-components/src/Filter/components/AdvancedFilter/components/DateFilter/components/Year/Year.tsx","statementMap":{"0":{"start":{"line":10,"column":20},"end":{"line":16,"column":1}},"1":{"start":{"line":11,"column":22},"end":{"line":13,"column":3}},"2":{"start":{"line":12,"column":4},"end":{"line":12,"column":42}},"3":{"start":{"line":15,"column":2},"end":{"line":15,"column":77}}},"fnMap":{"0":{"name":"(anonymous_0)","decl":{"start":{"line":10,"column":20},"end":{"line":10,"column":21}},"loc":{"start":{"line":10,"column":76},"end":{"line":16,"column":1}},"line":10},"1":{"name":"(anonymous_1)","decl":{"start":{"line":11,"column":22},"end":{"line":11,"column":23}},"loc":{"start":{"line":11,"column":60},"end":{"line":13,"column":3}},"line":11}},"branchMap":{},"s":{"0":0,"1":0,"2":0,"3":0},"f":{"0":0,"1":0},"b":{}}
,"/usr/local/google/home/meredithdodge/helltool/packages/filter-components/src/Filter/components/AdvancedFilter/components/DateFilter/components/YearMonth/YearMonth.tsx": {"path":"/usr/local/google/home/meredithdodge/helltool/packages/filter-components/src/Filter/components/AdvancedFilter/components/DateFilter/components/YearMonth/YearMonth.tsx","statementMap":{"0":{"start":{"line":15,"column":25},"end":{"line":50,"column":1}},"1":{"start":{"line":19,"column":16},"end":{"line":19,"column":44}},"2":{"start":{"line":20,"column":17},"end":{"line":20,"column":29}},"3":{"start":{"line":21,"column":22},"end":{"line":21,"column":52}},"4":{"start":{"line":22,"column":22},"end":{"line":22,"column":41}},"5":{"start":{"line":24,"column":21},"end":{"line":26,"column":3}},"6":{"start":{"line":25,"column":4},"end":{"line":25,"column":42}},"7":{"start":{"line":28,"column":22},"end":{"line":37,"column":3}},"8":{"start":{"line":29,"column":23},"end":{"line":33,"column":5}},"9":{"start":{"line":34,"column":4},"end":{"line":36,"column":6}},"10":{"start":{"line":39,"column":2},"end":{"line":49,"column":3}}},"fnMap":{"0":{"name":"(anonymous_0)","decl":{"start":{"line":15,"column":25},"end":{"line":15,"column":26}},"loc":{"start":{"line":18,"column":24},"end":{"line":50,"column":1}},"line":18},"1":{"name":"(anonymous_1)","decl":{"start":{"line":24,"column":21},"end":{"line":24,"column":22}},"loc":{"start":{"line":24,"column":59},"end":{"line":26,"column":3}},"line":24},"2":{"name":"(anonymous_2)","decl":{"start":{"line":28,"column":22},"end":{"line":28,"column":23}},"loc":{"start":{"line":28,"column":41},"end":{"line":37,"column":3}},"line":28}},"branchMap":{},"s":{"0":0,"1":0,"2":0,"3":0,"4":0,"5":0,"6":0,"7":0,"8":0,"9":0,"10":0},"f":{"0":0,"1":0,"2":0},"b":{}}
,"/usr/local/google/home/meredithdodge/helltool/packages/filter-components/src/Filter/components/AdvancedFilter/components/DateFilter/types/day_range.ts": {"path":"/usr/local/google/home/meredithdodge/helltool/packages/filter-components/src/Filter/components/AdvancedFilter/components/DateFilter/types/day_range.ts","statementMap":{},"fnMap":{},"branchMap":{},"s":{},"f":{},"b":{}}
,"/usr/local/google/home/meredithdodge/helltool/packages/filter-components/src/Filter/components/AdvancedFilter/components/DateFilter/types/relative_timeframe_types.ts": {"path":"/usr/local/google/home/meredithdodge/helltool/packages/filter-components/src/Filter/components/AdvancedFilter/components/DateFilter/types/relative_timeframe_types.ts","statementMap":{},"fnMap":{},"branchMap":{},"s":{},"f":{},"b":{}}
,"/usr/local/google/home/meredithdodge/helltool/packages/filter-components/src/Filter/components/AdvancedFilter/components/DateFilter/utils/date_filter_type_to_filter.ts": {"path":"/usr/local/google/home/meredithdodge/helltool/packages/filter-components/src/Filter/components/AdvancedFilter/components/DateFilter/utils/date_filter_type_to_filter.ts","statementMap":{"0":{"start":{"line":19,"column":14},"end":{"line":19,"column":22}},"1":{"start":{"line":19,"column":20},"end":{"line":19,"column":22}},"2":{"start":{"line":21,"column":59},"end":{"line":40,"column":1}},"3":{"start":{"line":42,"column":38},"end":{"line":43,"column":55}},"4":{"start":{"line":43,"column":2},"end":{"line":43,"column":55}}},"fnMap":{"0":{"name":"(anonymous_0)","decl":{"start":{"line":19,"column":14},"end":{"line":19,"column":15}},"loc":{"start":{"line":19,"column":20},"end":{"line":19,"column":22}},"line":19},"1":{"name":"(anonymous_1)","decl":{"start":{"line":42,"column":38},"end":{"line":42,"column":39}},"loc":{"start":{"line":43,"column":2},"end":{"line":43,"column":55}},"line":43}},"branchMap":{},"s":{"0":0,"1":0,"2":0,"3":0,"4":0},"f":{"0":0,"1":0},"b":{}}
,"/usr/local/google/home/meredithdodge/helltool/packages/filter-components/src/Filter/components/AdvancedFilter/components/DateFilter/utils/format_date.ts": {"path":"/usr/local/google/home/meredithdodge/helltool/packages/filter-components/src/Filter/components/AdvancedFilter/components/DateFilter/utils/format_date.ts","statementMap":{"0":{"start":{"line":9,"column":35},"end":{"line":9,"column":47}},"1":{"start":{"line":11,"column":26},"end":{"line":13,"column":1}},"2":{"start":{"line":12,"column":2},"end":{"line":12,"column":52}}},"fnMap":{"0":{"name":"(anonymous_0)","decl":{"start":{"line":11,"column":26},"end":{"line":11,"column":27}},"loc":{"start":{"line":11,"column":42},"end":{"line":13,"column":1}},"line":11}},"branchMap":{},"s":{"0":0,"1":0,"2":0},"f":{"0":0},"b":{}}
,"/usr/local/google/home/meredithdodge/helltool/packages/filter-components/src/Filter/components/AdvancedFilter/components/DateFilter/utils/new_date_item.ts": {"path":"/usr/local/google/home/meredithdodge/helltool/packages/filter-components/src/Filter/components/AdvancedFilter/components/DateFilter/utils/new_date_item.ts","statementMap":{"0":{"start":{"line":14,"column":27},"end":{"line":20,"column":1}},"1":{"start":{"line":19,"column":2},"end":{"line":19,"column":31}}},"fnMap":{"0":{"name":"(anonymous_0)","decl":{"start":{"line":14,"column":27},"end":{"line":14,"column":28}},"loc":{"start":{"line":18,"column":35},"end":{"line":20,"column":1}},"line":18}},"branchMap":{},"s":{"0":0,"1":0},"f":{"0":0},"b":{}}
[...]
,"/usr/local/google/home/meredithdodge/helltool/packages/filter-components/src/TreeSelect/utils/use_tree_select_combobox_option.ts": {"path":"/usr/local/google/home/meredithdodge/helltool/packages/filter-components/src/TreeSelect/utils/use_tree_select_combobox_option.ts","statementMap":{"0":{"start":{"line":21,"column":43},"end":{"line":47,"column":1}},"1":{"start":{"line":25,"column":27},"end":{"line":25,"column":56}},"2":{"start":{"line":27,"column":17},"end":{"line":27,"column":32}},"3":{"start":{"line":28,"column":27},"end":{"line":28,"column":33}},"4":{"start":{"line":29,"column":25},"end":{"line":32,"column":3}},"5":{"start":{"line":33,"column":35},"end":{"line":33,"column":74}},"6":{"start":{"line":35,"column":14},"end":{"line":35,"column":77}},"7":{"start":{"line":37,"column":2},"end":{"line":46,"column":3}}},"fnMap":{"0":{"name":"(anonymous_0)","decl":{"start":{"line":21,"column":43},"end":{"line":21,"column":44}},"loc":{"start":{"line":24,"column":5},"end":{"line":47,"column":1}},"line":24}},"branchMap":{"0":{"loc":{"start":{"line":23,"column":2},"end":{"line":23,"column":70}},"type":"default-arg","locations":[{"start":{"line":23,"column":68},"end":{"line":23,"column":70}}],"line":23},"1":{"loc":{"start":{"line":44,"column":11},"end":{"line":44,"column":41}},"type":"cond-expr","locations":[{"start":{"line":44,"column":26},"end":{"line":44,"column":29}},{"start":{"line":44,"column":32},"end":{"line":44,"column":41}}],"line":44}},"s":{"0":5,"1":333,"2":333,"3":333,"4":333,"5":333,"6":333,"7":333},"f":{"0":333},"b":{"0":[147],"1":[176,157]},"_coverageSchema":"1a1c01bbd47fc00a2c39e90264f33305004495a9","hash":"a7638a0425fee99f1d47ff4ed242cedb963da241"}
,"/usr/local/google/home/meredithdodge/helltool/packages/filter-components/src/locales/available_locales.ts": {"path":"/usr/local/google/home/meredithdodge/helltool/packages/filter-components/src/locales/available_locales.ts","statementMap":{"0":{"start":{"line":6,"column":32},"end":{"line":33,"column":1}}},"fnMap":{},"branchMap":{},"s":{"0":2},"f":{},"b":{},"_coverageSchema":"1a1c01bbd47fc00a2c39e90264f33305004495a9","hash":"722efb4599ca291d516b90bc7b4511934fb3f579"}
,"/usr/local/google/home/meredithdodge/helltool/packages/filter-components/src/locales/i18n_resources.ts": {"path":"/usr/local/google/home/meredithdodge/helltool/packages/filter-components/src/locales/i18n_resources.ts","statementMap":{"0":{"start":{"line":33,"column":29},"end":{"line":61,"column":1}}},"fnMap":{},"branchMap":{},"s":{"0":2},"f":{},"b":{},"_coverageSchema":"1a1c01bbd47fc00a2c39e90264f33305004495a9","hash":"d6b558c2621fb5058f9105c051153d417ef1d569"}
,"/usr/local/google/home/meredithdodge/helltool/packages/filter-components/src/locales/resources/cs-CZ.ts": {"path":"/usr/local/google/home/meredithdodge/helltool/packages/filter-components/src/locales/resources/cs-CZ.ts","statementMap":{"0":{"start":{"line":32,"column":18},"end":{"line":251,"column":1}},"1":{"start":{"line":253,"column":20},"end":{"line":258,"column":1}}},"fnMap":{},"branchMap":{},"s":{"0":2,"1":2},"f":{},"b":{},"_coverageSchema":"1a1c01bbd47fc00a2c39e90264f33305004495a9","hash":"0a0dd0ae6717944df10a1c8ba78aecaab86da5c5"}
,"/usr/local/google/home/meredithdodge/helltool/packages/filter-components/src/locales/resources/da-DK.ts": {"path":"/usr/local/google/home/meredithdodge/helltool/packages/filter-components/src/locales/resources/da-DK.ts","statementMap":{"0":{"start":{"line":32,"column":18},"end":{"line":251,"column":1}},"1":{"start":{"line":253,"column":20},"end":{"line":258,"column":1}}},"fnMap":{},"branchMap":{},"s":{"0":2,"1":2},"f":{},"b":{},"_coverageSchema":"1a1c01bbd47fc00a2c39e90264f33305004495a9","hash":"5cbf13c697e0526adf5ca36bcc8b8833cc0dea14"}
,"/usr/local/google/home/meredithdodge/helltool/packages/filter-components/src/locales/resources/de-DE.ts": {"path":"/usr/local/google/home/meredithdodge/helltool/packages/filter-components/src/locales/resources/de-DE.ts","statementMap":{"0":{"start":{"line":32,"column":18},"end":{"line":251,"column":1}},"1":{"start":{"line":253,"column":20},"end":{"line":258,"column":1}}},"fnMap":{},"branchMap":{},"s":{"0":2,"1":2},"f":{},"b":{},"_coverageSchema":"1a1c01bbd47fc00a2c39e90264f33305004495a9","hash":"7afbab954fe5d79687807c8f95002893aa560972"}
,"/usr/local/google/home/meredithdodge/helltool/packages/filter-components/src/locales/resources/en.ts": {"path":"/usr/local/google/home/meredithdodge/helltool/packages/filter-components/src/locales/resources/en.ts","statementMap":{"0":{"start":{"line":32,"column":18},"end":{"line":251,"column":1}},"1":{"start":{"line":253,"column":18},"end":{"line":258,"column":1}}},"fnMap":{},"branchMap":{},"s":{"0":2,"1":2},"f":{},"b":{},"_coverageSchema":"1a1c01bbd47fc00a2c39e90264f33305004495a9","hash":"71edf9002934901949e994c53a36ce184821e3b7"}
,"/usr/local/google/home/meredithdodge/helltool/packages/filter-components/src/locales/resources/es-ES.ts": {"path":"/usr/local/google/home/meredithdodge/helltool/packages/filter-components/src/locales/resources/es-ES.ts","statementMap":{"0":{"start":{"line":32,"column":18},"end":{"line":251,"column":1}},"1":{"start":{"line":253,"column":20},"end":{"line":258,"column":1}}},"fnMap":{},"branchMap":{},"s":{"0":2,"1":2},"f":{},"b":{},"_coverageSchema":"1a1c01bbd47fc00a2c39e90264f33305004495a9","hash":"4fc9be81cf182c49d538a5975b2f4565c3123b80"}
,"/usr/local/google/home/meredithdodge/helltool/packages/filter-components/src/locales/resources/fi-FI.ts": {"path":"/usr/local/google/home/meredithdodge/helltool/packages/filter-components/src/locales/resources/fi-FI.ts","statementMap":{"0":{"start":{"line":32,"column":18},"end":{"line":251,"column":1}},"1":{"start":{"line":253,"column":20},"end":{"line":258,"column":1}}},"fnMap":{},"branchMap":{},"s":{"0":2,"1":2},"f":{},"b":{},"_coverageSchema":"1a1c01bbd47fc00a2c39e90264f33305004495a9","hash":"55cee1b71a9b7ce497a5563a6f6429eb0812d278"}
,"/usr/local/google/home/meredithdodge/helltool/packages/filter-components/src/locales/resources/fr-CA.ts": {"path":"/usr/local/google/home/meredithdodge/helltool/packages/filter-components/src/locales/resources/fr-CA.ts","statementMap":{"0":{"start":{"line":32,"column":18},"end":{"line":251,"column":1}},"1":{"start":{"line":253,"column":20},"end":{"line":258,"column":1}}},"fnMap":{},"branchMap":{},"s":{"0":2,"1":2},"f":{},"b":{},"_coverageSchema":"1a1c01bbd47fc00a2c39e90264f33305004495a9","hash":"5544381a97e1a6e27f4e1f593ffe161eb3408119"}
,"/usr/local/google/home/meredithdodge/helltool/packages/filter-components/src/locales/resources/fr-FR.ts": {"path":"/usr/local/google/home/meredithdodge/helltool/packages/filter-components/src/locales/resources/fr-FR.ts","statementMap":{"0":{"start":{"line":32,"column":18},"end":{"line":251,"column":1}},"1":{"start":{"line":253,"column":20},"end":{"line":258,"column":1}}},"fnMap":{},"branchMap":{},"s":{"0":2,"1":2},"f":{},"b":{},"_coverageSchema":"1a1c01bbd47fc00a2c39e90264f33305004495a9","hash":"fd5a5cc2250c20b94277213a3da06cbd917b103d"}
,"/usr/local/google/home/meredithdodge/helltool/packages/filter-components/src/locales/resources/he-IL.ts": {"path":"/usr/local/google/home/meredithdodge/helltool/packages/filter-components/src/locales/resources/he-IL.ts","statementMap":{"0":{"start":{"line":32,"column":18},"end":{"line":250,"column":1}},"1":{"start":{"line":252,"column":20},"end":{"line":257,"column":1}}},"fnMap":{},"branchMap":{},"s":{"0":2,"1":2},"f":{},"b":{},"_coverageSchema":"1a1c01bbd47fc00a2c39e90264f33305004495a9","hash":"a12e267677eabb2856ff5a9542881d2d774906ec"}
,"/usr/local/google/home/meredithdodge/helltool/packages/filter-components/src/locales/resources/hi-IN.ts": {"path":"/usr/local/google/home/meredithdodge/helltool/packages/filter-components/src/locales/resources/hi-IN.ts","statementMap":{"0":{"start":{"line":32,"column":18},"end":{"line":251,"column":1}},"1":{"start":{"line":253,"column":20},"end":{"line":258,"column":1}}},"fnMap":{},"branchMap":{},"s":{"0":2,"1":2},"f":{},"b":{},"_coverageSchema":"1a1c01bbd47fc00a2c39e90264f33305004495a9","hash":"a032d2bb891fd7fcb74836508b30227a65824715"}
,"/usr/local/google/home/meredithdodge/helltool/packages/filter-components/src/locales/resources/it-IT.ts": {"path":"/usr/local/google/home/meredithdodge/helltool/packages/filter-components/src/locales/resources/it-IT.ts","statementMap":{"0":{"start":{"line":32,"column":18},"end":{"line":252,"column":1}},"1":{"start":{"line":254,"column":20},"end":{"line":259,"column":1}}},"fnMap":{},"branchMap":{},"s":{"0":2,"1":2},"f":{},"b":{},"_coverageSchema":"1a1c01bbd47fc00a2c39e90264f33305004495a9","hash":"90a166baa3e20aad83c933b5422b271a4acc3dee"}
,"/usr/local/google/home/meredithdodge/helltool/packages/filter-components/src/locales/resources/ja-JP.ts": {"path":"/usr/local/google/home/meredithdodge/helltool/packages/filter-components/src/locales/resources/ja-JP.ts","statementMap":{"0":{"start":{"line":32,"column":18},"end":{"line":251,"column":1}},"1":{"start":{"line":253,"column":20},"end":{"line":258,"column":1}}},"fnMap":{},"branchMap":{},"s":{"0":2,"1":2},"f":{},"b":{},"_coverageSchema":"1a1c01bbd47fc00a2c39e90264f33305004495a9","hash":"365ca3c33175a3d9e60759559f22e6034d76f9cd"}
,"/usr/local/google/home/meredithdodge/helltool/packages/filter-components/src/locales/resources/ko-KR.ts": {"path":"/usr/local/google/home/meredithdodge/helltool/packages/filter-components/src/locales/resources/ko-KR.ts","statementMap":{"0":{"start":{"line":32,"column":18},"end":{"line":250,"column":1}},"1":{"start":{"line":252,"column":20},"end":{"line":257,"column":1}}},"fnMap":{},"branchMap":{},"s":{"0":2,"1":2},"f":{},"b":{},"_coverageSchema":"1a1c01bbd47fc00a2c39e90264f33305004495a9","hash":"a7231e2cf02813a481e3cee1d4d8b31c97f8f39e"}
,"/usr/local/google/home/meredithdodge/helltool/packages/filter-components/src/locales/resources/lt-LT.ts": {"path":"/usr/local/google/home/meredithdodge/helltool/packages/filter-components/src/locales/resources/lt-LT.ts","statementMap":{"0":{"start":{"line":32,"column":18},"end":{"line":251,"column":1}},"1":{"start":{"line":253,"column":20},"end":{"line":258,"column":1}}},"fnMap":{},"branchMap":{},"s":{"0":2,"1":2},"f":{},"b":{},"_coverageSchema":"1a1c01bbd47fc00a2c39e90264f33305004495a9","hash":"8b04978d10b8b59fa00c076559bd49c397523581"}
,"/usr/local/google/home/meredithdodge/helltool/packages/filter-components/src/locales/resources/nb-NO.ts": {"path":"/usr/local/google/home/meredithdodge/helltool/packages/filter-components/src/locales/resources/nb-NO.ts","statementMap":{"0":{"start":{"line":32,"column":18},"end":{"line":251,"column":1}},"1":{"start":{"line":253,"column":20},"end":{"line":258,"column":1}}},"fnMap":{},"branchMap":{},"s":{"0":2,"1":2},"f":{},"b":{},"_coverageSchema":"1a1c01bbd47fc00a2c39e90264f33305004495a9","hash":"5f8c893374160cbb938b673d91f34b472e1b67fd"}
,"/usr/local/google/home/meredithdodge/helltool/packages/filter-components/src/locales/resources/nl-NL.ts": {"path":"/usr/local/google/home/meredithdodge/helltool/packages/filter-components/src/locales/resources/nl-NL.ts","statementMap":{"0":{"start":{"line":32,"column":18},"end":{"line":251,"column":1}},"1":{"start":{"line":253,"column":20},"end":{"line":258,"column":1}}},"fnMap":{},"branchMap":{},"s":{"0":2,"1":2},"f":{},"b":{},"_coverageSchema":"1a1c01bbd47fc00a2c39e90264f33305004495a9","hash":"0d310342942516b2f98dbfefc9cf5e888b84fce5"}
,"/usr/local/google/home/meredithdodge/helltool/packages/filter-components/src/locales/resources/pl-PL.ts": {"path":"/usr/local/google/home/meredithdodge/helltool/packages/filter-components/src/locales/resources/pl-PL.ts","statementMap":{"0":{"start":{"line":32,"column":18},"end":{"line":251,"column":1}},"1":{"start":{"line":253,"column":20},"end":{"line":258,"column":1}}},"fnMap":{},"branchMap":{},"s":{"0":2,"1":2},"f":{},"b":{},"_coverageSchema":"1a1c01bbd47fc00a2c39e90264f33305004495a9","hash":"ec24ae7c76225cbc048861cbdb34934e85bc4194"}
,"/usr/local/google/home/meredithdodge/helltool/packages/filter-components/src/locales/resources/pt-BR.ts": {"path":"/usr/local/google/home/meredithdodge/helltool/packages/filter-components/src/locales/resources/pt-BR.ts","statementMap":{"0":{"start":{"line":32,"column":18},"end":{"line":251,"column":1}},"1":{"start":{"line":253,"column":20},"end":{"line":258,"column":1}}},"fnMap":{},"branchMap":{},"s":{"0":2,"1":2},"f":{},"b":{},"_coverageSchema":"1a1c01bbd47fc00a2c39e90264f33305004495a9","hash":"c48ade11224141b890ba75eb5e3fdb958551956e"}
,"/usr/local/google/home/meredithdodge/helltool/packages/filter-components/src/locales/resources/pt-PT.ts": {"path":"/usr/local/google/home/meredithdodge/helltool/packages/filter-components/src/locales/resources/pt-PT.ts","statementMap":{"0":{"start":{"line":32,"column":18},"end":{"line":251,"column":1}},"1":{"start":{"line":253,"column":20},"end":{"line":258,"column":1}}},"fnMap":{},"branchMap":{},"s":{"0":2,"1":2},"f":{},"b":{},"_coverageSchema":"1a1c01bbd47fc00a2c39e90264f33305004495a9","hash":"344aa89c9aa470f17471289997d4d324700d96ff"}
,"/usr/local/google/home/meredithdodge/helltool/packages/filter-components/src/locales/resources/ru-RU.ts": {"path":"/usr/local/google/home/meredithdodge/helltool/packages/filter-components/src/locales/resources/ru-RU.ts","statementMap":{"0":{"start":{"line":32,"column":18},"end":{"line":251,"column":1}},"1":{"start":{"line":253,"column":20},"end":{"line":258,"column":1}}},"fnMap":{},"branchMap":{},"s":{"0":2,"1":2},"f":{},"b":{},"_coverageSchema":"1a1c01bbd47fc00a2c39e90264f33305004495a9","hash":"074f1a79b132adcb2f6862c5cd7ed60d672f7608"}
,"/usr/local/google/home/meredithdodge/helltool/packages/filter-components/src/locales/resources/sv-SE.ts": {"path":"/usr/local/google/home/meredithdodge/helltool/packages/filter-components/src/locales/resources/sv-SE.ts","statementMap":{"0":{"start":{"line":32,"column":18},"end":{"line":254,"column":1}},"1":{"start":{"line":256,"column":20},"end":{"line":261,"column":1}}},"fnMap":{},"branchMap":{},"s":{"0":2,"1":2},"f":{},"b":{},"_coverageSchema":"1a1c01bbd47fc00a2c39e90264f33305004495a9","hash":"fa5d0fabc425da887fa7f75549d2236dfdd12a3f"}
,"/usr/local/google/home/meredithdodge/helltool/packages/filter-components/src/locales/resources/th-TH.ts": {"path":"/usr/local/google/home/meredithdodge/helltool/packages/filter-components/src/locales/resources/th-TH.ts","statementMap":{"0":{"start":{"line":32,"column":18},"end":{"line":251,"column":1}},"1":{"start":{"line":253,"column":20},"end":{"line":258,"column":1}}},"fnMap":{},"branchMap":{},"s":{"0":2,"1":2},"f":{},"b":{},"_coverageSchema":"1a1c01bbd47fc00a2c39e90264f33305004495a9","hash":"92eb6cd03297f56654d29205eb58cca212823070"}
,"/usr/local/google/home/meredithdodge/helltool/packages/filter-components/src/locales/resources/tr-TR.ts": {"path":"/usr/local/google/home/meredithdodge/helltool/packages/filter-components/src/locales/resources/tr-TR.ts","statementMap":{"0":{"start":{"line":32,"column":18},"end":{"line":251,"column":1}},"1":{"start":{"line":253,"column":20},"end":{"line":258,"column":1}}},"fnMap":{},"branchMap":{},"s":{"0":2,"1":2},"f":{},"b":{},"_coverageSchema":"1a1c01bbd47fc00a2c39e90264f33305004495a9","hash":"36ca2445a22c6ba4054fd6700a7d8f7c2a3ba690"}
,"/usr/local/google/home/meredithdodge/helltool/packages/filter-components/src/locales/resources/uk-UA.ts": {"path":"/usr/local/google/home/meredithdodge/helltool/packages/filter-components/src/locales/resources/uk-UA.ts","statementMap":{"0":{"start":{"line":32,"column":18},"end":{"line":251,"column":1}},"1":{"start":{"line":253,"column":20},"end":{"line":258,"column":1}}},"fnMap":{},"branchMap":{},"s":{"0":2,"1":2},"f":{},"b":{},"_coverageSchema":"1a1c01bbd47fc00a2c39e90264f33305004495a9","hash":"019c46c9cd0631efe71101f60ef906c5df1ded48"}
,"/usr/local/google/home/meredithdodge/helltool/packages/filter-components/src/locales/resources/zh-CN.ts": {"path":"/usr/local/google/home/meredithdodge/helltool/packages/filter-components/src/locales/resources/zh-CN.ts","statementMap":{"0":{"start":{"line":32,"column":18},"end":{"line":250,"column":1}},"1":{"start":{"line":252,"column":20},"end":{"line":257,"column":1}}},"fnMap":{},"branchMap":{},"s":{"0":2,"1":2},"f":{},"b":{},"_coverageSchema":"1a1c01bbd47fc00a2c39e90264f33305004495a9","hash":"3eea89b50fd075d7da9c94c7b4f65b5fdd712d6e"}
,"/usr/local/google/home/meredithdodge/helltool/packages/filter-components/src/locales/resources/zh-TW.ts": {"path":"/usr/local/google/home/meredithdodge/helltool/packages/filter-components/src/locales/resources/zh-TW.ts","statementMap":{"0":{"start":{"line":32,"column":18},"end":{"line":250,"column":1}},"1":{"start":{"line":252,"column":20},"end":{"line":257,"column":1}}},"fnMap":{},"branchMap":{},"s":{"0":2,"1":2},"f":{},"b":{},"_coverageSchema":"1a1c01bbd47fc00a2c39e90264f33305004495a9","hash":"dd5ffa3f2237e6e9c1b52257282cdbbbf198a299"}
,"/usr/local/google/home/meredithdodge/helltool/packages/filter-components/src/utils/i18n.ts": {"path":"/usr/local/google/home/meredithdodge/helltool/packages/filter-components/src/utils/i18n.ts","statementMap":{"0":{"start":{"line":23,"column":26},"end":{"line":23,"column":60}},"1":{"start":{"line":25,"column":2},"end":{"line":25,"column":79}}},"fnMap":{"0":{"name":"i18nInit","decl":{"start":{"line":16,"column":22},"end":{"line":16,"column":30}},"loc":{"start":{"line":20,"column":28},"end":{"line":26,"column":1}},"line":20}},"branchMap":{"0":{"loc":{"start":{"line":16,"column":31},"end":{"line":20,"column":26}},"type":"default-arg","locations":[{"start":{"line":20,"column":24},"end":{"line":20,"column":26}}],"line":16},"1":{"loc":{"start":{"line":17,"column":2},"end":{"line":17,"column":15}},"type":"default-arg","locations":[{"start":{"line":17,"column":11},"end":{"line":17,"column":15}}],"line":17}},"s":{"0":0,"1":0},"f":{"0":0},"b":{"0":[0],"1":[0]},"_coverageSchema":"1a1c01bbd47fc00a2c39e90264f33305004495a9","hash":"e51f8866a721fbe94e81720d69cc15119afdd454"}
,"/usr/local/google/home/meredithdodge/helltool/packages/filter-components/src/utils/useTranslation.ts": {"path":"/usr/local/google/home/meredithdodge/helltool/packages/filter-components/src/utils/useTranslation.ts","statementMap":{"0":{"start":{"line":10,"column":30},"end":{"line":15,"column":1}},"1":{"start":{"line":14,"column":2},"end":{"line":14,"column":44}}},"fnMap":{"0":{"name":"(anonymous_0)","decl":{"start":{"line":10,"column":30},"end":{"line":10,"column":31}},"loc":{"start":{"line":13,"column":5},"end":{"line":15,"column":1}},"line":13}},"branchMap":{},"s":{"0":2,"1":3},"f":{"0":3},"b":{},"_coverageSchema":"1a1c01bbd47fc00a2c39e90264f33305004495a9","hash":"86075853c75d9dfec88a643181807f521212478a"}
}
