TN:
SF:src/DashboardFilter/DashboardFilter.tsx
FN:21,(anonymous_0)
FN:31,(anonymous_1)
FN:32,(anonymous_2)
FNF:3
FNH:0
FNDA:0,(anonymous_0)
FNDA:0,(anonymous_1)
FNDA:0,(anonymous_2)
DA:21,0
DA:27,0
DA:29,0
DA:31,0
DA:32,0
DA:33,0
DA:37,0
DA:39,0
DA:44,0
DA:49,0
LF:10
LH:0
BRDA:51,0,0,0
BRDA:51,0,1,0
BRDA:52,1,0,0
BRDA:52,1,1,0
BRDA:54,2,0,0
BRDA:54,2,1,0
BRDA:63,3,0,0
BRDA:63,3,1,0
BRDA:64,4,0,0
BRDA:64,4,1,0
BRF:10
BRH:0
end_of_record
TN:
SF:src/DashboardFilter/use_expression_state.ts
FN:30,(anonymous_0)
FN:39,(anonymous_1)
FN:46,(anonymous_2)
FN:55,(anonymous_3)
FNF:4
FNH:0
FNDA:0,(anonymous_0)
FNDA:0,(anonymous_1)
FNDA:0,(anonymous_2)
FNDA:0,(anonymous_3)
DA:30,0
DA:35,0
DA:37,0
DA:39,0
DA:42,0
DA:46,0
DA:47,0
DA:48,0
DA:51,0
DA:55,0
DA:56,0
DA:59,0
LF:12
LH:0
BRDA:43,0,0,0
BRDA:43,0,1,0
BRDA:43,0,2,0
BRDA:51,1,0,0
BRDA:51,1,1,0
BRDA:52,2,0,0
BRDA:52,2,1,0
BRF:7
BRH:0
end_of_record
TN:
SF:src/DashboardFilter/use_suggestable.ts
FN:47,(anonymous_0)
FN:54,(anonymous_1)
FN:77,(anonymous_2)
FN:84,(anonymous_3)
FN:101,(anonymous_4)
FN:125,(anonymous_5)
FN:130,(anonymous_6)
FN:131,(anonymous_7)
FNF:8
FNH:0
FNDA:0,(anonymous_0)
FNDA:0,(anonymous_1)
FNDA:0,(anonymous_2)
FNDA:0,(anonymous_3)
FNDA:0,(anonymous_4)
FNDA:0,(anonymous_5)
FNDA:0,(anonymous_6)
FNDA:0,(anonymous_7)
DA:47,0
DA:48,0
DA:54,0
DA:58,0
DA:59,0
DA:61,0
DA:62,0
DA:63,0
DA:65,0
DA:66,0
DA:68,0
DA:77,0
DA:81,0
DA:84,0
DA:85,0
DA:86,0
DA:87,0
DA:88,0
DA:91,0
DA:101,0
DA:105,0
DA:106,0
DA:108,0
DA:110,0
DA:111,0
DA:112,0
DA:113,0
DA:115,0
DA:120,0
DA:121,0
DA:124,0
DA:125,0
DA:130,0
DA:131,0
DA:133,0
DA:134,0
DA:135,0
DA:143,0
DA:144,0
DA:146,0
DA:147,0
DA:149,0
DA:150,0
DA:154,0
DA:164,0
LF:45
LH:0
BRDA:48,0,0,0
BRDA:48,0,1,0
BRDA:48,0,2,0
BRDA:58,1,0,0
BRDA:58,1,1,0
BRDA:61,2,0,0
BRDA:61,2,1,0
BRDA:62,3,0,0
BRDA:62,3,1,0
BRDA:65,4,0,0
BRDA:65,4,1,0
BRDA:81,5,0,0
BRDA:81,5,1,0
BRDA:81,6,0,0
BRDA:81,6,1,0
BRDA:85,7,0,0
BRDA:85,7,1,0
BRDA:87,8,0,0
BRDA:87,8,1,0
BRDA:87,9,0,0
BRDA:87,9,1,0
BRDA:105,10,0,0
BRDA:133,11,0,0
BRDA:133,11,1,0
BRDA:133,12,0,0
BRDA:133,12,1,0
BRDA:136,13,0,0
BRDA:136,13,1,0
BRDA:137,14,0,0
BRDA:137,14,1,0
BRDA:139,15,0,0
BRDA:139,15,1,0
BRDA:139,15,2,0
BRDA:147,16,0,0
BRDA:147,16,1,0
BRDA:160,17,0,0
BRDA:160,17,1,0
BRF:37
BRH:0
end_of_record
TN:
SF:src/Filter/Filter.tsx
FN:49,(anonymous_0)
FN:57,(anonymous_1)
FN:66,(anonymous_2)
FN:89,(anonymous_3)
FN:100,(anonymous_4)
FN:102,(anonymous_5)
FN:147,(anonymous_6)
FNF:7
FNH:0
FNDA:0,(anonymous_0)
FNDA:0,(anonymous_1)
FNDA:0,(anonymous_2)
FNDA:0,(anonymous_3)
FNDA:0,(anonymous_4)
FNDA:0,(anonymous_5)
FNDA:0,(anonymous_6)
DA:49,0
DA:57,0
DA:58,0
DA:64,0
DA:66,0
DA:67,0
DA:69,0
DA:73,0
DA:74,0
DA:79,0
DA:80,0
DA:84,0
DA:85,0
DA:86,0
DA:89,0
DA:90,0
DA:91,0
DA:92,0
DA:93,0
DA:94,0
DA:96,0
DA:100,0
DA:101,0
DA:102,0
DA:103,0
DA:105,0
DA:106,0
DA:108,0
DA:113,0
DA:115,0
DA:116,0
DA:118,0
DA:123,0
DA:125,0
DA:134,0
DA:143,0
DA:147,0
DA:149,0
DA:150,0
DA:151,0
DA:155,0
DA:165,0
DA:170,0
DA:172,0
LF:44
LH:0
BRDA:59,0,0,0
BRDA:59,0,1,0
BRDA:60,1,0,0
BRDA:60,1,1,0
BRDA:80,2,0,0
BRDA:80,2,1,0
BRDA:81,3,0,0
BRDA:81,3,1,0
BRDA:81,3,2,0
BRDA:91,4,0,0
BRDA:91,4,1,0
BRDA:92,5,0,0
BRDA:92,5,1,0
BRDA:92,6,0,0
BRDA:92,6,1,0
BRDA:96,7,0,0
BRDA:96,7,1,0
BRDA:106,8,0,0
BRDA:106,8,1,0
BRDA:108,9,0,0
BRDA:108,9,1,0
BRDA:109,10,0,0
BRDA:109,10,1,0
BRDA:109,10,2,0
BRDA:135,11,0,0
BRDA:135,11,1,0
BRDA:143,12,0,0
BRDA:143,12,1,0
BRDA:149,13,0,0
BRDA:149,13,1,0
BRDA:150,14,0,0
BRDA:150,14,1,0
BRDA:155,15,0,0
BRDA:155,15,1,0
BRDA:159,16,0,0
BRDA:159,16,1,0
BRDA:159,17,0,0
BRDA:159,17,1,0
BRDA:170,18,0,0
BRDA:170,18,1,0
BRDA:172,19,0,0
BRDA:172,19,1,0
BRF:42
BRH:0
end_of_record
TN:
SF:src/Filter/components/AdvancedFilter/AdvancedFilter.tsx
FN:33,(anonymous_0)
FN:46,(anonymous_1)
FN:64,(anonymous_2)
FN:71,(anonymous_3)
FN:84,(anonymous_4)
FNF:5
FNH:0
FNDA:0,(anonymous_0)
FNDA:0,(anonymous_1)
FNDA:0,(anonymous_2)
FNDA:0,(anonymous_3)
FNDA:0,(anonymous_4)
DA:33,0
DA:34,0
DA:35,0
DA:36,0
DA:46,0
DA:64,0
DA:65,0
DA:66,0
DA:67,0
DA:71,0
DA:72,0
DA:73,0
DA:77,0
DA:78,0
DA:80,0
DA:82,0
DA:84,0
DA:85,0
DA:86,0
DA:88,0
DA:93,0
DA:95,0
DA:122,0
LF:23
LH:0
BRDA:34,0,0,0
BRDA:34,0,1,0
BRDA:35,1,0,0
BRDA:35,1,1,0
BRDA:65,2,0,0
BRDA:65,2,1,0
BRDA:66,3,0,0
BRDA:66,3,1,0
BRDA:72,4,0,0
BRDA:72,4,1,0
BRDA:78,5,0,0
BRDA:78,5,1,0
BRDA:80,6,0,0
BRDA:80,6,1,0
BRDA:88,7,0,0
BRDA:88,7,1,0
BRDA:88,7,2,0
BRDA:88,7,3,0
BRDA:88,7,4,0
BRDA:93,8,0,0
BRDA:93,8,1,0
BRF:21
BRH:0
end_of_record
TN:
SF:src/Filter/components/AdvancedFilter/components/AddRemoveButtons/AddRemoveButtons.tsx
FN:19,(anonymous_0)
FNF:1
FNH:0
FNDA:0,(anonymous_0)
DA:19,0
DA:25,0
DA:26,0
LF:3
LH:0
BRDA:28,0,0,0
BRDA:28,0,1,0
BRDA:40,1,0,0
BRDA:40,1,1,0
BRF:4
BRH:0
end_of_record
TN:
SF:src/Filter/components/AdvancedFilter/components/DateFilter/DateFilter.tsx
FN:22,(anonymous_0)
FN:34,(anonymous_1)
FN:48,(anonymous_2)
FNF:3
FNH:0
FNDA:0,(anonymous_0)
FNDA:0,(anonymous_1)
FNDA:0,(anonymous_2)
DA:22,0
DA:34,0
DA:35,0
DA:36,0
DA:37,0
DA:38,0
DA:39,0
DA:40,0
DA:41,0
DA:43,0
DA:48,0
DA:50,0
DA:52,0
LF:13
LH:0
BRDA:39,0,0,0
BRDA:39,0,1,0
BRDA:45,1,0,0
BRDA:45,1,1,0
BRDA:60,2,0,0
BRDA:60,2,1,0
BRF:6
BRH:0
end_of_record
TN:
SF:src/Filter/components/AdvancedFilter/components/DateFilter/components/BeforeAfter/BeforeAfter.tsx
FN:54,(anonymous_0)
FN:66,(anonymous_1)
FN:69,(anonymous_2)
FN:72,(anonymous_3)
FN:73,(anonymous_4)
FN:77,(anonymous_5)
FN:92,(anonymous_6)
FN:92,(anonymous_7)
FNF:8
FNH:0
FNDA:0,(anonymous_0)
FNDA:0,(anonymous_1)
FNDA:0,(anonymous_2)
FNDA:0,(anonymous_3)
FNDA:0,(anonymous_4)
FNDA:0,(anonymous_5)
FNDA:0,(anonymous_6)
FNDA:0,(anonymous_7)
DA:54,0
DA:60,0
DA:61,0
DA:65,0
DA:66,0
DA:67,0
DA:69,0
DA:70,0
DA:72,0
DA:73,0
DA:74,0
DA:77,0
DA:78,0
DA:79,0
DA:82,0
DA:83,0
DA:85,0
DA:86,0
DA:87,0
DA:91,0
DA:92,0
DA:95,0
LF:22
LH:0
BRDA:82,0,0,0
BRDA:82,0,1,0
BRDA:83,1,0,0
BRDA:83,1,1,0
BRDA:87,2,0,0
BRDA:87,2,1,0
BRDA:103,3,0,0
BRDA:103,3,1,0
BRDA:105,4,0,0
BRDA:105,4,1,0
BRDA:121,5,0,0
BRDA:121,5,1,0
BRDA:126,6,0,0
BRDA:126,6,1,0
BRDA:128,7,0,0
BRDA:128,7,1,0
BRF:16
BRH:0
end_of_record
TN:
SF:src/Filter/components/AdvancedFilter/components/DateFilter/components/DateInput/DateInput.tsx
FN:19,(anonymous_0)
FN:24,(anonymous_1)
FNF:2
FNH:0
FNDA:0,(anonymous_0)
FNDA:0,(anonymous_1)
DA:19,0
DA:24,0
DA:25,0
DA:28,0
DA:40,0
DA:62,0
LF:6
LH:0
BRDA:25,0,0,0
BRDA:25,0,1,0
BRF:2
BRH:0
end_of_record
TN:
SF:src/Filter/components/AdvancedFilter/components/DateFilter/components/DateRange/DateRange.tsx
FN:46,(anonymous_0)
FN:58,(anonymous_1)
FN:70,(anonymous_2)
FNF:3
FNH:0
FNDA:0,(anonymous_0)
FNDA:0,(anonymous_1)
FNDA:0,(anonymous_2)
DA:46,0
DA:52,0
DA:53,0
DA:56,0
DA:58,0
DA:59,0
DA:60,0
DA:61,0
DA:66,0
DA:70,0
DA:71,0
DA:72,0
DA:73,0
DA:78,0
DA:81,0
DA:83,0
LF:16
LH:0
BRDA:53,0,0,0
BRDA:53,0,1,0
BRDA:56,1,0,0
BRDA:56,1,1,0
BRDA:59,2,0,0
BRDA:59,2,1,0
BRDA:71,3,0,0
BRDA:71,3,1,0
BRDA:88,4,0,0
BRDA:88,4,1,0
BRDA:90,5,0,0
BRDA:90,5,1,0
BRDA:97,6,0,0
BRDA:97,6,1,0
BRDA:99,7,0,0
BRDA:99,7,1,0
BRF:16
BRH:0
end_of_record
TN:
SF:src/Filter/components/AdvancedFilter/components/DateFilter/components/DayRangeInput/DayRangeInput.tsx
FN:16,(anonymous_0)
FN:17,(anonymous_1)
FNF:2
FNH:0
FNDA:0,(anonymous_0)
FNDA:0,(anonymous_1)
DA:16,0
DA:17,0
DA:18,0
DA:19,0
DA:20,0
DA:28,0
DA:31,0
DA:35,0
LF:8
LH:0
BRDA:17,0,0,0
BRDA:18,1,0,0
BRDA:18,1,1,0
BRDA:19,2,0,0
BRDA:19,2,1,0
BRF:5
BRH:0
end_of_record
TN:
SF:src/Filter/components/AdvancedFilter/components/DateFilter/components/Interval/Interval.tsx
FN:31,(anonymous_0)
FN:37,(anonymous_1)
FN:40,(anonymous_2)
FNF:3
FNH:0
FNDA:0,(anonymous_0)
FNDA:0,(anonymous_1)
FNDA:0,(anonymous_2)
DA:31,0
DA:37,0
DA:38,0
DA:40,0
DA:42,0
DA:43,0
DA:44,0
DA:45,0
LF:8
LH:0
BRDA:32,0,0,0
BRDA:44,1,0,0
BRDA:44,1,1,0
BRF:3
BRH:0
end_of_record
TN:
SF:src/Filter/components/AdvancedFilter/components/DateFilter/components/OnDate/OnDate.tsx
FN:19,(anonymous_0)
FN:21,(anonymous_1)
FNF:2
FNH:0
FNDA:0,(anonymous_0)
FNDA:0,(anonymous_1)
DA:19,0
DA:20,0
DA:21,0
DA:22,0
DA:24,0
DA:26,0
DA:30,0
LF:7
LH:0
BRDA:26,0,0,0
BRDA:26,0,1,0
BRF:2
BRH:0
end_of_record
TN:
SF:src/Filter/components/AdvancedFilter/components/DateFilter/components/Past/Past.tsx
FN:20,(anonymous_0)
FN:23,(anonymous_1)
FN:28,(anonymous_2)
FN:29,(anonymous_3)
FN:39,(anonymous_4)
FN:39,(anonymous_5)
FNF:6
FNH:0
FNDA:0,(anonymous_0)
FNDA:0,(anonymous_1)
FNDA:0,(anonymous_2)
FNDA:0,(anonymous_3)
FNDA:0,(anonymous_4)
FNDA:0,(anonymous_5)
DA:20,0
DA:21,0
DA:23,0
DA:24,0
DA:25,0
DA:28,0
DA:29,0
DA:30,0
DA:32,0
DA:34,0
DA:35,0
DA:36,0
DA:38,0
DA:39,0
DA:43,0
LF:15
LH:0
BRDA:32,0,0,0
BRDA:32,0,1,0
BRDA:36,1,0,0
BRDA:36,1,1,0
BRF:4
BRH:0
end_of_record
TN:
SF:src/Filter/components/AdvancedFilter/components/DateFilter/components/Relative/Relative.tsx
FN:21,(anonymous_0)
FN:32,(anonymous_1)
FN:36,(anonymous_2)
FN:40,(anonymous_3)
FNF:4
FNH:0
FNDA:0,(anonymous_0)
FNDA:0,(anonymous_1)
FNDA:0,(anonymous_2)
FNDA:0,(anonymous_3)
DA:21,0
DA:26,0
DA:27,0
DA:32,0
DA:33,0
DA:36,0
DA:37,0
DA:40,0
DA:41,0
DA:44,0
LF:10
LH:0
BRF:0
BRH:0
end_of_record
TN:
SF:src/Filter/components/AdvancedFilter/components/DateFilter/components/RelativeTimeframes/RelativeTimeframes.tsx
FN:57,(anonymous_0)
FN:67,(anonymous_1)
FN:71,(anonymous_2)
FN:75,(anonymous_3)
FNF:4
FNH:0
FNDA:0,(anonymous_0)
FNDA:0,(anonymous_1)
FNDA:0,(anonymous_2)
FNDA:0,(anonymous_3)
DA:57,0
DA:63,0
DA:65,0
DA:67,0
DA:68,0
DA:71,0
DA:72,0
DA:75,0
DA:77,0
DA:81,0
DA:89,0
DA:95,0
DA:98,0
DA:100,0
DA:103,0
DA:108,0
LF:16
LH:0
BRF:0
BRH:0
end_of_record
TN:
SF:src/Filter/components/AdvancedFilter/components/DateFilter/components/RelativeTimeframes/components/RelativeTimeframeCustom/RelativeTimeframeCustom.tsx
FN:22,(anonymous_0)
FN:28,(anonymous_1)
FNF:2
FNH:0
FNDA:0,(anonymous_0)
FNDA:0,(anonymous_1)
DA:17,0
DA:22,0
DA:26,0
DA:28,0
DA:29,0
DA:34,0
DA:37,0
LF:7
LH:0
BRDA:26,0,0,0
BRDA:26,0,1,0
BRDA:28,1,0,0
BRF:3
BRH:0
end_of_record
TN:
SF:src/Filter/components/AdvancedFilter/components/DateFilter/components/RelativeTimeframes/components/RelativeTimeframePopoverContent/RelativeTimeframePopoverContent.tsx
FN:23,(anonymous_0)
FN:32,(anonymous_1)
FN:33,(anonymous_2)
FNF:3
FNH:0
FNDA:0,(anonymous_0)
FNDA:0,(anonymous_1)
FNDA:0,(anonymous_2)
DA:23,0
DA:29,0
DA:30,0
DA:32,0
DA:33,0
DA:34,0
DA:39,0
LF:7
LH:0
BRDA:29,0,0,0
BRDA:29,0,1,0
BRF:2
BRH:0
end_of_record
TN:
SF:src/Filter/components/AdvancedFilter/components/DateFilter/components/RelativeTimeframes/components/RelativeTimeframePresets/RelativeTimeframePresets.tsx
FN:60,(anonymous_0)
FN:67,(anonymous_1)
FN:131,(anonymous_2)
FN:141,(anonymous_3)
FN:141,(anonymous_4)
FN:148,(anonymous_5)
FN:173,(anonymous_6)
FN:175,(anonymous_7)
FN:180,(anonymous_8)
FNF:9
FNH:0
FNDA:0,(anonymous_0)
FNDA:0,(anonymous_1)
FNDA:0,(anonymous_2)
FNDA:0,(anonymous_3)
FNDA:0,(anonymous_4)
FNDA:0,(anonymous_5)
FNDA:0,(anonymous_6)
FNDA:0,(anonymous_7)
FNDA:0,(anonymous_8)
DA:60,0
DA:63,0
DA:65,0
DA:67,0
DA:68,0
DA:70,0
DA:73,0
DA:131,0
DA:138,0
DA:139,0
DA:141,0
DA:142,0
DA:143,0
DA:146,0
DA:149,0
DA:151,0
DA:170,0
DA:173,0
DA:175,0
DA:180,0
LF:20
LH:0
BRDA:75,0,0,0
BRDA:75,0,1,0
BRDA:132,1,0,0
BRDA:149,2,0,0
BRDA:149,2,1,0
BRDA:153,3,0,0
BRDA:153,3,1,0
BRF:7
BRH:0
end_of_record
TN:
SF:src/Filter/components/AdvancedFilter/components/DateFilter/components/RelativeTimeframes/utils/get_relative_timeframe_presets.ts
FN:9,(anonymous_0)
FNF:1
FNH:0
FNDA:0,(anonymous_0)
DA:9,0
DA:12,0
DA:13,0
LF:3
LH:0
BRF:0
BRH:0
end_of_record
TN:
SF:src/Filter/components/AdvancedFilter/components/DateFilter/components/ThisNextLast/ThisNextLast.tsx
FN:24,(anonymous_0)
FN:41,(anonymous_1)
FN:44,(anonymous_2)
FNF:3
FNH:0
FNDA:0,(anonymous_0)
FNDA:0,(anonymous_1)
FNDA:0,(anonymous_2)
DA:24,0
DA:28,0
DA:30,0
DA:31,0
DA:32,0
DA:33,0
DA:35,0
DA:36,0
DA:38,0
DA:41,0
DA:42,0
DA:44,0
DA:46,0
DA:48,0
LF:14
LH:0
BRDA:35,0,0,0
BRDA:35,0,1,0
BRDA:36,1,0,0
BRDA:36,1,1,0
BRDA:38,2,0,0
BRDA:38,2,1,0
BRF:6
BRH:0
end_of_record
TN:
SF:src/Filter/components/AdvancedFilter/components/DateFilter/components/TimeInput/TimeInput.tsx
FN:17,(anonymous_0)
FN:19,(anonymous_1)
FNF:2
FNH:0
FNDA:0,(anonymous_0)
FNDA:0,(anonymous_1)
DA:17,0
DA:18,0
DA:19,0
DA:20,0
DA:21,0
DA:28,0
DA:31,0
DA:41,0
LF:8
LH:0
BRDA:19,0,0,0
BRF:1
BRH:0
end_of_record
TN:
SF:src/Filter/components/AdvancedFilter/components/DateFilter/components/Year/Year.tsx
FN:10,(anonymous_0)
FN:11,(anonymous_1)
FNF:2
FNH:0
FNDA:0,(anonymous_0)
FNDA:0,(anonymous_1)
DA:10,0
DA:11,0
DA:12,0
DA:15,0
LF:4
LH:0
BRF:0
BRH:0
end_of_record
TN:
SF:src/Filter/components/AdvancedFilter/components/DateFilter/components/YearMonth/YearMonth.tsx
FN:15,(anonymous_0)
FN:24,(anonymous_1)
FN:28,(anonymous_2)
FNF:3
FNH:0
FNDA:0,(anonymous_0)
FNDA:0,(anonymous_1)
FNDA:0,(anonymous_2)
DA:15,0
DA:19,0
DA:20,0
DA:21,0
DA:22,0
DA:24,0
DA:25,0
DA:28,0
DA:29,0
DA:34,0
DA:39,0
LF:11
LH:0
BRF:0
BRH:0
end_of_record
TN:
SF:src/Filter/components/AdvancedFilter/components/DateFilter/types/day_range.ts
FNF:0
FNH:0
LF:0
LH:0
BRF:0
BRH:0
end_of_record
TN:
SF:src/Filter/components/AdvancedFilter/components/DateFilter/types/relative_timeframe_types.ts
FNF:0
FNH:0
LF:0
LH:0
BRF:0
BRH:0
end_of_record
TN:
SF:src/Filter/components/AdvancedFilter/components/DateFilter/utils/date_filter_type_to_filter.ts
FN:19,(anonymous_0)
FN:42,(anonymous_1)
FNF:2
FNH:0
FNDA:0,(anonymous_0)
FNDA:0,(anonymous_1)
DA:19,0
DA:21,0
DA:42,0
DA:43,0
LF:4
LH:0
BRF:0
BRH:0
end_of_record
TN:
SF:src/Filter/components/AdvancedFilter/components/DateFilter/utils/format_date.ts
FN:11,(anonymous_0)
FNF:1
FNH:0
FNDA:0,(anonymous_0)
DA:9,0
DA:11,0
DA:12,0
LF:3
LH:0
BRF:0
BRH:0
end_of_record
TN:
SF:src/Filter/components/AdvancedFilter/components/DateFilter/utils/new_date_item.ts
FN:14,(anonymous_0)
FNF:1
FNH:0
FNDA:0,(anonymous_0)
DA:14,0
DA:19,0
LF:2
LH:0
BRF:0
BRH:0
end_of_record
TN:
SF:src/Filter/components/AdvancedFilter/components/DateFilter/utils/relative_timeframe_conversions.ts
FN:36,(anonymous_0)
FN:93,(anonymous_1)
FNF:2
FNH:0
FNDA:0,(anonymous_0)
FNDA:0,(anonymous_1)
DA:36,0
DA:40,0
DA:41,0
DA:42,0
DA:43,0
DA:44,0
DA:45,0
DA:46,0
DA:47,0
DA:48,0
DA:49,0
DA:50,0
DA:51,0
DA:52,0
DA:53,0
DA:54,0
DA:55,0
DA:56,0
DA:57,0
DA:58,0
DA:59,0
DA:64,0
DA:65,0
DA:66,0
DA:67,0
DA:68,0
DA:69,0
DA:70,0
DA:71,0
DA:72,0
DA:73,0
DA:74,0
DA:75,0
DA:76,0
DA:77,0
DA:78,0
DA:79,0
DA:80,0
DA:81,0
DA:82,0
DA:83,0
DA:84,0
DA:90,0
DA:93,0
DA:96,0
DA:98,0
DA:103,0
DA:108,0
DA:114,0
DA:120,0
DA:126,0
DA:132,0
DA:138,0
DA:144,0
DA:150,0
DA:156,0
DA:161,0
DA:166,0
DA:171,0
DA:176,0
DA:181,0
DA:186,0
DA:191,0
DA:197,0
DA:198,0
DA:199,0
DA:200,0
DA:201,0
LF:68
LH:0
BRDA:41,0,0,0
BRDA:41,0,1,0
BRDA:41,1,0,0
BRDA:41,1,1,0
BRDA:43,2,0,0
BRDA:43,2,1,0
BRDA:43,3,0,0
BRDA:43,3,1,0
BRDA:45,4,0,0
BRDA:45,4,1,0
BRDA:45,5,0,0
BRDA:45,5,1,0
BRDA:45,5,2,0
BRDA:47,6,0,0
BRDA:47,6,1,0
BRDA:47,7,0,0
BRDA:47,7,1,0
BRDA:47,7,2,0
BRDA:49,8,0,0
BRDA:49,8,1,0
BRDA:49,9,0,0
BRDA:49,9,1,0
BRDA:49,9,2,0
BRDA:51,10,0,0
BRDA:51,10,1,0
BRDA:51,11,0,0
BRDA:51,11,1,0
BRDA:51,11,2,0
BRDA:53,12,0,0
BRDA:53,12,1,0
BRDA:53,13,0,0
BRDA:53,13,1,0
BRDA:53,13,2,0
BRDA:55,14,0,0
BRDA:55,14,1,0
BRDA:55,15,0,0
BRDA:55,15,1,0
BRDA:55,15,2,0
BRDA:57,16,0,0
BRDA:57,16,1,0
BRDA:57,17,0,0
BRDA:57,17,1,0
BRDA:57,17,2,0
BRDA:59,18,0,0
BRDA:59,18,1,0
BRDA:60,19,0,0
BRDA:60,19,1,0
BRDA:60,19,2,0
BRDA:65,20,0,0
BRDA:65,20,1,0
BRDA:65,21,0,0
BRDA:65,21,1,0
BRDA:67,22,0,0
BRDA:67,22,1,0
BRDA:67,23,0,0
BRDA:67,23,1,0
BRDA:69,24,0,0
BRDA:69,24,1,0
BRDA:69,25,0,0
BRDA:69,25,1,0
BRDA:71,26,0,0
BRDA:71,26,1,0
BRDA:71,27,0,0
BRDA:71,27,1,0
BRDA:73,28,0,0
BRDA:73,28,1,0
BRDA:73,29,0,0
BRDA:73,29,1,0
BRDA:75,30,0,0
BRDA:75,30,1,0
BRDA:75,31,0,0
BRDA:75,31,1,0
BRDA:77,32,0,0
BRDA:77,32,1,0
BRDA:77,33,0,0
BRDA:77,33,1,0
BRDA:79,34,0,0
BRDA:79,34,1,0
BRDA:79,35,0,0
BRDA:79,35,1,0
BRDA:81,36,0,0
BRDA:81,36,1,0
BRDA:81,37,0,0
BRDA:81,37,1,0
BRDA:81,37,2,0
BRDA:96,38,0,0
BRDA:96,38,1,0
BRDA:96,38,2,0
BRDA:96,38,3,0
BRDA:96,38,4,0
BRDA:96,38,5,0
BRDA:96,38,6,0
BRDA:96,38,7,0
BRDA:96,38,8,0
BRDA:96,38,9,0
BRDA:96,38,10,0
BRDA:96,38,11,0
BRDA:96,38,12,0
BRDA:96,38,13,0
BRDA:96,38,14,0
BRDA:96,38,15,0
BRDA:96,38,16,0
BRDA:96,38,17,0
BRF:103
BRH:0
end_of_record
TN:
SF:src/Filter/components/AdvancedFilter/components/DateFilter/utils/relative_timeframe_to_string.ts
FN:10,(anonymous_0)
FNF:1
FNH:0
FNDA:0,(anonymous_0)
DA:10,0
DA:13,0
DA:14,0
LF:3
LH:0
BRDA:14,0,0,0
BRDA:14,0,1,0
BRF:2
BRH:0
end_of_record
TN:
SF:src/Filter/components/AdvancedFilter/components/GroupInput/GroupInput.tsx
FN:15,(anonymous_0)
FN:20,(anonymous_1)
FN:34,(anonymous_2)
FNF:3
FNH:0
FNDA:0,(anonymous_0)
FNDA:0,(anonymous_1)
FNDA:0,(anonymous_2)
DA:15,0
DA:20,0
DA:21,0
DA:22,0
DA:28,0
DA:30,0
DA:33,0
DA:34,0
LF:8
LH:0
BRDA:16,0,0,0
BRDA:17,1,0,0
BRDA:21,2,0,0
BRDA:21,2,1,0
BRDA:21,3,0,0
BRDA:21,3,1,0
BRDA:34,4,0,0
BRF:7
BRH:0
end_of_record
TN:
SF:src/Filter/components/AdvancedFilter/components/GroupSelect/GroupSelect.tsx
FN:14,(anonymous_0)
FNF:1
FNH:0
FNDA:0,(anonymous_0)
DA:14,0
DA:15,0
DA:16,0
LF:3
LH:0
BRF:0
BRH:0
end_of_record
TN:
SF:src/Filter/components/AdvancedFilter/components/ItemLayout/ItemLayout.tsx
FN:19,(anonymous_0)
FN:28,(anonymous_1)
FN:29,(anonymous_2)
FNF:3
FNH:0
FNDA:0,(anonymous_0)
FNDA:0,(anonymous_1)
FNDA:0,(anonymous_2)
DA:19,0
DA:28,0
DA:29,0
DA:30,0
LF:4
LH:0
BRDA:32,0,0,0
BRDA:32,0,1,0
BRDA:34,1,0,0
BRDA:34,1,1,0
BRF:4
BRH:0
end_of_record
TN:
SF:src/Filter/components/AdvancedFilter/components/LocationFilter/LocationFilter.tsx
FN:13,(anonymous_0)
FN:24,(anonymous_1)
FNF:2
FNH:0
FNDA:0,(anonymous_0)
FNDA:0,(anonymous_1)
DA:13,0
DA:21,0
DA:22,0
DA:24,0
DA:25,0
DA:27,0
DA:29,0
LF:7
LH:0
BRDA:38,0,0,0
BRDA:38,0,1,0
BRF:2
BRH:0
end_of_record
TN:
SF:src/Filter/components/AdvancedFilter/components/LocationFilter/components/LocationBox/LocationBox.tsx
FN:20,(anonymous_0)
FNF:1
FNH:0
FNDA:0,(anonymous_0)
DA:20,0
DA:21,0
LF:2
LH:0
BRF:0
BRH:0
end_of_record
TN:
SF:src/Filter/components/AdvancedFilter/components/LocationFilter/components/LocationCircle/LocationCircle.tsx
FN:23,(anonymous_0)
FN:26,(anonymous_1)
FN:34,(anonymous_2)
FNF:3
FNH:0
FNDA:0,(anonymous_0)
FNDA:0,(anonymous_1)
FNDA:0,(anonymous_2)
DA:23,0
DA:24,0
DA:26,0
DA:27,0
DA:28,0
DA:34,0
DA:35,0
DA:38,0
LF:8
LH:0
BRDA:27,0,0,0
BRDA:27,0,1,0
BRDA:30,1,0,0
BRDA:30,1,1,0
BRDA:41,2,0,0
BRDA:41,2,1,0
BRDA:48,3,0,0
BRDA:48,3,1,0
BRF:8
BRH:0
end_of_record
TN:
SF:src/Filter/components/AdvancedFilter/components/LocationFilter/components/LocationExact/LocationExact.tsx
FN:52,(anonymous_0)
FN:61,(anonymous_1)
FN:71,(anonymous_2)
FN:104,(anonymous_3)
FN:105,(anonymous_4)
FNF:5
FNH:0
FNDA:0,(anonymous_0)
FNDA:0,(anonymous_1)
FNDA:0,(anonymous_2)
FNDA:0,(anonymous_3)
FNDA:0,(anonymous_4)
DA:52,0
DA:61,0
DA:63,0
DA:67,0
DA:71,0
DA:73,0
DA:77,0
DA:81,0
DA:103,0
DA:104,0
DA:105,0
LF:11
LH:0
BRDA:55,0,0,0
BRDA:56,1,0,0
BRDA:57,2,0,0
BRDA:58,3,0,0
BRDA:59,4,0,0
BRDA:63,5,0,0
BRDA:63,5,1,0
BRDA:64,6,0,0
BRDA:64,6,1,0
BRDA:73,7,0,0
BRDA:73,7,1,0
BRDA:74,8,0,0
BRDA:74,8,1,0
BRDA:85,9,0,0
BRDA:85,9,1,0
BRDA:93,10,0,0
BRDA:93,10,1,0
BRF:17
BRH:0
end_of_record
TN:
SF:src/Filter/components/AdvancedFilter/components/LocationFilter/utils/location_filter_type_to_filter.ts
FN:16,(anonymous_0)
FN:28,(anonymous_1)
FNF:2
FNH:0
FNDA:0,(anonymous_0)
FNDA:0,(anonymous_1)
DA:16,0
DA:18,0
DA:28,0
DA:29,0
LF:4
LH:0
BRDA:29,0,0,0
BRDA:29,0,1,0
BRF:2
BRH:0
end_of_record
TN:
SF:src/Filter/components/AdvancedFilter/components/MatchesAdvanced/MatchesAdvanced.tsx
FN:16,(anonymous_0)
FN:25,(anonymous_1)
FN:32,(anonymous_2)
FNF:3
FNH:0
FNDA:0,(anonymous_0)
FNDA:0,(anonymous_1)
FNDA:0,(anonymous_2)
DA:16,0
DA:21,0
DA:22,0
DA:25,0
DA:32,0
DA:33,0
DA:34,0
DA:41,0
LF:8
LH:0
BRDA:46,0,0,0
BRDA:46,0,1,0
BRF:2
BRH:0
end_of_record
TN:
SF:src/Filter/components/AdvancedFilter/components/MidInputLabel/MidInputLabel.tsx
FN:18,(anonymous_0)
FNF:1
FNH:0
FNDA:0,(anonymous_0)
DA:17,0
DA:19,0
LF:2
LH:0
BRDA:24,0,0,0
BRDA:24,0,1,0
BRF:2
BRH:0
end_of_record
TN:
SF:src/Filter/components/AdvancedFilter/components/NumberFilter/NumberFilter.tsx
FN:20,(anonymous_0)
FN:36,(anonymous_1)
FNF:2
FNH:0
FNDA:0,(anonymous_0)
FNDA:0,(anonymous_1)
DA:20,0
DA:29,0
DA:30,0
DA:31,0
DA:36,0
DA:37,0
DA:42,0
DA:47,0
DA:49,0
DA:50,0
DA:52,0
DA:55,0
LF:12
LH:0
BRDA:33,0,0,0
BRDA:33,0,1,0
BRDA:52,1,0,0
BRDA:52,1,1,0
BRDA:53,2,0,0
BRDA:53,2,1,0
BRDA:53,3,0,0
BRDA:53,3,1,0
BRDA:62,4,0,0
BRDA:62,4,1,0
BRF:10
BRH:0
end_of_record
TN:
SF:src/Filter/components/AdvancedFilter/components/NumberFilter/components/Between/Between.tsx
FN:54,(anonymous_0)
FN:65,(anonymous_1)
FN:69,(anonymous_2)
FN:72,(anonymous_3)
FNF:4
FNH:0
FNDA:0,(anonymous_0)
FNDA:0,(anonymous_1)
FNDA:0,(anonymous_2)
FNDA:0,(anonymous_3)
DA:54,0
DA:59,0
DA:61,0
DA:63,0
DA:65,0
DA:66,0
DA:69,0
DA:70,0
DA:72,0
DA:73,0
DA:76,0
DA:81,0
LF:12
LH:0
BRDA:63,0,0,0
BRDA:63,1,0,0
BRF:2
BRH:0
end_of_record
TN:
SF:src/Filter/components/AdvancedFilter/components/NumberFilter/components/MultiInput/MultiInput.tsx
FN:51,(anonymous_0)
FN:55,(anonymous_1)
FN:67,(anonymous_2)
FN:71,(anonymous_3)
FN:72,(anonymous_4)
FNF:5
FNH:0
FNDA:0,(anonymous_0)
FNDA:0,(anonymous_1)
FNDA:0,(anonymous_2)
FNDA:0,(anonymous_3)
FNDA:0,(anonymous_4)
DA:51,0
DA:52,0
DA:55,0
DA:63,0
DA:64,0
DA:65,0
DA:67,0
DA:68,0
DA:71,0
DA:72,0
DA:74,0
DA:75,0
DA:81,0
DA:98,0
LF:14
LH:0
BRDA:52,0,0,0
BRDA:52,0,1,0
BRDA:74,1,0,0
BRDA:74,1,1,0
BRDA:74,2,0,0
BRDA:74,2,1,0
BRDA:84,3,0,0
BRDA:84,3,1,0
BRF:8
BRH:0
end_of_record
TN:
SF:src/Filter/components/AdvancedFilter/components/NumberFilter/components/SingleNumberInput/SingleNumberInput.tsx
FN:20,(anonymous_0)
FN:28,(anonymous_1)
FN:34,(anonymous_2)
FNF:3
FNH:0
FNDA:0,(anonymous_0)
FNDA:0,(anonymous_1)
FNDA:0,(anonymous_2)
DA:20,0
DA:21,0
DA:22,0
DA:23,0
DA:25,0
DA:28,0
DA:34,0
DA:37,0
DA:38,0
DA:39,0
DA:40,0
DA:44,0
DA:46,0
LF:13
LH:0
BRDA:21,0,0,0
BRDA:21,0,1,0
BRDA:21,1,0,0
BRDA:21,1,1,0
BRDA:22,2,0,0
BRDA:22,2,1,0
BRDA:25,3,0,0
BRDA:25,3,1,0
BRDA:38,4,0,0
BRDA:38,4,1,0
BRDA:39,5,0,0
BRDA:39,5,1,0
BRF:12
BRH:0
end_of_record
TN:
SF:src/Filter/components/AdvancedFilter/components/NumberFilter/utils/number_filter_type_to_filter.ts
FN:16,(anonymous_0)
FN:33,(anonymous_1)
FNF:2
FNH:0
FNDA:0,(anonymous_0)
FNDA:0,(anonymous_1)
DA:16,0
DA:18,0
DA:29,0
DA:33,0
DA:38,0
DA:42,0
DA:44,0
LF:7
LH:0
BRDA:38,0,0,0
BRDA:38,0,1,0
BRDA:39,1,0,0
BRDA:39,1,1,0
BRDA:39,1,2,0
BRDA:44,2,0,0
BRDA:44,2,1,0
BRF:7
BRH:0
end_of_record
TN:
SF:src/Filter/components/AdvancedFilter/components/OperatorLabel/OperatorLabel.tsx
FN:13,(anonymous_0)
FNF:1
FNH:0
FNDA:0,(anonymous_0)
DA:13,0
DA:14,0
DA:15,0
LF:3
LH:0
BRDA:17,0,0,0
BRDA:17,0,1,0
BRF:2
BRH:0
end_of_record
TN:
SF:src/Filter/components/AdvancedFilter/components/StringFilter/StringFilter.tsx
FN:47,(anonymous_0)
FN:65,(anonymous_1)
FNF:2
FNH:0
FNDA:0,(anonymous_0)
FNDA:0,(anonymous_1)
DA:40,0
DA:47,0
DA:59,0
DA:60,0
DA:61,0
DA:65,0
DA:66,0
DA:74,0
DA:80,0
DA:81,0
LF:10
LH:0
BRDA:63,0,0,0
BRDA:63,0,1,0
BRDA:88,1,0,0
BRDA:88,1,1,0
BRDA:96,2,0,0
BRDA:96,2,1,0
BRF:6
BRH:0
end_of_record
TN:
SF:src/Filter/components/AdvancedFilter/components/StringFilter/components/MultiStringInput/MultiStringInput.tsx
FN:60,(anonymous_0)
FN:81,(anonymous_1)
FN:93,(anonymous_2)
FNF:3
FNH:0
FNDA:0,(anonymous_0)
FNDA:0,(anonymous_1)
FNDA:0,(anonymous_2)
DA:60,0
DA:78,0
DA:81,0
DA:82,0
DA:86,0
DA:93,0
DA:94,0
DA:97,0
DA:99,0
DA:113,0
DA:114,0
DA:115,0
DA:118,0
DA:133,0
LF:14
LH:0
BRDA:73,0,0,0
BRDA:76,1,0,0
BRDA:78,2,0,0
BRDA:78,2,1,0
BRDA:82,3,0,0
BRDA:82,3,1,0
BRDA:82,4,0,0
BRDA:82,4,1,0
BRDA:113,5,0,0
BRDA:113,5,1,0
BRDA:113,5,2,0
BRDA:114,6,0,0
BRDA:114,6,1,0
BRDA:114,7,0,0
BRDA:114,7,1,0
BRF:15
BRH:0
end_of_record
TN:
SF:src/Filter/components/AdvancedFilter/components/StringFilter/components/StringInput/StringInput.tsx
FN:56,(anonymous_0)
FN:70,(anonymous_1)
FN:81,(anonymous_2)
FN:87,(anonymous_3)
FNF:4
FNH:0
FNDA:0,(anonymous_0)
FNDA:0,(anonymous_1)
FNDA:0,(anonymous_2)
FNDA:0,(anonymous_3)
DA:56,0
DA:70,0
DA:71,0
DA:74,0
DA:81,0
DA:82,0
DA:83,0
DA:86,0
DA:87,0
DA:88,0
DA:89,0
DA:90,0
DA:94,0
DA:96,0
DA:108,0
DA:110,0
DA:127,0
LF:17
LH:0
BRDA:66,0,0,0
BRDA:71,1,0,0
BRDA:71,1,1,0
BRDA:71,2,0,0
BRDA:71,2,1,0
BRDA:82,3,0,0
BRDA:82,3,1,0
BRDA:88,4,0,0
BRDA:88,4,1,0
BRDA:108,5,0,0
BRDA:108,5,1,0
BRDA:108,6,0,0
BRDA:108,6,1,0
BRF:13
BRH:0
end_of_record
TN:
SF:src/Filter/components/AdvancedFilter/components/StringFilter/utils/string_filter_type_to_filter.ts
FN:17,(anonymous_0)
FN:36,(anonymous_1)
FNF:2
FNH:0
FNDA:0,(anonymous_0)
FNDA:0,(anonymous_1)
DA:17,0
DA:19,0
DA:29,0
DA:36,0
DA:41,0
DA:45,0
DA:47,0
LF:7
LH:0
BRDA:41,0,0,0
BRDA:41,0,1,0
BRDA:42,1,0,0
BRDA:42,1,1,0
BRDA:42,1,2,0
BRF:5
BRH:0
end_of_record
TN:
SF:src/Filter/components/AdvancedFilter/components/TierFilter/TierFilter.tsx
FN:44,(anonymous_0)
FN:55,(anonymous_1)
FN:70,(anonymous_2)
FNF:3
FNH:0
FNDA:0,(anonymous_0)
FNDA:0,(anonymous_1)
FNDA:0,(anonymous_2)
DA:44,0
DA:55,0
DA:56,0
DA:57,0
DA:59,0
DA:60,0
DA:61,0
DA:64,0
DA:69,0
DA:70,0
DA:71,0
DA:74,0
DA:80,0
DA:83,0
DA:84,0
DA:85,0
DA:90,0
LF:17
LH:0
BRDA:59,0,0,0
BRDA:59,0,1,0
BRDA:60,1,0,0
BRDA:60,1,1,0
BRDA:69,2,0,0
BRDA:69,2,1,0
BRDA:74,3,0,0
BRDA:74,3,1,0
BRDA:75,4,0,0
BRDA:75,4,1,0
BRDA:75,4,2,0
BRDA:75,4,3,0
BRDA:86,5,0,0
BRDA:86,5,1,0
BRDA:87,6,0,0
BRDA:87,6,1,0
BRDA:97,7,0,0
BRDA:97,7,1,0
BRF:18
BRH:0
end_of_record
TN:
SF:src/Filter/components/AdvancedFilter/components/TierFilter/components/ParamFilter/ParamFilter.tsx
FN:18,(anonymous_0)
FN:24,(anonymous_1)
FNF:2
FNH:0
FNDA:0,(anonymous_0)
FNDA:0,(anonymous_1)
DA:18,0
DA:24,0
DA:25,0
DA:28,0
LF:4
LH:0
BRDA:31,0,0,0
BRDA:31,0,1,0
BRDA:33,1,0,0
BRDA:33,1,1,0
BRF:4
BRH:0
end_of_record
TN:
SF:src/Filter/components/AdvancedFilter/components/TierFilter/utils/tier_filter_type_to_filter.ts
FN:16,(anonymous_0)
FN:25,(anonymous_1)
FNF:2
FNH:0
FNDA:0,(anonymous_0)
FNDA:0,(anonymous_1)
DA:15,0
DA:16,0
DA:21,0
DA:25,0
DA:30,0
DA:31,0
DA:32,0
DA:33,0
DA:35,0
LF:9
LH:0
BRDA:30,0,0,0
BRDA:30,0,1,0
BRDA:30,1,0,0
BRDA:30,1,1,0
BRDA:32,2,0,0
BRDA:32,2,1,0
BRDA:32,3,0,0
BRDA:32,3,1,0
BRF:8
BRH:0
end_of_record
TN:
SF:src/Filter/components/AdvancedFilter/components/UserAttributes/UserAttributes.tsx
FN:10,(anonymous_0)
FN:11,(anonymous_1)
FN:16,(anonymous_2)
FN:23,(anonymous_3)
FNF:4
FNH:0
FNDA:0,(anonymous_0)
FNDA:0,(anonymous_1)
FNDA:0,(anonymous_2)
FNDA:0,(anonymous_3)
DA:10,0
DA:11,0
DA:16,0
DA:23,0
DA:24,0
DA:25,0
DA:31,0
LF:7
LH:0
BRDA:10,0,0,0
BRDA:27,1,0,0
BRDA:27,1,1,0
BRF:3
BRH:0
end_of_record
TN:
SF:src/Filter/components/AdvancedFilter/utils/get_date_filter_options.ts
FN:8,(anonymous_0)
FNF:1
FNH:0
FNDA:0,(anonymous_0)
DA:8,0
DA:9,0
DA:10,0
DA:11,0
DA:12,0
DA:20,0
LF:6
LH:0
BRDA:11,0,0,0
BRDA:11,0,1,0
BRF:2
BRH:0
end_of_record
TN:
SF:src/Filter/components/AdvancedFilter/utils/get_filter_options.ts
FN:9,(anonymous_0)
FN:15,(anonymous_1)
FNF:2
FNH:0
FNDA:0,(anonymous_0)
FNDA:0,(anonymous_1)
DA:9,0
DA:13,0
DA:14,0
DA:16,0
LF:4
LH:0
BRDA:16,0,0,0
BRDA:16,0,1,0
BRF:2
BRH:0
end_of_record
TN:
SF:src/Filter/components/AdvancedFilter/utils/get_location_filter_options.ts
FN:8,(anonymous_0)
FN:22,(anonymous_1)
FNF:2
FNH:0
FNDA:0,(anonymous_0)
FNDA:0,(anonymous_1)
DA:8,0
DA:9,0
DA:10,0
DA:11,0
DA:22,0
DA:23,0
DA:24,0
LF:7
LH:0
BRF:0
BRH:0
end_of_record
TN:
SF:src/Filter/components/AdvancedFilter/utils/get_number_filter_options.ts
FN:8,(anonymous_0)
FN:29,(anonymous_1)
FNF:2
FNH:0
FNDA:0,(anonymous_0)
FNDA:0,(anonymous_1)
DA:8,0
DA:9,0
DA:10,0
DA:11,0
DA:12,0
DA:14,0
DA:29,0
DA:30,0
DA:31,0
LF:9
LH:0
BRDA:11,0,0,0
BRDA:11,0,1,0
BRF:2
BRH:0
end_of_record
TN:
SF:src/Filter/components/AdvancedFilter/utils/get_string_filter_options.ts
FN:8,(anonymous_0)
FNF:1
FNH:0
FNDA:0,(anonymous_0)
DA:8,0
DA:9,0
DA:10,0
DA:11,0
DA:12,0
DA:14,0
LF:6
LH:0
BRDA:11,0,0,0
BRDA:11,0,1,0
BRF:2
BRH:0
end_of_record
TN:
SF:src/Filter/components/AdvancedFilter/utils/get_tier_filter_options.ts
FN:8,(anonymous_0)
FN:19,(anonymous_1)
FNF:2
FNH:0
FNDA:0,(anonymous_0)
FNDA:0,(anonymous_1)
DA:8,0
DA:9,0
DA:10,0
DA:11,0
DA:19,0
DA:20,0
DA:21,0
DA:22,0
LF:8
LH:0
BRF:0
BRH:0
end_of_record
TN:
SF:src/Filter/components/AdvancedFilter/utils/get_user_attribute_option.ts
FN:8,(anonymous_0)
FNF:1
FNH:0
FNDA:0,(anonymous_0)
DA:8,0
DA:9,0
DA:10,0
LF:3
LH:0
BRF:0
BRH:0
end_of_record
TN:
SF:src/Filter/components/AdvancedFilter/utils/show_fiscal_units.ts
FN:7,(anonymous_0)
FN:10,(anonymous_1)
FNF:2
FNH:0
FNDA:0,(anonymous_0)
FNDA:0,(anonymous_1)
DA:7,0
DA:8,0
DA:10,0
DA:11,0
LF:4
LH:0
BRDA:8,0,0,0
BRDA:8,0,1,0
BRDA:11,1,0,0
BRDA:11,1,1,0
BRDA:11,1,2,0
BRF:5
BRH:0
end_of_record
TN:
SF:src/Filter/components/ControlFilter/ControlFilter.tsx
FN:13,(anonymous_0)
FN:31,(anonymous_1)
FNF:2
FNH:0
FNDA:0,(anonymous_0)
FNDA:0,(anonymous_1)
DA:13,0
DA:20,0
DA:21,0
DA:31,0
DA:33,0
DA:34,0
DA:35,0
DA:37,0
DA:43,0
DA:45,0
DA:49,0
DA:51,0
DA:53,0
LF:13
LH:0
BRDA:17,0,0,0
BRDA:22,1,0,0
BRDA:22,1,1,0
BRDA:33,2,0,0
BRDA:33,2,1,0
BRDA:34,3,0,0
BRDA:34,3,1,0
BRDA:43,4,0,0
BRDA:43,4,1,0
BRDA:43,5,0,0
BRDA:43,5,1,0
BRF:11
BRH:0
end_of_record
TN:
SF:src/Filter/components/ControlFilter/components/ButtonGroup/ButtonGroup.tsx
FN:19,(anonymous_0)
FN:37,(anonymous_1)
FN:41,(anonymous_2)
FNF:3
FNH:0
FNDA:0,(anonymous_0)
FNDA:0,(anonymous_1)
FNDA:0,(anonymous_2)
DA:18,0
DA:26,0
DA:38,0
DA:41,0
LF:4
LH:0
BRDA:26,0,0,0
BRDA:26,0,1,0
BRDA:38,1,0,0
BRDA:38,1,1,0
BRF:4
BRH:0
end_of_record
TN:
SF:src/Filter/components/ControlFilter/components/ButtonToggles/ButtonToggles.tsx
FN:9,(anonymous_0)
FNF:1
FNH:0
FNDA:0,(anonymous_0)
DA:9,0
DA:15,0
LF:2
LH:0
BRDA:15,0,0,0
BRDA:15,0,1,0
BRF:2
BRH:0
end_of_record
TN:
SF:src/Filter/components/ControlFilter/components/CheckboxGroup/CheckboxGroup.tsx
FN:12,(anonymous_0)
FNF:1
FNH:0
FNDA:0,(anonymous_0)
DA:12,0
DA:20,0
LF:2
LH:0
BRDA:20,0,0,0
BRDA:20,0,1,0
BRF:2
BRH:0
end_of_record
TN:
SF:src/Filter/components/ControlFilter/components/DropdownMenu/DropdownMenu.tsx
FN:14,(anonymous_0)
FN:58,(anonymous_1)
FN:61,(anonymous_2)
FN:62,(anonymous_3)
FN:64,(anonymous_4)
FN:67,(anonymous_5)
FNF:6
FNH:0
FNDA:0,(anonymous_0)
FNDA:0,(anonymous_1)
FNDA:0,(anonymous_2)
FNDA:0,(anonymous_3)
FNDA:0,(anonymous_4)
FNDA:0,(anonymous_5)
DA:14,0
DA:23,0
DA:29,0
DA:31,0
DA:55,0
DA:59,0
DA:61,0
DA:62,0
DA:64,0
DA:67,0
LF:10
LH:0
BRDA:59,0,0,0
BRDA:59,0,1,0
BRDA:59,1,0,0
BRDA:59,1,1,0
BRF:4
BRH:0
end_of_record
TN:
SF:src/Filter/components/ControlFilter/components/RadioGroup/RadioGroup.tsx
FN:16,(anonymous_0)
FNF:1
FNH:0
FNDA:0,(anonymous_0)
DA:16,0
DA:23,0
DA:24,0
DA:29,0
DA:40,0
LF:5
LH:0
BRDA:18,0,0,0
BRDA:25,1,0,0
BRDA:25,1,1,0
BRDA:29,2,0,0
BRDA:29,2,1,0
BRF:5
BRH:0
end_of_record
TN:
SF:src/Filter/components/ControlFilter/components/Slider/RangeSlider.tsx
FN:11,(anonymous_0)
FN:18,(anonymous_1)
FN:39,(anonymous_2)
FN:41,(anonymous_3)
FNF:4
FNH:0
FNDA:0,(anonymous_0)
FNDA:0,(anonymous_1)
FNDA:0,(anonymous_2)
FNDA:0,(anonymous_3)
DA:11,0
DA:17,0
DA:18,0
DA:19,0
DA:22,0
DA:38,0
DA:39,0
DA:41,0
LF:8
LH:0
BRDA:17,0,0,0
BRDA:17,0,1,0
BRDA:28,1,0,0
BRDA:28,1,1,0
BRDA:29,2,0,0
BRDA:29,2,1,0
BRF:6
BRH:0
end_of_record
TN:
SF:src/Filter/components/ControlFilter/components/Slider/Slider.tsx
FN:11,(anonymous_0)
FN:14,(anonymous_1)
FN:32,(anonymous_2)
FNF:3
FNH:0
FNDA:0,(anonymous_0)
FNDA:0,(anonymous_1)
FNDA:0,(anonymous_2)
DA:11,0
DA:12,0
DA:14,0
DA:15,0
DA:16,0
DA:19,0
DA:31,0
DA:32,0
LF:8
LH:0
BRF:0
BRH:0
end_of_record
TN:
SF:src/Filter/components/ControlFilter/components/TagList/TagList.tsx
FN:16,(anonymous_0)
FN:30,(anonymous_1)
FN:39,(anonymous_2)
FNF:3
FNH:0
FNDA:0,(anonymous_0)
FNDA:0,(anonymous_1)
FNDA:0,(anonymous_2)
DA:16,0
DA:24,0
DA:30,0
DA:31,0
DA:34,0
DA:38,0
DA:39,0
DA:40,0
DA:41,0
DA:42,0
DA:46,0
DA:70,0
LF:12
LH:0
BRDA:31,0,0,0
BRDA:31,0,1,0
BRDA:40,1,0,0
BRDA:40,1,1,0
BRDA:40,2,0,0
BRDA:40,2,1,0
BRF:6
BRH:0
end_of_record
TN:
SF:src/Filter/constants/date/before_after_units.ts
FN:9,(anonymous_0)
FN:25,(anonymous_1)
FN:40,(anonymous_2)
FN:45,(anonymous_3)
FNF:4
FNH:0
FNDA:0,(anonymous_0)
FNDA:0,(anonymous_1)
FNDA:0,(anonymous_2)
FNDA:0,(anonymous_3)
DA:9,0
DA:10,0
DA:12,0
DA:25,0
DA:26,0
DA:28,0
DA:40,0
DA:41,0
DA:42,0
DA:43,0
DA:45,0
DA:46,0
DA:47,0
DA:48,0
DA:50,0
LF:15
LH:0
BRF:0
BRH:0
end_of_record
TN:
SF:src/Filter/constants/date/date_units.ts
FN:9,(anonymous_0)
FN:24,(anonymous_1)
FNF:2
FNH:0
FNDA:0,(anonymous_0)
FNDA:0,(anonymous_1)
DA:9,0
DA:10,0
DA:12,0
DA:24,0
DA:25,0
DA:27,0
LF:6
LH:0
BRF:0
BRH:0
end_of_record
TN:
SF:src/Filter/constants/date/interval_units.ts
FN:7,(anonymous_0)
FNF:1
FNH:0
FNDA:0,(anonymous_0)
DA:7,0
DA:8,0
DA:9,0
DA:10,0
LF:4
LH:0
BRF:0
BRH:0
end_of_record
TN:
SF:src/Filter/constants/date/past_units.ts
FN:9,(anonymous_0)
FN:24,(anonymous_1)
FN:30,(anonymous_2)
FNF:3
FNH:0
FNDA:0,(anonymous_0)
FNDA:0,(anonymous_1)
FNDA:0,(anonymous_2)
DA:9,0
DA:10,0
DA:12,0
DA:24,0
DA:25,0
DA:26,0
DA:27,0
DA:30,0
DA:31,0
DA:32,0
DA:33,0
DA:34,0
DA:36,0
LF:13
LH:0
BRF:0
BRH:0
end_of_record
TN:
SF:src/Filter/constants/date/this_next_last_units.ts
FN:9,(anonymous_0)
FN:14,(anonymous_1)
FN:19,(anonymous_2)
FN:22,(anonymous_3)
FN:27,(anonymous_4)
FN:33,(anonymous_5)
FNF:6
FNH:0
FNDA:0,(anonymous_0)
FNDA:0,(anonymous_1)
FNDA:0,(anonymous_2)
FNDA:0,(anonymous_3)
FNDA:0,(anonymous_4)
FNDA:0,(anonymous_5)
DA:9,0
DA:14,0
DA:15,0
DA:16,0
DA:19,0
DA:20,0
DA:21,0
DA:23,0
DA:27,0
DA:28,0
DA:29,0
DA:30,0
DA:33,0
DA:34,0
DA:35,0
DA:36,0
LF:16
LH:0
BRDA:11,0,0,0
BRDA:11,0,1,0
BRF:2
BRH:0
end_of_record
TN:
SF:src/Filter/constants/location/long_lat.ts
FNF:0
FNH:0
DA:5,0
DA:6,0
DA:8,0
DA:9,0
LF:4
LH:0
BRF:0
BRH:0
end_of_record
TN:
SF:src/Filter/types/filter_change_props.ts
FNF:0
FNH:0
LF:0
LH:0
BRF:0
BRH:0
end_of_record
TN:
SF:src/Filter/types/filter_item_layout_props.ts
FNF:0
FNH:0
LF:0
LH:0
BRF:0
BRH:0
end_of_record
TN:
SF:src/Filter/types/filter_param_props.ts
FNF:0
FNH:0
LF:0
LH:0
BRF:0
BRH:0
end_of_record
TN:
SF:src/Filter/types/filter_props.ts
FNF:0
FNH:0
LF:0
LH:0
BRF:0
BRH:0
end_of_record
TN:
SF:src/Filter/types/filter_state.ts
FNF:0
FNH:0
LF:0
LH:0
BRF:0
BRH:0
end_of_record
TN:
SF:src/Filter/types/filter_ui_config.ts
FNF:0
FNH:0
LF:0
LH:0
BRF:0
BRH:0
end_of_record
TN:
SF:src/Filter/types/option.ts
FNF:0
FNH:0
LF:0
LH:0
BRF:0
BRH:0
end_of_record
TN:
SF:src/Filter/types/string_select_props.ts
FNF:0
FNH:0
LF:0
LH:0
BRF:0
BRH:0
end_of_record
TN:
SF:src/Filter/utils/branded_tint.ts
FN:7,(anonymous_0)
FNF:1
FNH:0
FNDA:0,(anonymous_0)
DA:7,0
DA:11,0
DA:12,0
DA:14,0
DA:16,0
DA:18,0
DA:20,0
DA:22,0
LF:8
LH:0
BRDA:12,0,0,0
BRDA:12,0,1,0
BRDA:12,0,2,0
BRDA:12,0,3,0
BRDA:12,0,4,0
BRF:5
BRH:0
end_of_record
TN:
SF:src/Filter/utils/calculate_suggest_options.ts
FN:20,(anonymous_0)
FN:25,(anonymous_1)
FN:30,(anonymous_2)
FNF:3
FNH:0
FNDA:0,(anonymous_0)
FNDA:0,(anonymous_1)
FNDA:0,(anonymous_2)
DA:20,0
DA:21,0
DA:25,0
DA:26,0
DA:30,0
DA:35,0
DA:38,0
DA:39,0
DA:41,0
DA:42,0
DA:43,0
DA:47,0
DA:51,0
DA:52,0
DA:54,0
DA:55,0
DA:57,0
DA:60,0
DA:61,0
LF:19
LH:0
BRDA:25,0,0,0
BRDA:25,0,1,0
BRDA:25,1,0,0
BRDA:25,1,1,0
BRDA:26,2,0,0
BRDA:26,2,1,0
BRDA:30,3,0,0
BRDA:30,3,1,0
BRDA:30,4,0,0
BRDA:30,4,1,0
BRDA:35,5,0,0
BRDA:35,5,1,0
BRDA:38,6,0,0
BRDA:38,6,1,0
BRDA:51,7,0,0
BRDA:51,7,1,0
BRDA:60,8,0,0
BRDA:60,8,1,0
BRF:18
BRH:0
end_of_record
TN:
SF:src/Filter/utils/can_render_filter.ts
FN:67,(anonymous_0)
FN:118,(anonymous_1)
FNF:2
FNH:0
FNDA:0,(anonymous_0)
FNDA:0,(anonymous_1)
DA:67,0
DA:75,0
DA:77,0
DA:80,0
DA:81,0
DA:83,0
DA:90,0
DA:98,0
DA:109,0
DA:118,0
DA:119,0
LF:11
LH:0
BRDA:75,0,0,0
BRDA:75,0,1,0
BRDA:77,1,0,0
BRDA:77,1,1,0
BRDA:80,2,0,0
BRDA:80,2,1,0
BRDA:119,3,0,0
BRDA:119,3,1,0
BRDA:119,4,0,0
BRDA:119,4,1,0
BRF:10
BRH:0
end_of_record
TN:
SF:src/Filter/utils/control_filter_utils.ts
FN:90,(anonymous_0)
FN:92,(anonymous_1)
FN:111,(anonymous_2)
FN:120,(anonymous_3)
FN:127,(anonymous_4)
FN:137,(anonymous_5)
FN:138,(anonymous_6)
FN:144,(anonymous_7)
FN:170,(anonymous_8)
FN:185,(anonymous_9)
FN:222,(anonymous_10)
FN:223,(anonymous_11)
FN:232,(anonymous_12)
FN:249,(anonymous_13)
FN:262,(anonymous_14)
FN:277,(anonymous_15)
FN:288,(anonymous_16)
FN:301,(anonymous_17)
FN:315,(anonymous_18)
FN:338,(anonymous_19)
FN:355,(anonymous_20)
FN:377,(anonymous_21)
FN:387,(anonymous_22)
FN:398,(anonymous_23)
FN:411,(anonymous_24)
FN:434,(anonymous_25)
FN:459,(anonymous_26)
FN:488,(anonymous_27)
FN:505,(anonymous_28)
FNF:29
FNH:0
FNDA:0,(anonymous_0)
FNDA:0,(anonymous_1)
FNDA:0,(anonymous_2)
FNDA:0,(anonymous_3)
FNDA:0,(anonymous_4)
FNDA:0,(anonymous_5)
FNDA:0,(anonymous_6)
FNDA:0,(anonymous_7)
FNDA:0,(anonymous_8)
FNDA:0,(anonymous_9)
FNDA:0,(anonymous_10)
FNDA:0,(anonymous_11)
FNDA:0,(anonymous_12)
FNDA:0,(anonymous_13)
FNDA:0,(anonymous_14)
FNDA:0,(anonymous_15)
FNDA:0,(anonymous_16)
FNDA:0,(anonymous_17)
FNDA:0,(anonymous_18)
FNDA:0,(anonymous_19)
FNDA:0,(anonymous_20)
FNDA:0,(anonymous_21)
FNDA:0,(anonymous_22)
FNDA:0,(anonymous_23)
FNDA:0,(anonymous_24)
FNDA:0,(anonymous_25)
FNDA:0,(anonymous_26)
FNDA:0,(anonymous_27)
FNDA:0,(anonymous_28)
DA:80,0
DA:90,0
DA:92,0
DA:98,0
DA:99,0
DA:100,0
DA:101,0
DA:103,0
DA:104,0
DA:105,0
DA:106,0
DA:107,0
DA:108,0
DA:109,0
DA:111,0
DA:113,0
DA:117,0
DA:120,0
DA:126,0
DA:127,0
DA:129,0
DA:137,0
DA:138,0
DA:139,0
DA:144,0
DA:148,0
DA:149,0
DA:150,0
DA:153,0
DA:154,0
DA:156,0
DA:170,0
DA:174,0
DA:175,0
DA:176,0
DA:185,0
DA:191,0
DA:199,0
DA:201,0
DA:206,0
DA:209,0
DA:215,0
DA:218,0
DA:222,0
DA:223,0
DA:224,0
DA:232,0
DA:236,0
DA:237,0
DA:238,0
DA:240,0
DA:249,0
DA:253,0
DA:254,0
DA:256,0
DA:258,0
DA:259,0
DA:260,0
DA:262,0
DA:265,0
DA:266,0
DA:268,0
DA:277,0
DA:281,0
DA:282,0
DA:284,0
DA:287,0
DA:288,0
DA:289,0
DA:290,0
DA:292,0
DA:301,0
DA:305,0
DA:306,0
DA:308,0
DA:311,0
DA:315,0
DA:316,0
DA:318,0
DA:319,0
DA:321,0
DA:329,0
DA:338,0
DA:342,0
DA:343,0
DA:346,0
DA:353,0
DA:355,0
DA:356,0
DA:357,0
DA:359,0
DA:360,0
DA:362,0
DA:370,0
DA:377,0
DA:381,0
DA:382,0
DA:384,0
DA:386,0
DA:387,0
DA:388,0
DA:391,0
DA:398,0
DA:402,0
DA:403,0
DA:405,0
DA:407,0
DA:411,0
DA:412,0
DA:421,0
DA:434,0
DA:438,0
DA:439,0
DA:440,0
DA:441,0
DA:443,0
DA:459,0
DA:463,0
DA:465,0
DA:466,0
DA:467,0
DA:468,0
DA:470,0
DA:472,0
DA:488,0
DA:492,0
DA:493,0
DA:494,0
DA:496,0
DA:505,0
DA:512,0
DA:518,0
DA:520,0
DA:529,0
DA:560,0
LF:135
LH:0
BRDA:99,0,0,0
BRDA:99,0,1,0
BRDA:101,1,0,0
BRDA:101,1,1,0
BRDA:103,2,0,0
BRDA:103,2,1,0
BRDA:103,3,0,0
BRDA:103,3,1,0
BRDA:103,3,2,0
BRDA:105,4,0,0
BRDA:105,4,1,0
BRDA:105,5,0,0
BRDA:105,5,1,0
BRDA:107,6,0,0
BRDA:107,6,1,0
BRDA:108,7,0,0
BRDA:108,7,1,0
BRDA:108,8,0,0
BRDA:108,8,1,0
BRDA:126,9,0,0
BRDA:126,9,1,0
BRDA:153,10,0,0
BRDA:153,10,1,0
BRDA:199,11,0,0
BRDA:199,11,1,0
BRDA:202,12,0,0
BRDA:202,12,1,0
BRDA:202,13,0,0
BRDA:202,13,1,0
BRDA:206,14,0,0
BRDA:206,14,1,0
BRDA:209,15,0,0
BRDA:209,15,1,0
BRDA:210,16,0,0
BRDA:210,16,1,0
BRDA:210,16,2,0
BRDA:210,16,3,0
BRDA:253,17,0,0
BRDA:253,17,1,0
BRDA:253,18,0,0
BRDA:253,18,1,0
BRDA:253,18,2,0
BRDA:259,19,0,0
BRDA:259,19,1,0
BRDA:281,20,0,0
BRDA:281,20,1,0
BRDA:305,21,0,0
BRDA:305,21,1,0
BRDA:305,22,0,0
BRDA:305,22,1,0
BRDA:342,23,0,0
BRDA:342,23,1,0
BRDA:342,24,0,0
BRDA:342,24,1,0
BRDA:348,25,0,0
BRDA:348,25,1,0
BRDA:381,26,0,0
BRDA:381,26,1,0
BRDA:402,27,0,0
BRDA:402,27,1,0
BRDA:402,28,0,0
BRDA:402,28,1,0
BRDA:512,29,0,0
BRDA:512,29,1,0
BRF:64
BRH:0
end_of_record
TN:
SF:src/Filter/utils/filter_styles.ts
FN:30,(anonymous_0)
FN:54,(anonymous_1)
FN:58,(anonymous_2)
FNF:3
FNH:0
FNDA:0,(anonymous_0)
FNDA:0,(anonymous_1)
FNDA:0,(anonymous_2)
DA:8,0
DA:17,0
DA:25,0
DA:30,0
DA:31,0
DA:33,0
DA:37,0
DA:41,0
DA:46,0
DA:54,0
DA:55,0
DA:58,0
LF:12
LH:0
BRDA:31,0,0,0
BRDA:31,0,1,0
BRDA:31,0,2,0
BRDA:31,0,3,0
BRDA:55,1,0,0
BRDA:55,1,1,0
BRF:6
BRH:0
end_of_record
TN:
SF:src/Filter/utils/filter_test_utils.ts
FNF:0
FNH:0
DA:8,0
DA:14,0
LF:2
LH:0
BRF:0
BRH:0
end_of_record
TN:
SF:src/Filter/utils/filter_token_type_map.ts
FN:25,(anonymous_0)
FNF:1
FNH:0
FNDA:0,(anonymous_0)
DA:9,0
DA:25,0
DA:26,0
LF:3
LH:0
BRDA:26,0,0,0
BRDA:26,0,1,0
BRF:2
BRH:0
end_of_record
TN:
SF:src/Filter/utils/get_filter_token_item.ts
FN:42,(anonymous_0)
FN:65,(anonymous_1)
FN:96,(anonymous_2)
FN:114,(anonymous_3)
FNF:4
FNH:0
FNDA:0,(anonymous_0)
FNDA:0,(anonymous_1)
FNDA:0,(anonymous_2)
FNDA:0,(anonymous_3)
DA:42,0
DA:47,0
DA:48,0
DA:50,0
DA:51,0
DA:53,0
DA:54,0
DA:56,0
DA:57,0
DA:59,0
DA:65,0
DA:69,0
DA:70,0
DA:71,0
DA:72,0
DA:73,0
DA:75,0
DA:77,0
DA:78,0
DA:86,0
DA:92,0
DA:96,0
DA:97,0
DA:100,0
DA:104,0
DA:105,0
DA:108,0
DA:109,0
DA:111,0
DA:114,0
DA:118,0
DA:120,0
DA:124,0
DA:128,0
DA:129,0
DA:132,0
DA:134,0
LF:37
LH:0
BRDA:48,0,0,0
BRDA:48,0,1,0
BRDA:48,0,2,0
BRDA:70,1,0,0
BRDA:70,1,1,0
BRDA:72,2,0,0
BRDA:72,2,1,0
BRDA:75,3,0,0
BRDA:75,3,1,0
BRDA:75,3,2,0
BRDA:77,4,0,0
BRDA:77,4,1,0
BRDA:77,4,2,0
BRDA:81,5,0,0
BRDA:81,5,1,0
BRDA:82,6,0,0
BRDA:82,6,1,0
BRDA:97,7,0,0
BRDA:97,7,1,0
BRDA:100,8,0,0
BRDA:100,8,1,0
BRDA:102,9,0,0
BRDA:103,10,0,0
BRDA:108,11,0,0
BRDA:108,11,1,0
BRDA:118,12,0,0
BRDA:118,12,1,0
BRDA:118,12,2,0
BRDA:118,12,3,0
BRDA:124,13,0,0
BRDA:124,13,1,0
BRDA:126,14,0,0
BRDA:127,15,0,0
BRF:33
BRH:0
end_of_record
TN:
SF:src/Filter/utils/option_utils.ts
FN:29,(anonymous_0)
FN:34,(anonymous_1)
FN:37,(anonymous_2)
FN:52,(anonymous_3)
FN:53,(anonymous_4)
FN:62,(anonymous_5)
FN:73,(anonymous_6)
FN:79,(anonymous_7)
FN:84,(anonymous_8)
FNF:9
FNH:0
FNDA:0,(anonymous_0)
FNDA:0,(anonymous_1)
FNDA:0,(anonymous_2)
FNDA:0,(anonymous_3)
FNDA:0,(anonymous_4)
FNDA:0,(anonymous_5)
FNDA:0,(anonymous_6)
FNDA:0,(anonymous_7)
FNDA:0,(anonymous_8)
DA:29,0
DA:34,0
DA:35,0
DA:36,0
DA:37,0
DA:52,0
DA:53,0
DA:62,0
DA:63,0
DA:73,0
DA:78,0
DA:79,0
DA:80,0
DA:84,0
DA:89,0
DA:91,0
DA:92,0
DA:93,0
DA:94,0
DA:97,0
LF:20
LH:0
BRDA:35,0,0,0
BRDA:35,0,1,0
BRDA:36,1,0,0
BRDA:36,1,1,0
BRDA:52,2,0,0
BRDA:55,3,0,0
BRDA:55,3,1,0
BRDA:78,4,0,0
BRDA:78,4,1,0
BRDA:78,5,0,0
BRDA:78,5,1,0
BRDA:78,5,2,0
BRDA:80,6,0,0
BRDA:80,6,1,0
BRDA:91,7,0,0
BRDA:91,7,1,0
BRDA:97,8,0,0
BRDA:97,8,1,0
BRDA:98,9,0,0
BRDA:98,9,1,0
BRF:20
BRH:0
end_of_record
TN:
SF:src/Filter/utils/pasted_input_regexp.ts
FNF:0
FNH:0
DA:10,0
LF:1
LH:0
BRF:0
BRH:0
end_of_record
TN:
SF:src/Filter/utils/type_to_component.ts
FN:30,(anonymous_0)
FNF:1
FNH:0
FNDA:0,(anonymous_0)
DA:21,0
DA:30,0
DA:31,0
LF:3
LH:0
BRF:0
BRH:0
end_of_record
TN:
SF:src/Filter/utils/update_ast.ts
FN:19,(anonymous_0)
FNF:1
FNH:0
FNDA:0,(anonymous_0)
DA:19,0
DA:24,0
DA:27,0
DA:28,0
DA:29,0
DA:30,0
DA:33,0
DA:35,0
LF:8
LH:0
BRDA:29,0,0,0
BRDA:29,0,1,0
BRF:2
BRH:0
end_of_record
TN:
SF:src/Filter/utils/use_filter_config.ts
FN:15,(anonymous_0)
FN:27,(anonymous_1)
FNF:2
FNH:0
FNDA:0,(anonymous_0)
FNDA:0,(anonymous_1)
DA:15,0
DA:18,0
DA:27,0
DA:32,0
DA:34,0
DA:37,0
DA:38,0
DA:39,0
DA:43,0
DA:50,0
LF:10
LH:0
BRDA:18,0,0,0
BRDA:18,0,1,0
BRDA:37,1,0,0
BRDA:37,1,1,0
BRDA:44,2,0,0
BRDA:44,2,1,0
BRDA:46,3,0,0
BRDA:46,3,1,0
BRF:8
BRH:0
end_of_record
TN:
SF:src/Filter/utils/use_option_filtering.ts
FN:31,(anonymous_0)
FN:38,(anonymous_1)
FN:48,(anonymous_2)
FN:49,(anonymous_3)
FN:51,(anonymous_4)
FN:69,(anonymous_5)
FN:78,(anonymous_6)
FN:129,(anonymous_7)
FN:156,(anonymous_8)
FNF:9
FNH:0
FNDA:0,(anonymous_0)
FNDA:0,(anonymous_1)
FNDA:0,(anonymous_2)
FNDA:0,(anonymous_3)
FNDA:0,(anonymous_4)
FNDA:0,(anonymous_5)
FNDA:0,(anonymous_6)
FNDA:0,(anonymous_7)
FNDA:0,(anonymous_8)
DA:31,0
DA:38,0
DA:43,0
DA:48,0
DA:49,0
DA:51,0
DA:52,0
DA:53,0
DA:55,0
DA:58,0
DA:60,0
DA:69,0
DA:72,0
DA:74,0
DA:75,0
DA:77,0
DA:78,0
DA:79,0
DA:82,0
DA:84,0
DA:89,0
DA:93,0
DA:129,0
DA:137,0
DA:138,0
DA:139,0
DA:141,0
DA:144,0
DA:146,0
DA:148,0
DA:156,0
DA:158,0
DA:166,0
LF:33
LH:0
BRDA:43,0,0,0
BRDA:43,0,1,0
BRDA:43,0,2,0
BRDA:43,0,3,0
BRDA:52,1,0,0
BRDA:52,1,1,0
BRDA:58,2,0,0
BRDA:58,2,1,0
BRDA:79,3,0,0
BRDA:79,3,1,0
BRDA:89,4,0,0
BRDA:89,4,1,0
BRDA:131,5,0,0
BRDA:137,6,0,0
BRDA:137,6,1,0
BRDA:138,7,0,0
BRDA:138,7,1,0
BRDA:161,8,0,0
BRDA:161,8,1,0
BRF:19
BRH:0
end_of_record
TN:
SF:src/Filter/utils/use_placeholder.ts
FN:8,(anonymous_0)
FNF:1
FNH:0
FNDA:0,(anonymous_0)
DA:8,0
DA:12,0
DA:13,0
DA:15,0
DA:16,0
LF:5
LH:0
BRDA:15,0,0,0
BRDA:15,0,1,0
BRDA:15,1,0,0
BRDA:15,1,1,0
BRDA:15,2,0,0
BRDA:15,2,1,0
BRF:6
BRH:0
end_of_record
TN:
SF:src/Filter/utils/use_validation_message.ts
FN:14,(anonymous_0)
FNF:1
FNH:0
FNDA:0,(anonymous_0)
DA:14,0
DA:18,0
DA:20,0
LF:3
LH:0
BRDA:20,0,0,0
BRDA:20,0,1,0
BRDA:20,1,0,0
BRDA:20,1,1,0
BRF:4
BRH:0
end_of_record
TN:
SF:src/FilterCollection/FilterCollection.tsx
FN:48,(anonymous_0)
FN:61,(anonymous_1)
FN:85,(anonymous_2)
FN:114,(anonymous_3)
FN:118,(anonymous_4)
FN:123,(anonymous_5)
FNF:6
FNH:0
FNDA:0,(anonymous_0)
FNDA:0,(anonymous_1)
FNDA:0,(anonymous_2)
FNDA:0,(anonymous_3)
FNDA:0,(anonymous_4)
FNDA:0,(anonymous_5)
DA:48,0
DA:49,0
DA:50,0
DA:51,0
DA:52,0
DA:54,0
DA:55,0
DA:56,0
DA:58,0
DA:61,0
DA:65,0
DA:68,0
DA:73,0
DA:85,0
DA:87,0
DA:89,0
DA:94,0
DA:114,0
DA:115,0
DA:117,0
DA:119,0
DA:123,0
DA:124,0
DA:126,0
LF:24
LH:0
BRDA:50,0,0,0
BRDA:50,0,1,0
BRDA:51,1,0,0
BRDA:51,1,1,0
BRDA:54,2,0,0
BRDA:54,2,1,0
BRDA:65,3,0,0
BRDA:65,3,1,0
BRDA:65,3,2,0
BRF:9
BRH:0
end_of_record
TN:
SF:src/FilterErrorMessage/FilterErrorMessage.tsx
FN:23,(anonymous_0)
FNF:1
FNH:0
FNDA:0,(anonymous_0)
DA:23,0
DA:28,0
DA:32,0
DA:33,0
LF:4
LH:0
BRDA:33,0,0,0
BRDA:33,0,1,0
BRF:2
BRH:0
end_of_record
TN:
SF:src/FilterErrorMessage/use_filters_errors.ts
FN:53,(anonymous_0)
FN:63,(anonymous_1)
FN:92,(anonymous_2)
FNF:3
FNH:0
FNDA:0,(anonymous_0)
FNDA:0,(anonymous_1)
FNDA:0,(anonymous_2)
DA:53,0
DA:60,0
DA:61,0
DA:63,0
DA:65,0
DA:66,0
DA:71,0
DA:73,0
DA:76,0
DA:79,0
DA:84,0
DA:87,0
DA:89,0
DA:92,0
DA:99,0
DA:101,0
DA:106,0
LF:17
LH:0
BRDA:55,0,0,0
BRDA:65,1,0,0
BRDA:65,1,1,0
BRDA:65,2,0,0
BRDA:65,2,1,0
BRDA:73,3,0,0
BRDA:73,3,1,0
BRDA:76,4,0,0
BRDA:76,4,1,0
BRDA:99,5,0,0
BRDA:99,5,1,0
BRDA:100,6,0,0
BRDA:100,6,1,0
BRDA:106,7,0,0
BRDA:106,7,1,0
BRF:15
BRH:0
end_of_record
TN:
SF:src/Token/FilterToken.tsx
FN:45,(anonymous_0)
FNF:1
FNH:0
FNDA:0,(anonymous_0)
DA:44,0
DA:50,0
DA:53,0
DA:59,0
DA:60,0
DA:66,0
DA:71,0
DA:80,0
DA:81,0
DA:85,0
DA:95,0
LF:11
LH:0
BRDA:50,0,0,0
BRDA:50,0,1,0
BRDA:51,1,0,0
BRDA:51,1,1,0
BRDA:66,2,0,0
BRDA:66,2,1,0
BRDA:66,2,2,0
BRDA:66,2,3,0
BRDA:80,3,0,0
BRDA:80,3,1,0
BRF:10
BRH:0
end_of_record
TN:
SF:src/Token/Token.tsx
FN:51,(anonymous_0)
FN:93,(anonymous_1)
FN:95,(anonymous_2)
FN:100,(anonymous_3)
FN:106,(anonymous_4)
FN:107,(anonymous_5)
FN:108,(anonymous_6)
FNF:7
FNH:0
FNDA:0,(anonymous_0)
FNDA:0,(anonymous_1)
FNDA:0,(anonymous_2)
FNDA:0,(anonymous_3)
FNDA:0,(anonymous_4)
FNDA:0,(anonymous_5)
FNDA:0,(anonymous_6)
DA:30,0
DA:50,0
DA:64,0
DA:66,0
DA:67,0
DA:68,0
DA:69,0
DA:71,0
DA:73,0
DA:88,0
DA:90,0
DA:94,0
DA:95,0
DA:98,0
DA:100,0
DA:104,0
DA:106,0
DA:107,0
DA:108,0
DA:112,0
LF:20
LH:0
BRDA:54,0,0,0
BRDA:64,1,0,0
BRDA:64,1,1,0
BRDA:66,2,0,0
BRDA:66,2,1,0
BRDA:68,3,0,0
BRDA:68,3,1,0
BRDA:94,4,0,0
BRDA:94,4,1,0
BRDA:95,5,0,0
BRDA:95,5,1,0
BRF:11
BRH:0
end_of_record
TN:
SF:src/Token/utils/get_label.ts
FN:9,(anonymous_0)
FNF:1
FNH:0
FNDA:0,(anonymous_0)
DA:9,0
DA:14,0
LF:2
LH:0
BRDA:18,0,0,0
BRDA:18,0,1,0
BRDA:19,1,0,0
BRDA:19,1,1,0
BRF:4
BRH:0
end_of_record
TN:
SF:src/TreeSelect/Field.tsx
FN:23,(anonymous_0)
FN:24,(anonymous_1)
FNF:2
FNH:2
FNDA:186,(anonymous_0)
FNDA:6,(anonymous_1)
DA:23,4
DA:24,186
DA:25,6
DA:33,186
DA:43,186
DA:47,186
LF:6
LH:6
BRDA:23,0,0,174
BRDA:25,1,0,6
BRDA:25,1,1,6
BRDA:56,2,0,18
BRDA:56,2,1,168
BRDA:59,3,0,186
BRDA:59,3,1,184
BRDA:61,4,0,186
BRDA:61,4,1,6
BRF:9
BRH:9
end_of_record
TN:
SF:src/TreeSelect/FieldSearch.tsx
FN:22,(anonymous_0)
FN:38,(anonymous_1)
FN:80,(anonymous_2)
FN:81,(anonymous_3)
FNF:4
FNH:4
FNDA:71,(anonymous_0)
FNDA:25,(anonymous_1)
FNDA:33,(anonymous_2)
FNDA:33,(anonymous_3)
DA:21,2
DA:33,71
DA:34,71
DA:38,71
DA:39,25
DA:40,6
DA:41,6
DA:42,6
DA:43,4
DA:44,4
DA:45,4
DA:52,71
DA:54,71
DA:80,33
DA:81,33
LF:15
LH:15
BRDA:39,0,0,6
BRDA:39,0,1,19
BRDA:40,1,0,6
BRDA:40,1,1,0
BRDA:41,2,0,0
BRDA:42,3,0,4
BRDA:42,3,1,2
BRDA:52,4,0,71
BRDA:52,4,1,28
BRDA:52,4,2,26
BRDA:52,4,3,26
BRDA:62,5,0,1
BRDA:62,5,1,70
BRDA:67,6,0,71
BRDA:67,6,1,6
BRF:15
BRH:13
end_of_record
TN:
SF:src/TreeSelect/NoMatchingFields.tsx
FN:11,(anonymous_0)
FNF:1
FNH:1
FNDA:3,(anonymous_0)
DA:11,2
DA:13,3
DA:14,3
DA:15,3
LF:4
LH:4
BRDA:17,0,0,2
BRDA:17,0,1,1
BRDA:18,1,0,2
BRDA:18,1,1,1
BRF:4
BRH:4
end_of_record
TN:
SF:src/TreeSelect/Section.tsx
FN:17,(anonymous_0)
FN:18,(anonymous_1)
FNF:2
FNH:2
FNDA:147,(anonymous_0)
FNDA:7,(anonymous_1)
DA:17,4
DA:18,147
DA:19,7
DA:28,147
DA:30,147
LF:5
LH:5
BRDA:21,0,0,7
BRDA:21,0,1,0
BRDA:32,1,0,147
BRDA:32,1,1,30
BRF:4
BRH:3
end_of_record
TN:
SF:src/TreeSelect/ShortcutTree.tsx
FN:21,(anonymous_0)
FN:23,(anonymous_1)
FN:36,(anonymous_2)
FNF:3
FNH:3
FNDA:6,(anonymous_0)
FNDA:12,(anonymous_1)
FNDA:6,(anonymous_2)
DA:20,2
DA:22,6
DA:24,12
DA:36,6
LF:4
LH:4
BRF:0
BRH:0
end_of_record
TN:
SF:src/TreeSelect/TreeResults.tsx
FN:56,(anonymous_0)
FN:71,(anonymous_1)
FN:77,(anonymous_2)
FN:80,(anonymous_3)
FN:94,(anonymous_4)
FN:103,(anonymous_5)
FNF:6
FNH:6
FNDA:73,(anonymous_0)
FNDA:53,(anonymous_1)
FNDA:42,(anonymous_2)
FNDA:278,(anonymous_3)
FNDA:4,(anonymous_4)
FNDA:5,(anonymous_5)
DA:56,2
DA:62,73
DA:64,73
DA:70,73
DA:71,53
DA:76,73
DA:77,73
DA:78,42
DA:79,37
DA:80,37
DA:81,278
DA:82,142
DA:83,142
DA:84,23
DA:88,37
DA:89,37
DA:90,37
DA:94,73
DA:98,4
DA:99,4
DA:103,73
DA:104,5
DA:105,5
DA:109,73
LF:24
LH:24
BRDA:71,0,0,53
BRDA:71,0,1,26
BRDA:78,1,0,37
BRDA:78,1,1,5
BRDA:81,2,0,142
BRDA:81,2,1,136
BRDA:83,3,0,23
BRDA:83,3,1,119
BRDA:83,4,0,142
BRDA:83,4,1,67
BRDA:98,5,0,4
BRDA:98,5,1,0
BRDA:104,6,0,5
BRDA:104,6,1,0
BRDA:109,7,0,3
BRDA:109,7,1,70
BRDA:113,8,0,70
BRDA:113,8,1,6
BRDA:116,9,0,70
BRDA:116,9,1,0
BRF:20
BRH:17
end_of_record
TN:
SF:src/TreeSelect/TreeSelect.tsx
FN:49,(anonymous_0)
FN:69,(anonymous_1)
FN:75,(anonymous_2)
FN:83,(anonymous_3)
FNF:4
FNH:4
FNDA:31,(anonymous_0)
FNDA:6,(anonymous_1)
FNDA:6,(anonymous_2)
FNDA:13,(anonymous_3)
DA:49,1
DA:61,31
DA:63,31
DA:64,31
DA:65,31
DA:67,31
DA:69,31
DA:70,6
DA:71,6
DA:75,31
DA:76,6
DA:77,2
DA:79,4
DA:83,31
DA:84,13
DA:88,31
DA:95,31
LF:17
LH:17
BRDA:55,0,0,21
BRDA:63,1,0,31
BRDA:63,1,1,30
BRDA:63,2,0,31
BRDA:63,2,1,0
BRDA:65,3,0,4
BRDA:65,3,1,27
BRDA:67,4,0,31
BRDA:67,4,1,27
BRDA:70,5,0,6
BRDA:70,5,1,0
BRDA:76,6,0,2
BRDA:76,6,1,4
BRDA:114,7,0,21
BRDA:114,7,1,10
BRF:15
BRH:13
end_of_record
TN:
SF:src/TreeSelect/TreeSelectContext.ts
FNF:0
FNH:0
DA:15,6
DA:17,6
LF:2
LH:2
BRF:0
BRH:0
end_of_record
TN:
SF:src/TreeSelect/utils/create_explore_views_tree.ts
FN:10,(anonymous_0)
FNF:1
FNH:1
FNDA:5,(anonymous_0)
DA:10,3
DA:13,5
DA:14,4
DA:15,4
DA:16,4
DA:18,0
LF:6
LH:5
BRDA:13,0,0,1
BRDA:13,0,1,4
BRDA:15,1,0,4
BRDA:15,1,1,0
BRDA:16,2,0,4
BRDA:16,2,1,0
BRF:6
BRH:4
end_of_record
TN:
SF:src/TreeSelect/utils/create_explores_tree.ts
FN:33,(anonymous_0)
FN:39,(anonymous_1)
FN:42,(anonymous_2)
FN:49,(anonymous_3)
FN:73,(anonymous_4)
FN:79,(anonymous_5)
FN:121,(anonymous_6)
FN:122,(anonymous_7)
FN:141,(anonymous_8)
FNF:9
FNH:9
FNDA:110,(anonymous_0)
FNDA:6,(anonymous_1)
FNDA:5,(anonymous_2)
FNDA:95,(anonymous_3)
FNDA:5,(anonymous_4)
FNDA:89,(anonymous_5)
FNDA:21,(anonymous_6)
FNDA:105,(anonymous_7)
FNDA:89,(anonymous_8)
DA:33,4
DA:34,110
DA:39,4
DA:42,6
DA:43,5
DA:49,95
DA:50,5
DA:51,5
DA:52,5
DA:73,4
DA:79,89
DA:121,4
DA:122,21
DA:123,105
DA:124,105
DA:141,4
DA:144,89
LF:17
LH:17
BRDA:44,0,0,5
BRDA:44,0,1,5
BRDA:44,0,2,0
BRDA:46,1,0,5
BRDA:46,1,1,2
BRDA:47,2,0,5
BRDA:47,2,1,2
BRDA:48,3,0,5
BRDA:48,3,1,5
BRDA:48,3,2,0
BRDA:49,4,0,95
BRDA:49,4,1,89
BRDA:50,5,0,5
BRDA:50,5,1,3
BRDA:50,5,2,0
BRDA:53,6,0,5
BRDA:53,6,1,2
BRDA:53,6,2,0
BRDA:86,7,0,36
BRDA:86,7,1,53
BRDA:87,8,0,33
BRDA:87,8,1,3
BRDA:87,9,0,36
BRDA:87,9,1,33
BRDA:94,10,0,33
BRDA:94,10,1,30
BRDA:110,11,0,53
BRDA:110,11,1,46
BRDA:128,12,0,16
BRDA:128,12,1,89
BRDA:153,13,0,89
BRDA:153,13,1,8
BRF:32
BRH:28
end_of_record
TN:
SF:src/TreeSelect/utils/find_field.ts
FN:14,(anonymous_0)
FN:18,(anonymous_1)
FNF:2
FNH:2
FNDA:5,(anonymous_0)
FNDA:5,(anonymous_1)
DA:14,3
DA:15,5
DA:16,2
DA:18,5
DA:19,2
DA:20,2
DA:22,2
DA:23,1
DA:25,2
LF:9
LH:9
BRDA:15,0,0,3
BRDA:15,0,1,2
BRDA:15,1,0,5
BRDA:15,1,1,4
BRDA:15,1,2,3
BRDA:19,2,0,2
BRDA:19,2,1,0
BRDA:22,3,0,1
BRDA:22,3,1,1
BRDA:22,4,0,2
BRDA:22,4,1,1
BRF:11
BRH:10
end_of_record
TN:
SF:src/TreeSelect/utils/find_field_in_tree.ts
FN:10,(anonymous_0)
FN:16,(anonymous_1)
FNF:2
FNH:2
FNDA:47,(anonymous_0)
FNDA:120,(anonymous_1)
DA:10,1
DA:14,47
DA:16,20
DA:17,120
DA:18,16
DA:20,104
DA:21,4
DA:22,100
DA:23,0
DA:26,120
DA:28,20
LF:11
LH:10
BRDA:14,0,0,27
BRDA:14,0,1,20
BRDA:17,1,0,16
BRDA:17,1,1,104
BRDA:20,2,0,4
BRDA:20,2,1,100
BRDA:20,3,0,104
BRDA:20,3,1,104
BRDA:22,4,0,0
BRDA:22,4,1,100
BRF:10
BRH:9
end_of_record
TN:
SF:src/TreeSelect/utils/generate_sections.tsx
FN:18,(anonymous_0)
FN:23,(anonymous_1)
FNF:2
FNH:2
FNDA:302,(anonymous_0)
FNDA:1691,(anonymous_1)
DA:18,3
DA:23,302
DA:25,1691
LF:3
LH:3
BRDA:25,0,0,278
BRDA:25,0,1,1413
BRDA:26,1,0,48
BRDA:26,1,1,230
BRDA:31,2,0,240
BRDA:31,2,1,1173
BRF:6
BRH:6
end_of_record
TN:
SF:src/TreeSelect/utils/get_leaves_from_trees.ts
FN:7,(anonymous_0)
FN:9,(anonymous_1)
FNF:2
FNH:2
FNDA:7,(anonymous_0)
FNDA:12,(anonymous_1)
DA:7,3
DA:8,7
DA:9,7
DA:10,12
DA:11,6
DA:12,6
DA:13,6
DA:16,7
LF:8
LH:8
BRDA:10,0,0,6
BRDA:10,0,1,6
BRDA:12,1,0,6
BRDA:12,1,1,0
BRF:4
BRH:3
end_of_record
TN:
SF:src/TreeSelect/utils/get_option.ts
FN:11,(anonymous_0)
FNF:1
FNH:1
FNDA:479,(anonymous_0)
DA:11,5
DA:12,479
LF:2
LH:2
BRDA:17,0,0,211
BRDA:17,0,1,268
BRDA:18,1,0,479
BRDA:18,1,1,10
BRF:4
BRH:4
end_of_record
TN:
SF:src/TreeSelect/utils/open_or_close_nodes.ts
FN:14,(anonymous_0)
FN:18,(anonymous_1)
FNF:2
FNH:2
FNDA:54,(anonymous_0)
FNDA:272,(anonymous_1)
DA:14,3
DA:18,54
DA:19,272
LF:3
LH:3
BRDA:19,0,0,44
BRDA:19,0,1,228
BRDA:22,1,0,9
BRDA:22,1,1,35
BRF:4
BRH:4
end_of_record
TN:
SF:src/TreeSelect/utils/search_tree.tsx
FN:17,(anonymous_0)
FN:22,(anonymous_1)
FN:30,(anonymous_2)
FN:49,(anonymous_3)
FN:63,(anonymous_4)
FN:64,(anonymous_5)
FNF:6
FNH:6
FNDA:257,(anonymous_0)
FNDA:1087,(anonymous_1)
FNDA:957,(anonymous_2)
FNDA:1088,(anonymous_3)
FNDA:30,(anonymous_4)
FNDA:47,(anonymous_5)
DA:17,3
DA:22,257
DA:24,1087
DA:26,1087
DA:28,1087
DA:29,206
DA:30,957
DA:32,206
DA:40,881
DA:49,3
DA:50,1088
DA:63,3
DA:64,47
LF:13
LH:13
BRDA:24,0,0,1087
BRDA:24,0,1,1086
BRDA:24,0,2,1055
BRDA:26,1,0,1
BRDA:26,1,1,1086
BRDA:28,2,0,206
BRDA:28,2,1,881
BRDA:34,3,0,206
BRDA:34,3,1,201
BRDA:35,4,0,206
BRDA:35,4,1,201
BRDA:35,4,2,168
BRDA:44,5,0,881
BRDA:44,5,1,846
BRDA:50,6,0,1088
BRDA:50,6,1,606
BRDA:64,7,0,30
BRDA:64,7,1,1
BRF:18
BRH:18
end_of_record
TN:
SF:src/TreeSelect/utils/use_tree_results_state.ts
FN:24,(anonymous_0)
FN:56,(anonymous_1)
FN:65,(anonymous_2)
FN:69,(anonymous_3)
FN:75,(anonymous_4)
FNF:5
FNH:5
FNDA:42,(anonymous_0)
FNDA:73,(anonymous_1)
FNDA:22,(anonymous_2)
FNDA:11,(anonymous_3)
FNDA:15,(anonymous_4)
DA:24,2
DA:28,42
DA:30,22
DA:32,22
DA:37,0
DA:39,11
DA:41,11
DA:43,0
DA:45,9
DA:47,9
DA:49,0
DA:56,2
DA:61,73
DA:65,73
DA:66,22
DA:69,73
DA:70,11
DA:71,11
DA:75,73
DA:76,15
DA:77,4
DA:81,73
LF:22
LH:19
BRDA:28,0,0,22
BRDA:28,0,1,11
BRDA:28,0,2,9
BRDA:30,1,0,22
BRDA:30,1,1,0
BRDA:39,2,0,11
BRDA:39,2,1,0
BRDA:45,3,0,9
BRDA:45,3,1,0
BRDA:45,4,0,9
BRDA:45,4,1,9
BRDA:70,5,0,11
BRDA:70,5,1,0
BRDA:76,6,0,4
BRDA:76,6,1,11
BRF:15
BRH:11
end_of_record
TN:
SF:src/TreeSelect/utils/use_tree_select_combobox_option.ts
FN:21,(anonymous_0)
FNF:1
FNH:1
FNDA:333,(anonymous_0)
DA:21,5
DA:25,333
DA:27,333
DA:28,333
DA:29,333
DA:33,333
DA:35,333
DA:37,333
LF:8
LH:8
BRDA:23,0,0,147
BRDA:44,1,0,176
BRDA:44,1,1,157
BRF:3
BRH:3
end_of_record
TN:
SF:src/locales/available_locales.ts
FNF:0
FNH:0
DA:6,2
LF:1
LH:1
BRF:0
BRH:0
end_of_record
TN:
SF:src/locales/i18n_resources.ts
FNF:0
FNH:0
DA:33,2
LF:1
LH:1
BRF:0
BRH:0
end_of_record
TN:
SF:src/locales/resources/cs-CZ.ts
FNF:0
FNH:0
DA:32,2
DA:253,2
LF:2
LH:2
BRF:0
BRH:0
end_of_record
TN:
SF:src/locales/resources/da-DK.ts
FNF:0
FNH:0
DA:32,2
DA:253,2
LF:2
LH:2
BRF:0
BRH:0
end_of_record
TN:
SF:src/locales/resources/de-DE.ts
FNF:0
FNH:0
DA:32,2
DA:253,2
LF:2
LH:2
BRF:0
BRH:0
end_of_record
TN:
SF:src/locales/resources/en.ts
FNF:0
FNH:0
DA:32,2
DA:253,2
LF:2
LH:2
BRF:0
BRH:0
end_of_record
TN:
SF:src/locales/resources/es-ES.ts
FNF:0
FNH:0
DA:32,2
DA:253,2
LF:2
LH:2
BRF:0
BRH:0
end_of_record
TN:
SF:src/locales/resources/fi-FI.ts
FNF:0
FNH:0
DA:32,2
DA:253,2
LF:2
LH:2
BRF:0
BRH:0
end_of_record
TN:
SF:src/locales/resources/fr-CA.ts
FNF:0
FNH:0
DA:32,2
DA:253,2
LF:2
LH:2
BRF:0
BRH:0
end_of_record
TN:
SF:src/locales/resources/fr-FR.ts
FNF:0
FNH:0
DA:32,2
DA:253,2
LF:2
LH:2
BRF:0
BRH:0
end_of_record
TN:
SF:src/locales/resources/he-IL.ts
FNF:0
FNH:0
DA:32,2
DA:252,2
LF:2
LH:2
BRF:0
BRH:0
end_of_record
TN:
SF:src/locales/resources/hi-IN.ts
FNF:0
FNH:0
DA:32,2
DA:253,2
LF:2
LH:2
BRF:0
BRH:0
end_of_record
TN:
SF:src/locales/resources/it-IT.ts
FNF:0
FNH:0
DA:32,2
DA:254,2
LF:2
LH:2
BRF:0
BRH:0
end_of_record
TN:
SF:src/locales/resources/ja-JP.ts
FNF:0
FNH:0
DA:32,2
DA:253,2
LF:2
LH:2
BRF:0
BRH:0
end_of_record
TN:
SF:src/locales/resources/ko-KR.ts
FNF:0
FNH:0
DA:32,2
DA:252,2
LF:2
LH:2
BRF:0
BRH:0
end_of_record
TN:
SF:src/locales/resources/lt-LT.ts
FNF:0
FNH:0
DA:32,2
DA:253,2
LF:2
LH:2
BRF:0
BRH:0
end_of_record
TN:
SF:src/locales/resources/nb-NO.ts
FNF:0
FNH:0
DA:32,2
DA:253,2
LF:2
LH:2
BRF:0
BRH:0
end_of_record
TN:
SF:src/locales/resources/nl-NL.ts
FNF:0
FNH:0
DA:32,2
DA:253,2
LF:2
LH:2
BRF:0
BRH:0
end_of_record
TN:
SF:src/locales/resources/pl-PL.ts
FNF:0
FNH:0
DA:32,2
DA:253,2
LF:2
LH:2
BRF:0
BRH:0
end_of_record
TN:
SF:src/locales/resources/pt-BR.ts
FNF:0
FNH:0
DA:32,2
DA:253,2
LF:2
LH:2
BRF:0
BRH:0
end_of_record
TN:
SF:src/locales/resources/pt-PT.ts
FNF:0
FNH:0
DA:32,2
DA:253,2
LF:2
LH:2
BRF:0
BRH:0
end_of_record
TN:
SF:src/locales/resources/ru-RU.ts
FNF:0
FNH:0
DA:32,2
DA:253,2
LF:2
LH:2
BRF:0
BRH:0
end_of_record
TN:
SF:src/locales/resources/sv-SE.ts
FNF:0
FNH:0
DA:32,2
DA:256,2
LF:2
LH:2
BRF:0
BRH:0
end_of_record
TN:
SF:src/locales/resources/th-TH.ts
FNF:0
FNH:0
DA:32,2
DA:253,2
LF:2
LH:2
BRF:0
BRH:0
end_of_record
TN:
SF:src/locales/resources/tr-TR.ts
FNF:0
FNH:0
DA:32,2
DA:253,2
LF:2
LH:2
BRF:0
BRH:0
end_of_record
TN:
SF:src/locales/resources/uk-UA.ts
FNF:0
FNH:0
DA:32,2
DA:253,2
LF:2
LH:2
BRF:0
BRH:0
end_of_record
TN:
SF:src/locales/resources/zh-CN.ts
FNF:0
FNH:0
DA:32,2
DA:252,2
LF:2
LH:2
BRF:0
BRH:0
end_of_record
TN:
SF:src/locales/resources/zh-TW.ts
FNF:0
FNH:0
DA:32,2
DA:252,2
LF:2
LH:2
BRF:0
BRH:0
end_of_record
TN:
SF:src/utils/i18n.ts
FN:16,i18nInit
FNF:1
FNH:0
FNDA:0,i18nInit
DA:23,0
DA:25,0
LF:2
LH:0
BRDA:16,0,0,0
BRDA:17,1,0,0
BRF:2
BRH:0
end_of_record
TN:
SF:src/utils/useTranslation.ts
FN:10,(anonymous_0)
FNF:1
FNH:1
FNDA:3,(anonymous_0)
DA:10,2
DA:14,3
LF:2
LH:2
BRF:0
BRH:0
end_of_record
