{"/usr/local/google/home/meredithdodge/helltool/packages/i18n/src/getDateLocale.ts": {"path":"/usr/local/google/home/meredithdodge/helltool/packages/i18n/src/getDateLocale.ts","statementMap":{"0":{"start":{"line":55,"column":31},"end":{"line":83,"column":10}},"1":{"start":{"line":87,"column":21},"end":{"line":89,"column":1}},"2":{"start":{"line":88,"column":2},"end":{"line":88,"column":31}},"3":{"start":{"line":95,"column":25},"end":{"line":97,"column":1}},"4":{"start":{"line":96,"column":2},"end":{"line":96,"column":62}}},"fnMap":{"0":{"name":"(anonymous_0)","decl":{"start":{"line":87,"column":21},"end":{"line":87,"column":22}},"loc":{"start":{"line":87,"column":58},"end":{"line":89,"column":1}},"line":87},"1":{"name":"(anonymous_1)","decl":{"start":{"line":95,"column":25},"end":{"line":95,"column":26}},"loc":{"start":{"line":95,"column":45},"end":{"line":97,"column":1}},"line":95}},"branchMap":{"0":{"loc":{"start":{"line":96,"column":9},"end":{"line":96,"column":62}},"type":"cond-expr","locations":[{"start":{"line":96,"column":32},"end":{"line":96,"column":55}},{"start":{"line":96,"column":58},"end":{"line":96,"column":62}}],"line":96}},"s":{"0":0,"1":0,"2":0,"3":0,"4":0},"f":{"0":0,"1":0},"b":{"0":[0,0]}}
,"/usr/local/google/home/meredithdodge/helltool/packages/i18n/src/i18nInit.ts": {"path":"/usr/local/google/home/meredithdodge/helltool/packages/i18n/src/i18nInit.ts","statementMap":{"0":{"start":{"line":31,"column":44},"end":{"line":48,"column":1}},"1":{"start":{"line":40,"column":4},"end":{"line":44,"column":5}},"2":{"start":{"line":41,"column":6},"end":{"line":43,"column":7}},"3":{"start":{"line":50,"column":26},"end":{"line":62,"column":1}},"4":{"start":{"line":51,"column":2},"end":{"line":58,"column":3}},"5":{"start":{"line":52,"column":4},"end":{"line":57,"column":6}},"6":{"start":{"line":53,"column":28},"end":{"line":53,"column":42}},"7":{"start":{"line":54,"column":6},"end":{"line":56,"column":8}},"8":{"start":{"line":55,"column":8},"end":{"line":55,"column":61}},"9":{"start":{"line":59,"column":2},"end":{"line":61,"column":3}},"10":{"start":{"line":60,"column":4},"end":{"line":60,"column":34}},"11":{"start":{"line":65,"column":2},"end":{"line":67,"column":3}},"12":{"start":{"line":66,"column":4},"end":{"line":66,"column":23}},"13":{"start":{"line":68,"column":2},"end":{"line":73,"column":4}},"14":{"start":{"line":74,"column":2},"end":{"line":74,"column":16}}},"fnMap":{"0":{"name":"(anonymous_0)","decl":{"start":{"line":39,"column":21},"end":{"line":39,"column":22}},"loc":{"start":{"line":39,"column":71},"end":{"line":45,"column":3}},"line":39},"1":{"name":"(anonymous_1)","decl":{"start":{"line":50,"column":26},"end":{"line":50,"column":27}},"loc":{"start":{"line":50,"column":73},"end":{"line":62,"column":1}},"line":50},"2":{"name":"(anonymous_2)","decl":{"start":{"line":52,"column":35},"end":{"line":52,"column":36}},"loc":{"start":{"line":52,"column":52},"end":{"line":57,"column":5}},"line":52},"3":{"name":"(anonymous_3)","decl":{"start":{"line":54,"column":41},"end":{"line":54,"column":42}},"loc":{"start":{"line":54,"column":57},"end":{"line":56,"column":7}},"line":54},"4":{"name":"i18nInit","decl":{"start":{"line":64,"column":22},"end":{"line":64,"column":30}},"loc":{"start":{"line":64,"column":51},"end":{"line":75,"column":1}},"line":64}},"branchMap":{"0":{"loc":{"start":{"line":40,"column":4},"end":{"line":44,"column":5}},"type":"if","locations":[{"start":{"line":40,"column":4},"end":{"line":44,"column":5}},{"start":{},"end":{}}],"line":40},"1":{"loc":{"start":{"line":51,"column":2},"end":{"line":58,"column":3}},"type":"if","locations":[{"start":{"line":51,"column":2},"end":{"line":58,"column":3}},{"start":{},"end":{}}],"line":51},"2":{"loc":{"start":{"line":59,"column":2},"end":{"line":61,"column":3}},"type":"if","locations":[{"start":{"line":59,"column":2},"end":{"line":61,"column":3}},{"start":{},"end":{}}],"line":59},"3":{"loc":{"start":{"line":59,"column":6},"end":{"line":59,"column":43}},"type":"binary-expr","locations":[{"start":{"line":59,"column":6},"end":{"line":59,"column":12}},{"start":{"line":59,"column":16},"end":{"line":59,"column":43}}],"line":59},"4":{"loc":{"start":{"line":65,"column":2},"end":{"line":67,"column":3}},"type":"if","locations":[{"start":{"line":65,"column":2},"end":{"line":67,"column":3}},{"start":{},"end":{}}],"line":65}},"s":{"0":1,"1":0,"2":0,"3":1,"4":0,"5":0,"6":0,"7":0,"8":0,"9":0,"10":0,"11":1,"12":0,"13":1,"14":1},"f":{"0":0,"1":0,"2":0,"3":0,"4":1},"b":{"0":[0,0],"1":[0,0],"2":[0,0],"3":[0,0],"4":[0,1]},"_coverageSchema":"1a1c01bbd47fc00a2c39e90264f33305004495a9","hash":"9bd77aebe8b40673ff44be7e7b40ce5dc0d20dd5"}
,"/usr/local/google/home/meredithdodge/helltool/packages/i18n/src/i18nInitComponents.ts": {"path":"/usr/local/google/home/meredithdodge/helltool/packages/i18n/src/i18nInitComponents.ts","statementMap":{"0":{"start":{"line":34,"column":54},"end":{"line":39,"column":1}},"1":{"start":{"line":42,"column":25},"end":{"line":42,"column":31}},"2":{"start":{"line":43,"column":22},"end":{"line":47,"column":1}},"3":{"start":{"line":44,"column":2},"end":{"line":46,"column":3}},"4":{"start":{"line":45,"column":4},"end":{"line":45,"column":28}},"5":{"start":{"line":51,"column":29},"end":{"line":53,"column":1}},"6":{"start":{"line":52,"column":2},"end":{"line":52,"column":19}},"7":{"start":{"line":64,"column":2},"end":{"line":64,"column":27}},"8":{"start":{"line":65,"column":2},"end":{"line":74,"column":3}},"9":{"start":{"line":66,"column":4},"end":{"line":66,"column":37}},"10":{"start":{"line":67,"column":4},"end":{"line":67,"column":18}},"11":{"start":{"line":69,"column":4},"end":{"line":73,"column":6}}},"fnMap":{"0":{"name":"(anonymous_0)","decl":{"start":{"line":43,"column":22},"end":{"line":43,"column":23}},"loc":{"start":{"line":43,"column":48},"end":{"line":47,"column":1}},"line":43},"1":{"name":"(anonymous_1)","decl":{"start":{"line":51,"column":29},"end":{"line":51,"column":30}},"loc":{"start":{"line":51,"column":35},"end":{"line":53,"column":1}},"line":51},"2":{"name":"i18nInitComponents","decl":{"start":{"line":59,"column":22},"end":{"line":59,"column":40}},"loc":{"start":{"line":63,"column":32},"end":{"line":75,"column":1}},"line":63}},"branchMap":{"0":{"loc":{"start":{"line":44,"column":2},"end":{"line":46,"column":3}},"type":"if","locations":[{"start":{"line":44,"column":2},"end":{"line":46,"column":3}},{"start":{},"end":{}}],"line":44},"1":{"loc":{"start":{"line":65,"column":2},"end":{"line":74,"column":3}},"type":"if","locations":[{"start":{"line":65,"column":2},"end":{"line":74,"column":3}},{"start":{"line":68,"column":9},"end":{"line":74,"column":3}}],"line":65}},"s":{"0":0,"1":0,"2":0,"3":0,"4":0,"5":0,"6":0,"7":0,"8":0,"9":0,"10":0,"11":0},"f":{"0":0,"1":0,"2":0},"b":{"0":[0,0],"1":[0,0]}}
,"/usr/local/google/home/meredithdodge/helltool/packages/i18n/src/useTranslationBase.ts": {"path":"/usr/local/google/home/meredithdodge/helltool/packages/i18n/src/useTranslationBase.ts","statementMap":{"0":{"start":{"line":33,"column":34},"end":{"line":46,"column":1}},"1":{"start":{"line":38,"column":25},"end":{"line":38,"column":78}},"2":{"start":{"line":39,"column":15},"end":{"line":39,"column":61}},"3":{"start":{"line":41,"column":4},"end":{"line":41,"column":69}},"4":{"start":{"line":42,"column":2},"end":{"line":44,"column":3}},"5":{"start":{"line":43,"column":4},"end":{"line":43,"column":26}},"6":{"start":{"line":45,"column":2},"end":{"line":45,"column":40}}},"fnMap":{"0":{"name":"(anonymous_0)","decl":{"start":{"line":33,"column":34},"end":{"line":33,"column":35}},"loc":{"start":{"line":37,"column":5},"end":{"line":46,"column":1}},"line":37}},"branchMap":{"0":{"loc":{"start":{"line":38,"column":25},"end":{"line":38,"column":78}},"type":"binary-expr","locations":[{"start":{"line":38,"column":25},"end":{"line":38,"column":37}},{"start":{"line":38,"column":41},"end":{"line":38,"column":78}}],"line":38},"1":{"loc":{"start":{"line":38,"column":53},"end":{"line":38,"column":74}},"type":"binary-expr","locations":[{"start":{"line":38,"column":53},"end":{"line":38,"column":68}},{"start":{"line":38,"column":72},"end":{"line":38,"column":74}}],"line":38},"2":{"loc":{"start":{"line":39,"column":15},"end":{"line":39,"column":61}},"type":"binary-expr","locations":[{"start":{"line":39,"column":15},"end":{"line":39,"column":32}},{"start":{"line":39,"column":36},"end":{"line":39,"column":61}}],"line":39},"3":{"loc":{"start":{"line":41,"column":4},"end":{"line":41,"column":69}},"type":"binary-expr","locations":[{"start":{"line":41,"column":4},"end":{"line":41,"column":18}},{"start":{"line":41,"column":22},"end":{"line":41,"column":69}}],"line":41},"4":{"loc":{"start":{"line":42,"column":2},"end":{"line":44,"column":3}},"type":"if","locations":[{"start":{"line":42,"column":2},"end":{"line":44,"column":3}},{"start":{},"end":{}}],"line":42},"5":{"loc":{"start":{"line":42,"column":6},"end":{"line":42,"column":32}},"type":"binary-expr","locations":[{"start":{"line":42,"column":6},"end":{"line":42,"column":10}},{"start":{"line":42,"column":14},"end":{"line":42,"column":32}}],"line":42}},"s":{"0":0,"1":0,"2":0,"3":0,"4":0,"5":0,"6":0},"f":{"0":0},"b":{"0":[0,0],"1":[0,0],"2":[0,0],"3":[0,0],"4":[0,0],"5":[0,0]}}
}
